{"C:\\Users\\prerna.bhise\\Documents\\NodeJS_Assignment2\\src\\common\\constants\\mailTemplate.js": {"path":"C:\\Users\\prerna.bhise\\Documents\\NodeJS_Assignment2\\src\\common\\constants\\mailTemplate.js","statementMap":{"0":{"start":{"line":1,"column":20},"end":{"line":16,"column":1}},"1":{"start":{"line":2,"column":2},"end":{"line":15,"column":4}},"2":{"start":{"line":18,"column":26},"end":{"line":44,"column":1}},"3":{"start":{"line":19,"column":2},"end":{"line":43,"column":4}},"4":{"start":{"line":48,"column":25},"end":{"line":61,"column":1}},"5":{"start":{"line":49,"column":2},"end":{"line":60,"column":7}},"6":{"start":{"line":63,"column":31},"end":{"line":84,"column":1}},"7":{"start":{"line":64,"column":2},"end":{"line":82,"column":9}},"8":{"start":{"line":85,"column":32},"end":{"line":101,"column":1}},"9":{"start":{"line":86,"column":2},"end":{"line":100,"column":4}},"10":{"start":{"line":102,"column":34},"end":{"line":123,"column":1}},"11":{"start":{"line":103,"column":2},"end":{"line":122,"column":9}},"12":{"start":{"line":125,"column":21},"end":{"line":150,"column":1}},"13":{"start":{"line":127,"column":2},"end":{"line":149,"column":8}}},"fnMap":{"0":{"name":"(anonymous_0)","decl":{"start":{"line":1,"column":20},"end":{"line":1,"column":21}},"loc":{"start":{"line":1,"column":35},"end":{"line":16,"column":1}},"line":1},"1":{"name":"(anonymous_1)","decl":{"start":{"line":18,"column":26},"end":{"line":18,"column":27}},"loc":{"start":{"line":18,"column":42},"end":{"line":44,"column":1}},"line":18},"2":{"name":"(anonymous_2)","decl":{"start":{"line":48,"column":25},"end":{"line":48,"column":26}},"loc":{"start":{"line":48,"column":31},"end":{"line":61,"column":1}},"line":48},"3":{"name":"(anonymous_3)","decl":{"start":{"line":63,"column":31},"end":{"line":63,"column":32}},"loc":{"start":{"line":63,"column":94},"end":{"line":84,"column":1}},"line":63},"4":{"name":"(anonymous_4)","decl":{"start":{"line":85,"column":32},"end":{"line":85,"column":33}},"loc":{"start":{"line":85,"column":38},"end":{"line":101,"column":1}},"line":85},"5":{"name":"(anonymous_5)","decl":{"start":{"line":102,"column":34},"end":{"line":102,"column":35}},"loc":{"start":{"line":102,"column":105},"end":{"line":123,"column":1}},"line":102},"6":{"name":"(anonymous_6)","decl":{"start":{"line":125,"column":21},"end":{"line":125,"column":22}},"loc":{"start":{"line":125,"column":67},"end":{"line":150,"column":1}},"line":125}},"branchMap":{},"s":{"0":4,"1":0,"2":4,"3":1,"4":4,"5":0,"6":4,"7":0,"8":4,"9":0,"10":4,"11":0,"12":4,"13":3},"f":{"0":0,"1":1,"2":0,"3":0,"4":0,"5":0,"6":3},"b":{},"_coverageSchema":"1a1c01bbd47fc00a2c39e90264f33305004495a9","hash":"d691324a7e3f6be2736e769cbab4e879c1e513a9"}
,"C:\\Users\\prerna.bhise\\Documents\\NodeJS_Assignment2\\src\\common\\constants\\pathConstant.js": {"path":"C:\\Users\\prerna.bhise\\Documents\\NodeJS_Assignment2\\src\\common\\constants\\pathConstant.js","statementMap":{"0":{"start":{"line":1,"column":26},"end":{"line":1,"column":76}}},"fnMap":{},"branchMap":{},"s":{"0":2},"f":{},"b":{},"_coverageSchema":"1a1c01bbd47fc00a2c39e90264f33305004495a9","hash":"ff0e9b8e09cd699a3034c851a0fd716643970fe5"}
,"C:\\Users\\prerna.bhise\\Documents\\NodeJS_Assignment2\\src\\common\\constants\\response.js": {"path":"C:\\Users\\prerna.bhise\\Documents\\NodeJS_Assignment2\\src\\common\\constants\\response.js","statementMap":{"0":{"start":{"line":10,"column":2},"end":{"line":10,"column":19}},"1":{"start":{"line":11,"column":29},"end":{"line":11,"column":48}},"2":{"start":{"line":30,"column":4},"end":{"line":30,"column":17}},"3":{"start":{"line":50,"column":4},"end":{"line":50,"column":19}},"4":{"start":{"line":52,"column":30},"end":{"line":92,"column":1}}},"fnMap":{},"branchMap":{},"s":{"0":5,"1":5,"2":5,"3":5,"4":5},"f":{},"b":{},"_coverageSchema":"1a1c01bbd47fc00a2c39e90264f33305004495a9","hash":"a62d6f52b2806fa798f50d952750c78a854eaf41"}
,"C:\\Users\\prerna.bhise\\Documents\\NodeJS_Assignment2\\src\\common\\constants\\statusConstant.js": {"path":"C:\\Users\\prerna.bhise\\Documents\\NodeJS_Assignment2\\src\\common\\constants\\statusConstant.js","statementMap":{"0":{"start":{"line":1,"column":26},"end":{"line":8,"column":1}},"1":{"start":{"line":9,"column":28},"end":{"line":12,"column":1}},"2":{"start":{"line":13,"column":22},"end":{"line":51,"column":1}},"3":{"start":{"line":53,"column":24},"end":{"line":97,"column":1}}},"fnMap":{},"branchMap":{},"s":{"0":6,"1":6,"2":6,"3":6},"f":{},"b":{},"_coverageSchema":"1a1c01bbd47fc00a2c39e90264f33305004495a9","hash":"50505fbe3b23223f6571a01c085c56b3cbed820c"}
,"C:\\Users\\prerna.bhise\\Documents\\NodeJS_Assignment2\\src\\common\\utility\\approveAppointment.js": {"path":"C:\\Users\\prerna.bhise\\Documents\\NodeJS_Assignment2\\src\\common\\utility\\approveAppointment.js","statementMap":{"0":{"start":{"line":3,"column":23},"end":{"line":20,"column":1}},"1":{"start":{"line":4,"column":2},"end":{"line":19,"column":3}},"2":{"start":{"line":5,"column":24},"end":{"line":10,"column":5}},"3":{"start":{"line":12,"column":4},"end":{"line":12,"column":44}},"4":{"start":{"line":14,"column":4},"end":{"line":14,"column":55}},"5":{"start":{"line":17,"column":4},"end":{"line":17,"column":43}},"6":{"start":{"line":18,"column":4},"end":{"line":18,"column":45}}},"fnMap":{"0":{"name":"(anonymous_0)","decl":{"start":{"line":3,"column":23},"end":{"line":3,"column":24}},"loc":{"start":{"line":3,"column":102},"end":{"line":20,"column":1}},"line":3}},"branchMap":{},"s":{"0":1,"1":0,"2":0,"3":0,"4":0,"5":0,"6":0},"f":{"0":0},"b":{},"_coverageSchema":"1a1c01bbd47fc00a2c39e90264f33305004495a9","hash":"4cdb230fbb6db4830bc74ac8992b5828fb913fc4"}
,"C:\\Users\\prerna.bhise\\Documents\\NodeJS_Assignment2\\src\\common\\utility\\cancelledAppointment.js": {"path":"C:\\Users\\prerna.bhise\\Documents\\NodeJS_Assignment2\\src\\common\\utility\\cancelledAppointment.js","statementMap":{"0":{"start":{"line":3,"column":29},"end":{"line":21,"column":1}},"1":{"start":{"line":5,"column":2},"end":{"line":20,"column":3}},"2":{"start":{"line":6,"column":24},"end":{"line":11,"column":5}},"3":{"start":{"line":13,"column":4},"end":{"line":13,"column":44}},"4":{"start":{"line":15,"column":4},"end":{"line":15,"column":52}},"5":{"start":{"line":18,"column":4},"end":{"line":18,"column":43}},"6":{"start":{"line":19,"column":4},"end":{"line":19,"column":45}}},"fnMap":{"0":{"name":"(anonymous_0)","decl":{"start":{"line":3,"column":29},"end":{"line":3,"column":30}},"loc":{"start":{"line":3,"column":112},"end":{"line":21,"column":1}},"line":3}},"branchMap":{},"s":{"0":1,"1":0,"2":0,"3":0,"4":0,"5":0,"6":0},"f":{"0":0},"b":{},"_coverageSchema":"1a1c01bbd47fc00a2c39e90264f33305004495a9","hash":"b40518640ecf9acb45566e789b15a6f88d41c432"}
,"C:\\Users\\prerna.bhise\\Documents\\NodeJS_Assignment2\\src\\common\\utility\\createPrescription.js": {"path":"C:\\Users\\prerna.bhise\\Documents\\NodeJS_Assignment2\\src\\common\\utility\\createPrescription.js","statementMap":{"0":{"start":{"line":1,"column":27},"end":{"line":117,"column":1}},"1":{"start":{"line":2,"column":20},"end":{"line":2,"column":22}},"2":{"start":{"line":4,"column":4},"end":{"line":41,"column":5}},"3":{"start":{"line":4,"column":17},"end":{"line":4,"column":18}},"4":{"start":{"line":5,"column":30},"end":{"line":11,"column":36}},"5":{"start":{"line":13,"column":32},"end":{"line":19,"column":36}},"6":{"start":{"line":21,"column":30},"end":{"line":29,"column":36}},"7":{"start":{"line":31,"column":8},"end":{"line":40,"column":10}},"8":{"start":{"line":43,"column":4},"end":{"line":116,"column":6}}},"fnMap":{"0":{"name":"(anonymous_0)","decl":{"start":{"line":1,"column":27},"end":{"line":1,"column":28}},"loc":{"start":{"line":1,"column":119},"end":{"line":117,"column":1}},"line":1}},"branchMap":{"0":{"loc":{"start":{"line":5,"column":30},"end":{"line":11,"column":36}},"type":"cond-expr","locations":[{"start":{"line":6,"column":14},"end":{"line":6,"column":37}},{"start":{"line":7,"column":15},"end":{"line":11,"column":35}}],"line":5},"1":{"loc":{"start":{"line":7,"column":15},"end":{"line":11,"column":35}},"type":"cond-expr","locations":[{"start":{"line":8,"column":18},"end":{"line":8,"column":22}},{"start":{"line":9,"column":19},"end":{"line":11,"column":34}}],"line":7},"2":{"loc":{"start":{"line":9,"column":19},"end":{"line":11,"column":34}},"type":"cond-expr","locations":[{"start":{"line":10,"column":22},"end":{"line":10,"column":35}},{"start":{"line":11,"column":22},"end":{"line":11,"column":34}}],"line":9},"3":{"loc":{"start":{"line":13,"column":32},"end":{"line":19,"column":36}},"type":"cond-expr","locations":[{"start":{"line":14,"column":14},"end":{"line":14,"column":37}},{"start":{"line":15,"column":15},"end":{"line":19,"column":35}}],"line":13},"4":{"loc":{"start":{"line":15,"column":15},"end":{"line":19,"column":35}},"type":"cond-expr","locations":[{"start":{"line":16,"column":18},"end":{"line":16,"column":22}},{"start":{"line":17,"column":17},"end":{"line":19,"column":34}}],"line":15},"5":{"loc":{"start":{"line":17,"column":17},"end":{"line":19,"column":34}},"type":"cond-expr","locations":[{"start":{"line":18,"column":22},"end":{"line":18,"column":35}},{"start":{"line":19,"column":22},"end":{"line":19,"column":34}}],"line":17},"6":{"loc":{"start":{"line":21,"column":30},"end":{"line":29,"column":36}},"type":"cond-expr","locations":[{"start":{"line":22,"column":14},"end":{"line":22,"column":37}},{"start":{"line":23,"column":15},"end":{"line":29,"column":35}}],"line":21},"7":{"loc":{"start":{"line":23,"column":15},"end":{"line":29,"column":35}},"type":"cond-expr","locations":[{"start":{"line":24,"column":18},"end":{"line":24,"column":22}},{"start":{"line":27,"column":17},"end":{"line":29,"column":34}}],"line":23},"8":{"loc":{"start":{"line":27,"column":17},"end":{"line":29,"column":34}},"type":"cond-expr","locations":[{"start":{"line":28,"column":22},"end":{"line":28,"column":35}},{"start":{"line":29,"column":22},"end":{"line":29,"column":34}}],"line":27}},"s":{"0":1,"1":0,"2":0,"3":0,"4":0,"5":0,"6":0,"7":0,"8":0},"f":{"0":0},"b":{"0":[0,0],"1":[0,0],"2":[0,0],"3":[0,0],"4":[0,0],"5":[0,0],"6":[0,0],"7":[0,0],"8":[0,0]},"_coverageSchema":"1a1c01bbd47fc00a2c39e90264f33305004495a9","hash":"cc9f54b0a8bee6cc75e414cb5a323bba2ddbb4e9"}
,"C:\\Users\\prerna.bhise\\Documents\\NodeJS_Assignment2\\src\\common\\utility\\handlers.js": {"path":"C:\\Users\\prerna.bhise\\Documents\\NodeJS_Assignment2\\src\\common\\utility\\handlers.js","statementMap":{"0":{"start":{"line":3,"column":4},"end":{"line":3,"column":21}},"1":{"start":{"line":4,"column":4},"end":{"line":4,"column":25}},"2":{"start":{"line":10,"column":4},"end":{"line":10,"column":25}},"3":{"start":{"line":11,"column":4},"end":{"line":11,"column":27}},"4":{"start":{"line":16,"column":4},"end":{"line":16,"column":25}},"5":{"start":{"line":17,"column":4},"end":{"line":17,"column":27}},"6":{"start":{"line":18,"column":4},"end":{"line":18,"column":21}},"7":{"start":{"line":19,"column":4},"end":{"line":19,"column":21}}},"fnMap":{"0":{"name":"(anonymous_0)","decl":{"start":{"line":2,"column":2},"end":{"line":2,"column":3}},"loc":{"start":{"line":2,"column":28},"end":{"line":5,"column":3}},"line":2},"1":{"name":"(anonymous_1)","decl":{"start":{"line":9,"column":2},"end":{"line":9,"column":3}},"loc":{"start":{"line":9,"column":37},"end":{"line":12,"column":3}},"line":9},"2":{"name":"(anonymous_2)","decl":{"start":{"line":15,"column":2},"end":{"line":15,"column":3}},"loc":{"start":{"line":15,"column":48},"end":{"line":21,"column":3}},"line":15}},"branchMap":{"0":{"loc":{"start":{"line":15,"column":36},"end":{"line":15,"column":46}},"type":"default-arg","locations":[{"start":{"line":15,"column":42},"end":{"line":15,"column":46}}],"line":15}},"s":{"0":0,"1":0,"2":72,"3":72,"4":0,"5":0,"6":0,"7":0},"f":{"0":0,"1":72,"2":0},"b":{"0":[0]},"_coverageSchema":"1a1c01bbd47fc00a2c39e90264f33305004495a9","hash":"48177b139523cb13e7f08659c1755c350cc9c415"}
,"C:\\Users\\prerna.bhise\\Documents\\NodeJS_Assignment2\\src\\common\\utility\\otpMail.js": {"path":"C:\\Users\\prerna.bhise\\Documents\\NodeJS_Assignment2\\src\\common\\utility\\otpMail.js","statementMap":{"0":{"start":{"line":4,"column":23},"end":{"line":19,"column":1}},"1":{"start":{"line":5,"column":2},"end":{"line":18,"column":3}},"2":{"start":{"line":6,"column":24},"end":{"line":11,"column":5}},"3":{"start":{"line":13,"column":4},"end":{"line":13,"column":44}},"4":{"start":{"line":14,"column":4},"end":{"line":14,"column":47}},"5":{"start":{"line":16,"column":4},"end":{"line":16,"column":47}},"6":{"start":{"line":17,"column":4},"end":{"line":17,"column":48}}},"fnMap":{"0":{"name":"(anonymous_0)","decl":{"start":{"line":4,"column":23},"end":{"line":4,"column":24}},"loc":{"start":{"line":4,"column":51},"end":{"line":19,"column":1}},"line":4}},"branchMap":{},"s":{"0":1,"1":0,"2":0,"3":0,"4":0,"5":0,"6":0},"f":{"0":0},"b":{},"_coverageSchema":"1a1c01bbd47fc00a2c39e90264f33305004495a9","hash":"545fb068b2de1a0509b762467a8ef4514f822953"}
,"C:\\Users\\prerna.bhise\\Documents\\NodeJS_Assignment2\\src\\common\\utility\\prescriptionPdf.js": {"path":"C:\\Users\\prerna.bhise\\Documents\\NodeJS_Assignment2\\src\\common\\utility\\prescriptionPdf.js","statementMap":{"0":{"start":{"line":4,"column":20},"end":{"line":21,"column":1}},"1":{"start":{"line":5,"column":20},"end":{"line":7,"column":6}},"2":{"start":{"line":8,"column":17},"end":{"line":8,"column":40}},"3":{"start":{"line":9,"column":4},"end":{"line":9,"column":44}},"4":{"start":{"line":10,"column":4},"end":{"line":12,"column":7}},"5":{"start":{"line":11,"column":8},"end":{"line":11,"column":27}},"6":{"start":{"line":14,"column":29},"end":{"line":14,"column":153}},"7":{"start":{"line":15,"column":4},"end":{"line":15,"column":44}},"8":{"start":{"line":17,"column":22},"end":{"line":17,"column":54}},"9":{"start":{"line":18,"column":4},"end":{"line":18,"column":26}},"10":{"start":{"line":20,"column":4},"end":{"line":20,"column":21}}},"fnMap":{"0":{"name":"(anonymous_0)","decl":{"start":{"line":4,"column":20},"end":{"line":4,"column":21}},"loc":{"start":{"line":4,"column":136},"end":{"line":21,"column":1}},"line":4},"1":{"name":"(anonymous_1)","decl":{"start":{"line":10,"column":23},"end":{"line":10,"column":24}},"loc":{"start":{"line":10,"column":36},"end":{"line":12,"column":5}},"line":10}},"branchMap":{},"s":{"0":1,"1":0,"2":0,"3":0,"4":0,"5":0,"6":0,"7":0,"8":0,"9":0,"10":0},"f":{"0":0,"1":0},"b":{},"_coverageSchema":"1a1c01bbd47fc00a2c39e90264f33305004495a9","hash":"29d69023c56aa5bd091b4ac4c64ea832f8763610"}
,"C:\\Users\\prerna.bhise\\Documents\\NodeJS_Assignment2\\src\\common\\utility\\sendPrescription.js": {"path":"C:\\Users\\prerna.bhise\\Documents\\NodeJS_Assignment2\\src\\common\\utility\\sendPrescription.js","statementMap":{"0":{"start":{"line":3,"column":25},"end":{"line":25,"column":1}},"1":{"start":{"line":4,"column":2},"end":{"line":24,"column":3}},"2":{"start":{"line":5,"column":24},"end":{"line":16,"column":5}},"3":{"start":{"line":18,"column":4},"end":{"line":18,"column":44}},"4":{"start":{"line":20,"column":4},"end":{"line":20,"column":56}},"5":{"start":{"line":22,"column":4},"end":{"line":22,"column":62}},"6":{"start":{"line":23,"column":4},"end":{"line":23,"column":57}}},"fnMap":{"0":{"name":"(anonymous_0)","decl":{"start":{"line":3,"column":25},"end":{"line":3,"column":26}},"loc":{"start":{"line":3,"column":57},"end":{"line":25,"column":1}},"line":3}},"branchMap":{},"s":{"0":1,"1":0,"2":0,"3":0,"4":0,"5":0,"6":0},"f":{"0":0},"b":{},"_coverageSchema":"1a1c01bbd47fc00a2c39e90264f33305004495a9","hash":"32918f98a4fc8ce3341ee9fada520eb4cd5e229c"}
,"C:\\Users\\prerna.bhise\\Documents\\NodeJS_Assignment2\\src\\common\\utility\\sendRegisterCode.js": {"path":"C:\\Users\\prerna.bhise\\Documents\\NodeJS_Assignment2\\src\\common\\utility\\sendRegisterCode.js","statementMap":{"0":{"start":{"line":3,"column":25},"end":{"line":21,"column":1}},"1":{"start":{"line":5,"column":2},"end":{"line":20,"column":3}},"2":{"start":{"line":6,"column":24},"end":{"line":11,"column":5}},"3":{"start":{"line":13,"column":4},"end":{"line":13,"column":44}},"4":{"start":{"line":15,"column":4},"end":{"line":15,"column":48}},"5":{"start":{"line":18,"column":4},"end":{"line":18,"column":43}},"6":{"start":{"line":19,"column":4},"end":{"line":19,"column":45}}},"fnMap":{"0":{"name":"(anonymous_0)","decl":{"start":{"line":3,"column":25},"end":{"line":3,"column":26}},"loc":{"start":{"line":3,"column":77},"end":{"line":21,"column":1}},"line":3}},"branchMap":{},"s":{"0":1,"1":3,"2":3,"3":3,"4":3,"5":0,"6":0},"f":{"0":3},"b":{},"_coverageSchema":"1a1c01bbd47fc00a2c39e90264f33305004495a9","hash":"121cab0ba2456fa10cfab00af79ee1e3c854bcd2"}
,"C:\\Users\\prerna.bhise\\Documents\\NodeJS_Assignment2\\src\\common\\utility\\sendUpdatePrescriptionEmail.js": {"path":"C:\\Users\\prerna.bhise\\Documents\\NodeJS_Assignment2\\src\\common\\utility\\sendUpdatePrescriptionEmail.js","statementMap":{"0":{"start":{"line":4,"column":36},"end":{"line":24,"column":1}},"1":{"start":{"line":5,"column":4},"end":{"line":23,"column":5}},"2":{"start":{"line":6,"column":24},"end":{"line":17,"column":5}},"3":{"start":{"line":20,"column":8},"end":{"line":20,"column":48}},"4":{"start":{"line":22,"column":8},"end":{"line":22,"column":53}}},"fnMap":{"0":{"name":"(anonymous_0)","decl":{"start":{"line":4,"column":36},"end":{"line":4,"column":37}},"loc":{"start":{"line":4,"column":70},"end":{"line":24,"column":1}},"line":4}},"branchMap":{},"s":{"0":1,"1":0,"2":0,"3":0,"4":0},"f":{"0":0},"b":{},"_coverageSchema":"1a1c01bbd47fc00a2c39e90264f33305004495a9","hash":"90aa0da6e3a36ef6e1cbb8e2356b108908e5dddc"}
,"C:\\Users\\prerna.bhise\\Documents\\NodeJS_Assignment2\\src\\common\\utility\\sendVerificationEmail.js": {"path":"C:\\Users\\prerna.bhise\\Documents\\NodeJS_Assignment2\\src\\common\\utility\\sendVerificationEmail.js","statementMap":{"0":{"start":{"line":3,"column":30},"end":{"line":19,"column":1}},"1":{"start":{"line":4,"column":2},"end":{"line":18,"column":3}},"2":{"start":{"line":5,"column":22},"end":{"line":10,"column":3}},"3":{"start":{"line":13,"column":4},"end":{"line":13,"column":44}},"4":{"start":{"line":14,"column":4},"end":{"line":14,"column":56}},"5":{"start":{"line":16,"column":4},"end":{"line":16,"column":49}},"6":{"start":{"line":17,"column":4},"end":{"line":17,"column":57}}},"fnMap":{"0":{"name":"(anonymous_0)","decl":{"start":{"line":3,"column":30},"end":{"line":3,"column":31}},"loc":{"start":{"line":3,"column":60},"end":{"line":19,"column":1}},"line":3}},"branchMap":{},"s":{"0":1,"1":1,"2":1,"3":1,"4":1,"5":0,"6":0},"f":{"0":1},"b":{},"_coverageSchema":"1a1c01bbd47fc00a2c39e90264f33305004495a9","hash":"def2482bf82f958630804c1d7ec5e4b14f0973ac"}
,"C:\\Users\\prerna.bhise\\Documents\\NodeJS_Assignment2\\src\\common\\utility\\upload.js": {"path":"C:\\Users\\prerna.bhise\\Documents\\NodeJS_Assignment2\\src\\common\\utility\\upload.js","statementMap":{"0":{"start":{"line":4,"column":19},"end":{"line":19,"column":1}},"1":{"start":{"line":5,"column":2},"end":{"line":18,"column":5}},"2":{"start":{"line":6,"column":19},"end":{"line":15,"column":5}},"3":{"start":{"line":12,"column":8},"end":{"line":12,"column":40}},"4":{"start":{"line":12,"column":19},"end":{"line":12,"column":40}},"5":{"start":{"line":13,"column":8},"end":{"line":13,"column":24}},"6":{"start":{"line":17,"column":4},"end":{"line":17,"column":59}}},"fnMap":{"0":{"name":"(anonymous_0)","decl":{"start":{"line":4,"column":19},"end":{"line":4,"column":20}},"loc":{"start":{"line":4,"column":29},"end":{"line":19,"column":1}},"line":4},"1":{"name":"(anonymous_1)","decl":{"start":{"line":5,"column":21},"end":{"line":5,"column":22}},"loc":{"start":{"line":5,"column":42},"end":{"line":18,"column":3}},"line":5},"2":{"name":"(anonymous_2)","decl":{"start":{"line":11,"column":6},"end":{"line":11,"column":7}},"loc":{"start":{"line":11,"column":25},"end":{"line":14,"column":7}},"line":11}},"branchMap":{"0":{"loc":{"start":{"line":12,"column":8},"end":{"line":12,"column":40}},"type":"if","locations":[{"start":{"line":12,"column":8},"end":{"line":12,"column":40}},{"start":{},"end":{}}],"line":12}},"s":{"0":3,"1":2,"2":2,"3":0,"4":0,"5":0,"6":0},"f":{"0":2,"1":2,"2":0},"b":{"0":[0,0]},"_coverageSchema":"1a1c01bbd47fc00a2c39e90264f33305004495a9","hash":"17c7fed631bee4777911c37c3b53910be35c7c6d"}
,"C:\\Users\\prerna.bhise\\Documents\\NodeJS_Assignment2\\src\\config\\emailConfig.js": {"path":"C:\\Users\\prerna.bhise\\Documents\\NodeJS_Assignment2\\src\\config\\emailConfig.js","statementMap":{"0":{"start":{"line":4,"column":0},"end":{"line":4,"column":16}},"1":{"start":{"line":6,"column":20},"end":{"line":12,"column":2}}},"fnMap":{},"branchMap":{},"s":{"0":4,"1":4},"f":{},"b":{},"_coverageSchema":"1a1c01bbd47fc00a2c39e90264f33305004495a9","hash":"c7c486d6442b5754bacd6cf079778028197f8bad"}
,"C:\\Users\\prerna.bhise\\Documents\\NodeJS_Assignment2\\src\\controllers\\adminController.js": {"path":"C:\\Users\\prerna.bhise\\Documents\\NodeJS_Assignment2\\src\\controllers\\adminController.js","statementMap":{"0":{"start":{"line":36,"column":91},"end":{"line":36,"column":105}},"1":{"start":{"line":39,"column":19},"end":{"line":72,"column":1}},"2":{"start":{"line":40,"column":2},"end":{"line":71,"column":3}},"3":{"start":{"line":41,"column":32},"end":{"line":41,"column":40}},"4":{"start":{"line":43,"column":4},"end":{"line":45,"column":5}},"5":{"start":{"line":44,"column":6},"end":{"line":44,"column":32}},"6":{"start":{"line":47,"column":25},"end":{"line":47,"column":34}},"7":{"start":{"line":50,"column":4},"end":{"line":50,"column":35}},"8":{"start":{"line":52,"column":4},"end":{"line":52,"column":25}},"9":{"start":{"line":53,"column":19},"end":{"line":53,"column":37}},"10":{"start":{"line":55,"column":39},"end":{"line":58,"column":6}},"11":{"start":{"line":60,"column":4},"end":{"line":68,"column":7}},"12":{"start":{"line":70,"column":4},"end":{"line":70,"column":16}},"13":{"start":{"line":73,"column":31},"end":{"line":98,"column":1}},"14":{"start":{"line":74,"column":2},"end":{"line":97,"column":3}},"15":{"start":{"line":75,"column":42},"end":{"line":75,"column":45}},"16":{"start":{"line":76,"column":38},"end":{"line":76,"column":41}},"17":{"start":{"line":78,"column":29},"end":{"line":78,"column":69}},"18":{"start":{"line":79,"column":4},"end":{"line":81,"column":5}},"19":{"start":{"line":80,"column":6},"end":{"line":80,"column":86}},"20":{"start":{"line":83,"column":4},"end":{"line":92,"column":5}},"21":{"start":{"line":84,"column":6},"end":{"line":84,"column":45}},"22":{"start":{"line":86,"column":6},"end":{"line":91,"column":11}},"23":{"start":{"line":94,"column":4},"end":{"line":94,"column":61}},"24":{"start":{"line":96,"column":4},"end":{"line":96,"column":16}},"25":{"start":{"line":105,"column":21},"end":{"line":129,"column":1}},"26":{"start":{"line":106,"column":2},"end":{"line":128,"column":3}},"27":{"start":{"line":107,"column":42},"end":{"line":107,"column":45}},"28":{"start":{"line":109,"column":21},"end":{"line":109,"column":53}},"29":{"start":{"line":111,"column":20},"end":{"line":116,"column":5}},"30":{"start":{"line":112,"column":38},"end":{"line":112,"column":64}},"31":{"start":{"line":113,"column":37},"end":{"line":113,"column":62}},"32":{"start":{"line":114,"column":39},"end":{"line":114,"column":65}},"33":{"start":{"line":115,"column":38},"end":{"line":115,"column":64}},"34":{"start":{"line":118,"column":4},"end":{"line":125,"column":8}},"35":{"start":{"line":127,"column":4},"end":{"line":127,"column":16}},"36":{"start":{"line":132,"column":17},"end":{"line":158,"column":1}},"37":{"start":{"line":133,"column":2},"end":{"line":157,"column":3}},"38":{"start":{"line":134,"column":81},"end":{"line":134,"column":84}},"39":{"start":{"line":135,"column":11},"end":{"line":135,"column":35}},"40":{"start":{"line":136,"column":25},"end":{"line":136,"column":62}},"41":{"start":{"line":137,"column":22},"end":{"line":137,"column":42}},"42":{"start":{"line":139,"column":15},"end":{"line":145,"column":5}},"43":{"start":{"line":146,"column":4},"end":{"line":146,"column":37}},"44":{"start":{"line":147,"column":28},"end":{"line":147,"column":92}},"45":{"start":{"line":148,"column":29},"end":{"line":148,"column":86}},"46":{"start":{"line":149,"column":4},"end":{"line":149,"column":73}},"47":{"start":{"line":152,"column":4},"end":{"line":154,"column":88}},"48":{"start":{"line":156,"column":4},"end":{"line":156,"column":16}},"49":{"start":{"line":160,"column":20},"end":{"line":187,"column":1}},"50":{"start":{"line":161,"column":2},"end":{"line":186,"column":3}},"51":{"start":{"line":162,"column":42},"end":{"line":162,"column":45}},"52":{"start":{"line":163,"column":32},"end":{"line":163,"column":35}},"53":{"start":{"line":165,"column":25},"end":{"line":165,"column":53}},"54":{"start":{"line":167,"column":4},"end":{"line":169,"column":5}},"55":{"start":{"line":168,"column":6},"end":{"line":168,"column":37}},"56":{"start":{"line":171,"column":4},"end":{"line":177,"column":5}},"57":{"start":{"line":172,"column":25},"end":{"line":172,"column":48}},"58":{"start":{"line":174,"column":6},"end":{"line":176,"column":7}},"59":{"start":{"line":175,"column":8},"end":{"line":175,"column":33}},"60":{"start":{"line":179,"column":4},"end":{"line":179,"column":48}},"61":{"start":{"line":181,"column":4},"end":{"line":183,"column":91}},"62":{"start":{"line":185,"column":4},"end":{"line":185,"column":16}},"63":{"start":{"line":189,"column":17},"end":{"line":205,"column":1}},"64":{"start":{"line":190,"column":2},"end":{"line":204,"column":3}},"65":{"start":{"line":191,"column":42},"end":{"line":191,"column":45}},"66":{"start":{"line":192,"column":4},"end":{"line":198,"column":5}},"67":{"start":{"line":193,"column":19},"end":{"line":193,"column":39}},"68":{"start":{"line":195,"column":6},"end":{"line":197,"column":96}},"69":{"start":{"line":199,"column":4},"end":{"line":201,"column":91}},"70":{"start":{"line":203,"column":4},"end":{"line":203,"column":16}},"71":{"start":{"line":207,"column":27},"end":{"line":212,"column":1}},"72":{"start":{"line":208,"column":23},"end":{"line":208,"column":60}},"73":{"start":{"line":209,"column":18},"end":{"line":209,"column":37}},"74":{"start":{"line":211,"column":2},"end":{"line":211,"column":17}},"75":{"start":{"line":216,"column":18},"end":{"line":258,"column":1}},"76":{"start":{"line":217,"column":2},"end":{"line":257,"column":3}},"77":{"start":{"line":218,"column":42},"end":{"line":218,"column":45}},"78":{"start":{"line":219,"column":130},"end":{"line":219,"column":133}},"79":{"start":{"line":221,"column":20},"end":{"line":221,"column":46}},"80":{"start":{"line":223,"column":17},"end":{"line":234,"column":5}},"81":{"start":{"line":237,"column":4},"end":{"line":241,"column":5}},"82":{"start":{"line":238,"column":6},"end":{"line":240,"column":94}},"83":{"start":{"line":243,"column":19},"end":{"line":243,"column":47}},"84":{"start":{"line":245,"column":4},"end":{"line":249,"column":5}},"85":{"start":{"line":246,"column":24},"end":{"line":246,"column":88}},"86":{"start":{"line":247,"column":29},"end":{"line":247,"column":86}},"87":{"start":{"line":248,"column":6},"end":{"line":248,"column":98}},"88":{"start":{"line":251,"column":4},"end":{"line":253,"column":6}},"89":{"start":{"line":256,"column":4},"end":{"line":256,"column":16}},"90":{"start":{"line":261,"column":21},"end":{"line":272,"column":1}},"91":{"start":{"line":262,"column":2},"end":{"line":271,"column":3}},"92":{"start":{"line":263,"column":37},"end":{"line":263,"column":40}},"93":{"start":{"line":265,"column":4},"end":{"line":265,"column":38}},"94":{"start":{"line":266,"column":4},"end":{"line":268,"column":101}},"95":{"start":{"line":270,"column":4},"end":{"line":270,"column":16}},"96":{"start":{"line":274,"column":33},"end":{"line":307,"column":1}},"97":{"start":{"line":275,"column":2},"end":{"line":306,"column":3}},"98":{"start":{"line":276,"column":50},"end":{"line":276,"column":53}},"99":{"start":{"line":277,"column":49},"end":{"line":277,"column":52}},"100":{"start":{"line":278,"column":4},"end":{"line":282,"column":5}},"101":{"start":{"line":279,"column":6},"end":{"line":281,"column":8}},"102":{"start":{"line":283,"column":4},"end":{"line":303,"column":5}},"103":{"start":{"line":284,"column":21},"end":{"line":284,"column":63}},"104":{"start":{"line":286,"column":6},"end":{"line":302,"column":7}},"105":{"start":{"line":287,"column":8},"end":{"line":294,"column":9}},"106":{"start":{"line":288,"column":23},"end":{"line":288,"column":59}},"107":{"start":{"line":289,"column":30},"end":{"line":289,"column":50}},"108":{"start":{"line":290,"column":34},"end":{"line":290,"column":58}},"109":{"start":{"line":291,"column":34},"end":{"line":291,"column":58}},"110":{"start":{"line":292,"column":29},"end":{"line":292,"column":41}},"111":{"start":{"line":293,"column":10},"end":{"line":293,"column":107}},"112":{"start":{"line":295,"column":8},"end":{"line":297,"column":10}},"113":{"start":{"line":299,"column":8},"end":{"line":301,"column":10}},"114":{"start":{"line":305,"column":4},"end":{"line":305,"column":16}},"115":{"start":{"line":309,"column":32},"end":{"line":342,"column":1}},"116":{"start":{"line":310,"column":2},"end":{"line":341,"column":3}},"117":{"start":{"line":311,"column":41},"end":{"line":311,"column":44}},"118":{"start":{"line":312,"column":49},"end":{"line":312,"column":52}},"119":{"start":{"line":313,"column":25},"end":{"line":313,"column":28}},"120":{"start":{"line":315,"column":4},"end":{"line":319,"column":5}},"121":{"start":{"line":316,"column":6},"end":{"line":318,"column":8}},"122":{"start":{"line":320,"column":4},"end":{"line":338,"column":5}},"123":{"start":{"line":322,"column":21},"end":{"line":322,"column":63}},"124":{"start":{"line":324,"column":6},"end":{"line":337,"column":7}},"125":{"start":{"line":326,"column":23},"end":{"line":326,"column":59}},"126":{"start":{"line":327,"column":75},"end":{"line":327,"column":82}},"127":{"start":{"line":329,"column":10},"end":{"line":329,"column":111}},"128":{"start":{"line":330,"column":8},"end":{"line":332,"column":10}},"129":{"start":{"line":334,"column":8},"end":{"line":336,"column":10}},"130":{"start":{"line":340,"column":4},"end":{"line":340,"column":16}},"131":{"start":{"line":344,"column":27},"end":{"line":380,"column":1}},"132":{"start":{"line":345,"column":2},"end":{"line":379,"column":3}},"133":{"start":{"line":346,"column":42},"end":{"line":346,"column":45}},"134":{"start":{"line":347,"column":49},"end":{"line":347,"column":52}},"135":{"start":{"line":349,"column":4},"end":{"line":353,"column":5}},"136":{"start":{"line":350,"column":6},"end":{"line":352,"column":8}},"137":{"start":{"line":354,"column":4},"end":{"line":376,"column":5}},"138":{"start":{"line":355,"column":21},"end":{"line":355,"column":62}},"139":{"start":{"line":356,"column":19},"end":{"line":356,"column":55}},"140":{"start":{"line":358,"column":6},"end":{"line":362,"column":7}},"141":{"start":{"line":359,"column":8},"end":{"line":361,"column":10}},"142":{"start":{"line":363,"column":60},"end":{"line":363,"column":67}},"143":{"start":{"line":365,"column":6},"end":{"line":375,"column":7}},"144":{"start":{"line":366,"column":8},"end":{"line":366,"column":91}},"145":{"start":{"line":368,"column":8},"end":{"line":370,"column":10}},"146":{"start":{"line":372,"column":8},"end":{"line":374,"column":10}},"147":{"start":{"line":378,"column":4},"end":{"line":378,"column":16}},"148":{"start":{"line":382,"column":34},"end":{"line":398,"column":1}},"149":{"start":{"line":383,"column":2},"end":{"line":397,"column":3}},"150":{"start":{"line":384,"column":42},"end":{"line":384,"column":45}},"151":{"start":{"line":385,"column":4},"end":{"line":391,"column":5}},"152":{"start":{"line":386,"column":19},"end":{"line":386,"column":41}},"153":{"start":{"line":388,"column":6},"end":{"line":390,"column":108}},"154":{"start":{"line":392,"column":4},"end":{"line":394,"column":91}},"155":{"start":{"line":396,"column":4},"end":{"line":396,"column":16}},"156":{"start":{"line":400,"column":27},"end":{"line":417,"column":1}},"157":{"start":{"line":401,"column":2},"end":{"line":416,"column":3}},"158":{"start":{"line":402,"column":40},"end":{"line":402,"column":43}},"159":{"start":{"line":403,"column":37},"end":{"line":403,"column":40}},"160":{"start":{"line":404,"column":4},"end":{"line":413,"column":5}},"161":{"start":{"line":405,"column":27},"end":{"line":405,"column":72}},"162":{"start":{"line":408,"column":6},"end":{"line":412,"column":8}},"163":{"start":{"line":415,"column":4},"end":{"line":415,"column":16}},"164":{"start":{"line":419,"column":32},"end":{"line":438,"column":1}},"165":{"start":{"line":420,"column":2},"end":{"line":437,"column":3}},"166":{"start":{"line":421,"column":40},"end":{"line":421,"column":43}},"167":{"start":{"line":423,"column":4},"end":{"line":434,"column":5}},"168":{"start":{"line":424,"column":27},"end":{"line":424,"column":59}},"169":{"start":{"line":426,"column":36},"end":{"line":429,"column":9}},"170":{"start":{"line":426,"column":69},"end":{"line":429,"column":7}},"171":{"start":{"line":431,"column":6},"end":{"line":433,"column":8}},"172":{"start":{"line":436,"column":4},"end":{"line":436,"column":16}},"173":{"start":{"line":441,"column":20},"end":{"line":455,"column":1}},"174":{"start":{"line":442,"column":2},"end":{"line":454,"column":3}},"175":{"start":{"line":443,"column":40},"end":{"line":443,"column":43}},"176":{"start":{"line":445,"column":4},"end":{"line":451,"column":5}},"177":{"start":{"line":446,"column":21},"end":{"line":446,"column":51}},"178":{"start":{"line":448,"column":6},"end":{"line":450,"column":8}},"179":{"start":{"line":453,"column":4},"end":{"line":453,"column":16}},"180":{"start":{"line":457,"column":29},"end":{"line":471,"column":1}},"181":{"start":{"line":458,"column":2},"end":{"line":470,"column":3}},"182":{"start":{"line":459,"column":40},"end":{"line":459,"column":43}},"183":{"start":{"line":461,"column":4},"end":{"line":467,"column":5}},"184":{"start":{"line":462,"column":21},"end":{"line":462,"column":52}},"185":{"start":{"line":464,"column":6},"end":{"line":466,"column":8}},"186":{"start":{"line":469,"column":4},"end":{"line":469,"column":16}}},"fnMap":{"0":{"name":"(anonymous_0)","decl":{"start":{"line":39,"column":19},"end":{"line":39,"column":20}},"loc":{"start":{"line":39,"column":45},"end":{"line":72,"column":1}},"line":39},"1":{"name":"(anonymous_1)","decl":{"start":{"line":73,"column":31},"end":{"line":73,"column":32}},"loc":{"start":{"line":73,"column":57},"end":{"line":98,"column":1}},"line":73},"2":{"name":"(anonymous_2)","decl":{"start":{"line":105,"column":21},"end":{"line":105,"column":22}},"loc":{"start":{"line":105,"column":47},"end":{"line":129,"column":1}},"line":105},"3":{"name":"(anonymous_3)","decl":{"start":{"line":112,"column":27},"end":{"line":112,"column":28}},"loc":{"start":{"line":112,"column":38},"end":{"line":112,"column":64}},"line":112},"4":{"name":"(anonymous_4)","decl":{"start":{"line":113,"column":26},"end":{"line":113,"column":27}},"loc":{"start":{"line":113,"column":37},"end":{"line":113,"column":62}},"line":113},"5":{"name":"(anonymous_5)","decl":{"start":{"line":114,"column":28},"end":{"line":114,"column":29}},"loc":{"start":{"line":114,"column":39},"end":{"line":114,"column":65}},"line":114},"6":{"name":"(anonymous_6)","decl":{"start":{"line":115,"column":27},"end":{"line":115,"column":28}},"loc":{"start":{"line":115,"column":38},"end":{"line":115,"column":64}},"line":115},"7":{"name":"(anonymous_7)","decl":{"start":{"line":132,"column":17},"end":{"line":132,"column":18}},"loc":{"start":{"line":132,"column":43},"end":{"line":158,"column":1}},"line":132},"8":{"name":"(anonymous_8)","decl":{"start":{"line":160,"column":20},"end":{"line":160,"column":21}},"loc":{"start":{"line":160,"column":46},"end":{"line":187,"column":1}},"line":160},"9":{"name":"(anonymous_9)","decl":{"start":{"line":189,"column":17},"end":{"line":189,"column":18}},"loc":{"start":{"line":189,"column":43},"end":{"line":205,"column":1}},"line":189},"10":{"name":"(anonymous_10)","decl":{"start":{"line":207,"column":27},"end":{"line":207,"column":28}},"loc":{"start":{"line":207,"column":39},"end":{"line":212,"column":1}},"line":207},"11":{"name":"(anonymous_11)","decl":{"start":{"line":216,"column":18},"end":{"line":216,"column":19}},"loc":{"start":{"line":216,"column":44},"end":{"line":258,"column":1}},"line":216},"12":{"name":"(anonymous_12)","decl":{"start":{"line":261,"column":21},"end":{"line":261,"column":22}},"loc":{"start":{"line":261,"column":47},"end":{"line":272,"column":1}},"line":261},"13":{"name":"(anonymous_13)","decl":{"start":{"line":274,"column":33},"end":{"line":274,"column":34}},"loc":{"start":{"line":274,"column":59},"end":{"line":307,"column":1}},"line":274},"14":{"name":"(anonymous_14)","decl":{"start":{"line":309,"column":32},"end":{"line":309,"column":33}},"loc":{"start":{"line":309,"column":58},"end":{"line":342,"column":1}},"line":309},"15":{"name":"(anonymous_15)","decl":{"start":{"line":344,"column":27},"end":{"line":344,"column":28}},"loc":{"start":{"line":344,"column":53},"end":{"line":380,"column":1}},"line":344},"16":{"name":"(anonymous_16)","decl":{"start":{"line":382,"column":34},"end":{"line":382,"column":35}},"loc":{"start":{"line":382,"column":60},"end":{"line":398,"column":1}},"line":382},"17":{"name":"(anonymous_17)","decl":{"start":{"line":400,"column":27},"end":{"line":400,"column":28}},"loc":{"start":{"line":400,"column":53},"end":{"line":417,"column":1}},"line":400},"18":{"name":"(anonymous_18)","decl":{"start":{"line":419,"column":32},"end":{"line":419,"column":33}},"loc":{"start":{"line":419,"column":58},"end":{"line":438,"column":1}},"line":419},"19":{"name":"(anonymous_19)","decl":{"start":{"line":426,"column":53},"end":{"line":426,"column":54}},"loc":{"start":{"line":426,"column":69},"end":{"line":429,"column":7}},"line":426},"20":{"name":"(anonymous_20)","decl":{"start":{"line":441,"column":20},"end":{"line":441,"column":21}},"loc":{"start":{"line":441,"column":46},"end":{"line":455,"column":1}},"line":441},"21":{"name":"(anonymous_21)","decl":{"start":{"line":457,"column":29},"end":{"line":457,"column":30}},"loc":{"start":{"line":457,"column":55},"end":{"line":471,"column":1}},"line":457}},"branchMap":{"0":{"loc":{"start":{"line":43,"column":4},"end":{"line":45,"column":5}},"type":"if","locations":[{"start":{"line":43,"column":4},"end":{"line":45,"column":5}},{"start":{},"end":{}}],"line":43},"1":{"loc":{"start":{"line":50,"column":20},"end":{"line":50,"column":29}},"type":"binary-expr","locations":[{"start":{"line":50,"column":20},"end":{"line":50,"column":24}},{"start":{"line":50,"column":28},"end":{"line":50,"column":29}}],"line":50},"2":{"loc":{"start":{"line":79,"column":4},"end":{"line":81,"column":5}},"type":"if","locations":[{"start":{"line":79,"column":4},"end":{"line":81,"column":5}},{"start":{},"end":{}}],"line":79},"3":{"loc":{"start":{"line":83,"column":4},"end":{"line":92,"column":5}},"type":"if","locations":[{"start":{"line":83,"column":4},"end":{"line":92,"column":5}},{"start":{},"end":{}}],"line":83},"4":{"loc":{"start":{"line":112,"column":13},"end":{"line":112,"column":77}},"type":"binary-expr","locations":[{"start":{"line":112,"column":13},"end":{"line":112,"column":72}},{"start":{"line":112,"column":76},"end":{"line":112,"column":77}}],"line":112},"5":{"loc":{"start":{"line":113,"column":12},"end":{"line":113,"column":75}},"type":"binary-expr","locations":[{"start":{"line":113,"column":12},"end":{"line":113,"column":70}},{"start":{"line":113,"column":74},"end":{"line":113,"column":75}}],"line":113},"6":{"loc":{"start":{"line":114,"column":14},"end":{"line":114,"column":78}},"type":"binary-expr","locations":[{"start":{"line":114,"column":14},"end":{"line":114,"column":73}},{"start":{"line":114,"column":77},"end":{"line":114,"column":78}}],"line":114},"7":{"loc":{"start":{"line":115,"column":13},"end":{"line":115,"column":77}},"type":"binary-expr","locations":[{"start":{"line":115,"column":13},"end":{"line":115,"column":72}},{"start":{"line":115,"column":76},"end":{"line":115,"column":77}}],"line":115},"8":{"loc":{"start":{"line":167,"column":4},"end":{"line":169,"column":5}},"type":"if","locations":[{"start":{"line":167,"column":4},"end":{"line":169,"column":5}},{"start":{},"end":{}}],"line":167},"9":{"loc":{"start":{"line":171,"column":4},"end":{"line":177,"column":5}},"type":"if","locations":[{"start":{"line":171,"column":4},"end":{"line":177,"column":5}},{"start":{},"end":{}}],"line":171},"10":{"loc":{"start":{"line":174,"column":6},"end":{"line":176,"column":7}},"type":"if","locations":[{"start":{"line":174,"column":6},"end":{"line":176,"column":7}},{"start":{},"end":{}}],"line":174},"11":{"loc":{"start":{"line":192,"column":4},"end":{"line":198,"column":5}},"type":"if","locations":[{"start":{"line":192,"column":4},"end":{"line":198,"column":5}},{"start":{},"end":{}}],"line":192},"12":{"loc":{"start":{"line":237,"column":4},"end":{"line":241,"column":5}},"type":"if","locations":[{"start":{"line":237,"column":4},"end":{"line":241,"column":5}},{"start":{},"end":{}}],"line":237},"13":{"loc":{"start":{"line":245,"column":4},"end":{"line":249,"column":5}},"type":"if","locations":[{"start":{"line":245,"column":4},"end":{"line":249,"column":5}},{"start":{},"end":{}}],"line":245},"14":{"loc":{"start":{"line":278,"column":4},"end":{"line":282,"column":5}},"type":"if","locations":[{"start":{"line":278,"column":4},"end":{"line":282,"column":5}},{"start":{},"end":{}}],"line":278},"15":{"loc":{"start":{"line":278,"column":8},"end":{"line":278,"column":34}},"type":"binary-expr","locations":[{"start":{"line":278,"column":8},"end":{"line":278,"column":15}},{"start":{"line":278,"column":19},"end":{"line":278,"column":34}}],"line":278},"16":{"loc":{"start":{"line":283,"column":4},"end":{"line":303,"column":5}},"type":"if","locations":[{"start":{"line":283,"column":4},"end":{"line":303,"column":5}},{"start":{},"end":{}}],"line":283},"17":{"loc":{"start":{"line":286,"column":6},"end":{"line":302,"column":7}},"type":"if","locations":[{"start":{"line":286,"column":6},"end":{"line":302,"column":7}},{"start":{"line":298,"column":13},"end":{"line":302,"column":7}}],"line":286},"18":{"loc":{"start":{"line":287,"column":8},"end":{"line":294,"column":9}},"type":"if","locations":[{"start":{"line":287,"column":8},"end":{"line":294,"column":9}},{"start":{},"end":{}}],"line":287},"19":{"loc":{"start":{"line":315,"column":4},"end":{"line":319,"column":5}},"type":"if","locations":[{"start":{"line":315,"column":4},"end":{"line":319,"column":5}},{"start":{},"end":{}}],"line":315},"20":{"loc":{"start":{"line":320,"column":4},"end":{"line":338,"column":5}},"type":"if","locations":[{"start":{"line":320,"column":4},"end":{"line":338,"column":5}},{"start":{},"end":{}}],"line":320},"21":{"loc":{"start":{"line":324,"column":6},"end":{"line":337,"column":7}},"type":"if","locations":[{"start":{"line":324,"column":6},"end":{"line":337,"column":7}},{"start":{"line":333,"column":13},"end":{"line":337,"column":7}}],"line":324},"22":{"loc":{"start":{"line":349,"column":4},"end":{"line":353,"column":5}},"type":"if","locations":[{"start":{"line":349,"column":4},"end":{"line":353,"column":5}},{"start":{},"end":{}}],"line":349},"23":{"loc":{"start":{"line":354,"column":4},"end":{"line":376,"column":5}},"type":"if","locations":[{"start":{"line":354,"column":4},"end":{"line":376,"column":5}},{"start":{},"end":{}}],"line":354},"24":{"loc":{"start":{"line":358,"column":6},"end":{"line":362,"column":7}},"type":"if","locations":[{"start":{"line":358,"column":6},"end":{"line":362,"column":7}},{"start":{},"end":{}}],"line":358},"25":{"loc":{"start":{"line":358,"column":10},"end":{"line":358,"column":36}},"type":"binary-expr","locations":[{"start":{"line":358,"column":10},"end":{"line":358,"column":15}},{"start":{"line":358,"column":19},"end":{"line":358,"column":36}}],"line":358},"26":{"loc":{"start":{"line":365,"column":6},"end":{"line":375,"column":7}},"type":"if","locations":[{"start":{"line":365,"column":6},"end":{"line":375,"column":7}},{"start":{"line":371,"column":13},"end":{"line":375,"column":7}}],"line":365},"27":{"loc":{"start":{"line":385,"column":4},"end":{"line":391,"column":5}},"type":"if","locations":[{"start":{"line":385,"column":4},"end":{"line":391,"column":5}},{"start":{},"end":{}}],"line":385},"28":{"loc":{"start":{"line":404,"column":4},"end":{"line":413,"column":5}},"type":"if","locations":[{"start":{"line":404,"column":4},"end":{"line":413,"column":5}},{"start":{},"end":{}}],"line":404},"29":{"loc":{"start":{"line":404,"column":8},"end":{"line":404,"column":23}},"type":"binary-expr","locations":[{"start":{"line":404,"column":8},"end":{"line":404,"column":13}},{"start":{"line":404,"column":17},"end":{"line":404,"column":23}}],"line":404},"30":{"loc":{"start":{"line":423,"column":4},"end":{"line":434,"column":5}},"type":"if","locations":[{"start":{"line":423,"column":4},"end":{"line":434,"column":5}},{"start":{},"end":{}}],"line":423},"31":{"loc":{"start":{"line":423,"column":8},"end":{"line":423,"column":23}},"type":"binary-expr","locations":[{"start":{"line":423,"column":8},"end":{"line":423,"column":13}},{"start":{"line":423,"column":17},"end":{"line":423,"column":23}}],"line":423},"32":{"loc":{"start":{"line":445,"column":4},"end":{"line":451,"column":5}},"type":"if","locations":[{"start":{"line":445,"column":4},"end":{"line":451,"column":5}},{"start":{},"end":{}}],"line":445},"33":{"loc":{"start":{"line":445,"column":8},"end":{"line":445,"column":23}},"type":"binary-expr","locations":[{"start":{"line":445,"column":8},"end":{"line":445,"column":13}},{"start":{"line":445,"column":17},"end":{"line":445,"column":23}}],"line":445},"34":{"loc":{"start":{"line":461,"column":4},"end":{"line":467,"column":5}},"type":"if","locations":[{"start":{"line":461,"column":4},"end":{"line":467,"column":5}},{"start":{},"end":{}}],"line":461},"35":{"loc":{"start":{"line":461,"column":8},"end":{"line":461,"column":23}},"type":"binary-expr","locations":[{"start":{"line":461,"column":8},"end":{"line":461,"column":13}},{"start":{"line":461,"column":17},"end":{"line":461,"column":23}}],"line":461}},"s":{"0":1,"1":1,"2":3,"3":3,"4":3,"5":2,"6":1,"7":1,"8":1,"9":1,"10":1,"11":1,"12":2,"13":1,"14":3,"15":3,"16":3,"17":3,"18":3,"19":0,"20":3,"21":1,"22":0,"23":2,"24":3,"25":1,"26":3,"27":3,"28":3,"29":3,"30":3,"31":6,"32":9,"33":9,"34":3,"35":0,"36":1,"37":2,"38":2,"39":2,"40":2,"41":2,"42":2,"43":2,"44":1,"45":1,"46":1,"47":1,"48":1,"49":1,"50":4,"51":4,"52":4,"53":4,"54":4,"55":0,"56":4,"57":4,"58":4,"59":0,"60":4,"61":4,"62":0,"63":1,"64":3,"65":3,"66":3,"67":2,"68":2,"69":1,"70":0,"71":1,"72":3,"73":3,"74":3,"75":1,"76":3,"77":3,"78":3,"79":3,"80":3,"81":3,"82":1,"83":2,"84":2,"85":2,"86":2,"87":2,"88":2,"89":0,"90":1,"91":2,"92":2,"93":2,"94":2,"95":0,"96":1,"97":5,"98":5,"99":5,"100":5,"101":5,"102":0,"103":0,"104":0,"105":0,"106":0,"107":0,"108":0,"109":0,"110":0,"111":0,"112":0,"113":0,"114":0,"115":1,"116":4,"117":4,"118":4,"119":4,"120":4,"121":3,"122":1,"123":1,"124":1,"125":0,"126":0,"127":0,"128":0,"129":1,"130":0,"131":1,"132":5,"133":5,"134":5,"135":5,"136":5,"137":0,"138":0,"139":0,"140":0,"141":0,"142":0,"143":0,"144":0,"145":0,"146":0,"147":0,"148":1,"149":3,"150":3,"151":3,"152":1,"153":1,"154":2,"155":0,"156":1,"157":3,"158":3,"159":3,"160":3,"161":3,"162":3,"163":0,"164":1,"165":3,"166":3,"167":3,"168":3,"169":3,"170":6,"171":3,"172":0,"173":1,"174":3,"175":3,"176":3,"177":3,"178":3,"179":0,"180":1,"181":3,"182":3,"183":3,"184":3,"185":3,"186":0},"f":{"0":3,"1":3,"2":3,"3":3,"4":6,"5":9,"6":9,"7":2,"8":4,"9":3,"10":3,"11":3,"12":2,"13":5,"14":4,"15":5,"16":3,"17":3,"18":3,"19":6,"20":3,"21":3},"b":{"0":[2,1],"1":[1,0],"2":[0,3],"3":[1,2],"4":[3,0],"5":[3,0],"6":[3,3],"7":[3,0],"8":[0,4],"9":[4,0],"10":[0,4],"11":[2,1],"12":[1,2],"13":[2,0],"14":[5,0],"15":[5,0],"16":[0,0],"17":[0,0],"18":[0,0],"19":[3,1],"20":[1,0],"21":[0,1],"22":[5,0],"23":[0,0],"24":[0,0],"25":[0,0],"26":[0,0],"27":[1,2],"28":[3,0],"29":[3,2],"30":[3,0],"31":[3,2],"32":[3,0],"33":[3,2],"34":[3,0],"35":[3,2]},"_coverageSchema":"1a1c01bbd47fc00a2c39e90264f33305004495a9","hash":"59c59eaac9930d64933ab264feea53ea61e4a62e"}
,"C:\\Users\\prerna.bhise\\Documents\\NodeJS_Assignment2\\src\\controllers\\doctorController.js": {"path":"C:\\Users\\prerna.bhise\\Documents\\NodeJS_Assignment2\\src\\controllers\\doctorController.js","statementMap":{"0":{"start":{"line":27,"column":25},"end":{"line":39,"column":3}},"1":{"start":{"line":28,"column":4},"end":{"line":38,"column":5}},"2":{"start":{"line":29,"column":32},"end":{"line":29,"column":35}},"3":{"start":{"line":31,"column":25},"end":{"line":31,"column":48}},"4":{"start":{"line":33,"column":6},"end":{"line":35,"column":8}},"5":{"start":{"line":37,"column":6},"end":{"line":37,"column":17}},"6":{"start":{"line":40,"column":21},"end":{"line":77,"column":1}},"7":{"start":{"line":41,"column":4},"end":{"line":76,"column":5}},"8":{"start":{"line":50,"column":12},"end":{"line":50,"column":15}},"9":{"start":{"line":52,"column":51},"end":{"line":52,"column":54}},"10":{"start":{"line":54,"column":21},"end":{"line":60,"column":9}},"11":{"start":{"line":63,"column":8},"end":{"line":69,"column":9}},"12":{"start":{"line":64,"column":12},"end":{"line":64,"column":47}},"13":{"start":{"line":66,"column":12},"end":{"line":68,"column":14}},"14":{"start":{"line":71,"column":8},"end":{"line":73,"column":10}},"15":{"start":{"line":75,"column":8},"end":{"line":75,"column":20}},"16":{"start":{"line":79,"column":28},"end":{"line":98,"column":1}},"17":{"start":{"line":80,"column":4},"end":{"line":97,"column":5}},"18":{"start":{"line":82,"column":77},"end":{"line":82,"column":80}},"19":{"start":{"line":84,"column":8},"end":{"line":94,"column":9}},"20":{"start":{"line":85,"column":33},"end":{"line":85,"column":64}},"21":{"start":{"line":87,"column":12},"end":{"line":89,"column":14}},"22":{"start":{"line":91,"column":12},"end":{"line":93,"column":14}},"23":{"start":{"line":96,"column":8},"end":{"line":96,"column":20}},"24":{"start":{"line":159,"column":27},"end":{"line":192,"column":1}},"25":{"start":{"line":160,"column":4},"end":{"line":191,"column":5}},"26":{"start":{"line":161,"column":116},"end":{"line":161,"column":119}},"27":{"start":{"line":162,"column":33},"end":{"line":162,"column":36}},"28":{"start":{"line":164,"column":28},"end":{"line":164,"column":68}},"29":{"start":{"line":165,"column":111},"end":{"line":165,"column":122}},"30":{"start":{"line":167,"column":41},"end":{"line":167,"column":68}},"31":{"start":{"line":168,"column":35},"end":{"line":168,"column":60}},"32":{"start":{"line":170,"column":21},"end":{"line":170,"column":97}},"33":{"start":{"line":172,"column":26},"end":{"line":172,"column":149}},"34":{"start":{"line":174,"column":23},"end":{"line":177,"column":10}},"35":{"start":{"line":179,"column":37},"end":{"line":179,"column":78}},"36":{"start":{"line":181,"column":27},"end":{"line":181,"column":82}},"37":{"start":{"line":182,"column":8},"end":{"line":182,"column":81}},"38":{"start":{"line":184,"column":8},"end":{"line":184,"column":57}},"39":{"start":{"line":186,"column":8},"end":{"line":188,"column":10}},"40":{"start":{"line":190,"column":8},"end":{"line":190,"column":20}},"41":{"start":{"line":196,"column":33},"end":{"line":236,"column":1}},"42":{"start":{"line":197,"column":4},"end":{"line":235,"column":5}},"43":{"start":{"line":198,"column":116},"end":{"line":198,"column":119}},"44":{"start":{"line":199,"column":33},"end":{"line":199,"column":36}},"45":{"start":{"line":201,"column":28},"end":{"line":201,"column":68}},"46":{"start":{"line":202,"column":111},"end":{"line":202,"column":122}},"47":{"start":{"line":204,"column":41},"end":{"line":204,"column":68}},"48":{"start":{"line":205,"column":35},"end":{"line":205,"column":60}},"49":{"start":{"line":207,"column":21},"end":{"line":207,"column":97}},"50":{"start":{"line":209,"column":26},"end":{"line":209,"column":149}},"51":{"start":{"line":211,"column":23},"end":{"line":214,"column":10}},"52":{"start":{"line":216,"column":37},"end":{"line":216,"column":78}},"53":{"start":{"line":218,"column":37},"end":{"line":218,"column":89}},"54":{"start":{"line":220,"column":27},"end":{"line":220,"column":82}},"55":{"start":{"line":222,"column":8},"end":{"line":226,"column":9}},"56":{"start":{"line":223,"column":12},"end":{"line":223,"column":87}},"57":{"start":{"line":225,"column":12},"end":{"line":225,"column":85}},"58":{"start":{"line":228,"column":8},"end":{"line":228,"column":68}},"59":{"start":{"line":230,"column":8},"end":{"line":232,"column":10}},"60":{"start":{"line":234,"column":8},"end":{"line":234,"column":20}},"61":{"start":{"line":238,"column":19},"end":{"line":244,"column":1}},"62":{"start":{"line":239,"column":17},"end":{"line":239,"column":37}},"63":{"start":{"line":240,"column":16},"end":{"line":240,"column":58}},"64":{"start":{"line":241,"column":18},"end":{"line":241,"column":66}},"65":{"start":{"line":242,"column":17},"end":{"line":242,"column":35}},"66":{"start":{"line":243,"column":4},"end":{"line":243,"column":37}}},"fnMap":{"0":{"name":"(anonymous_0)","decl":{"start":{"line":27,"column":25},"end":{"line":27,"column":26}},"loc":{"start":{"line":27,"column":51},"end":{"line":39,"column":3}},"line":27},"1":{"name":"(anonymous_1)","decl":{"start":{"line":40,"column":21},"end":{"line":40,"column":22}},"loc":{"start":{"line":40,"column":47},"end":{"line":77,"column":1}},"line":40},"2":{"name":"(anonymous_2)","decl":{"start":{"line":79,"column":28},"end":{"line":79,"column":29}},"loc":{"start":{"line":79,"column":54},"end":{"line":98,"column":1}},"line":79},"3":{"name":"(anonymous_3)","decl":{"start":{"line":159,"column":27},"end":{"line":159,"column":28}},"loc":{"start":{"line":159,"column":53},"end":{"line":192,"column":1}},"line":159},"4":{"name":"(anonymous_4)","decl":{"start":{"line":196,"column":33},"end":{"line":196,"column":34}},"loc":{"start":{"line":196,"column":59},"end":{"line":236,"column":1}},"line":196},"5":{"name":"(anonymous_5)","decl":{"start":{"line":238,"column":19},"end":{"line":238,"column":20}},"loc":{"start":{"line":238,"column":35},"end":{"line":244,"column":1}},"line":238}},"branchMap":{"0":{"loc":{"start":{"line":63,"column":8},"end":{"line":69,"column":9}},"type":"if","locations":[{"start":{"line":63,"column":8},"end":{"line":69,"column":9}},{"start":{},"end":{}}],"line":63},"1":{"loc":{"start":{"line":84,"column":8},"end":{"line":94,"column":9}},"type":"if","locations":[{"start":{"line":84,"column":8},"end":{"line":94,"column":9}},{"start":{"line":90,"column":15},"end":{"line":94,"column":9}}],"line":84},"2":{"loc":{"start":{"line":84,"column":12},"end":{"line":84,"column":33}},"type":"binary-expr","locations":[{"start":{"line":84,"column":12},"end":{"line":84,"column":21}},{"start":{"line":84,"column":25},"end":{"line":84,"column":33}}],"line":84},"3":{"loc":{"start":{"line":222,"column":8},"end":{"line":226,"column":9}},"type":"if","locations":[{"start":{"line":222,"column":8},"end":{"line":226,"column":9}},{"start":{"line":224,"column":15},"end":{"line":226,"column":9}}],"line":222}},"s":{"0":1,"1":3,"2":3,"3":3,"4":3,"5":0,"6":1,"7":3,"8":3,"9":3,"10":3,"11":3,"12":1,"13":1,"14":2,"15":0,"16":1,"17":3,"18":3,"19":3,"20":2,"21":1,"22":1,"23":1,"24":1,"25":0,"26":0,"27":0,"28":0,"29":0,"30":0,"31":0,"32":0,"33":0,"34":0,"35":0,"36":0,"37":0,"38":0,"39":0,"40":0,"41":1,"42":0,"43":0,"44":0,"45":0,"46":0,"47":0,"48":0,"49":0,"50":0,"51":0,"52":0,"53":0,"54":0,"55":0,"56":0,"57":0,"58":0,"59":0,"60":0,"61":1,"62":0,"63":0,"64":0,"65":0,"66":0},"f":{"0":3,"1":3,"2":3,"3":0,"4":0,"5":0},"b":{"0":[1,2],"1":[2,1],"2":[3,1],"3":[0,0]},"_coverageSchema":"1a1c01bbd47fc00a2c39e90264f33305004495a9","hash":"7ff3a2cf2693a096f59fa6d83e651953d2154e08"}
,"C:\\Users\\prerna.bhise\\Documents\\NodeJS_Assignment2\\src\\controllers\\patientController.js": {"path":"C:\\Users\\prerna.bhise\\Documents\\NodeJS_Assignment2\\src\\controllers\\patientController.js","statementMap":{"0":{"start":{"line":40,"column":4},"end":{"line":40,"column":18}},"1":{"start":{"line":45,"column":27},"end":{"line":56,"column":1}},"2":{"start":{"line":46,"column":2},"end":{"line":55,"column":3}},"3":{"start":{"line":47,"column":34},"end":{"line":47,"column":37}},"4":{"start":{"line":49,"column":24},"end":{"line":49,"column":48}},"5":{"start":{"line":50,"column":4},"end":{"line":52,"column":6}},"6":{"start":{"line":54,"column":4},"end":{"line":54,"column":15}},"7":{"start":{"line":59,"column":27},"end":{"line":70,"column":1}},"8":{"start":{"line":60,"column":2},"end":{"line":69,"column":3}},"9":{"start":{"line":61,"column":36},"end":{"line":61,"column":39}},"10":{"start":{"line":62,"column":23},"end":{"line":62,"column":56}},"11":{"start":{"line":64,"column":4},"end":{"line":66,"column":6}},"12":{"start":{"line":68,"column":4},"end":{"line":68,"column":16}},"13":{"start":{"line":72,"column":27},"end":{"line":111,"column":1}},"14":{"start":{"line":73,"column":2},"end":{"line":110,"column":3}},"15":{"start":{"line":87,"column":8},"end":{"line":87,"column":11}},"16":{"start":{"line":89,"column":41},"end":{"line":89,"column":44}},"17":{"start":{"line":90,"column":17},"end":{"line":100,"column":5}},"18":{"start":{"line":102,"column":19},"end":{"line":102,"column":63}},"19":{"start":{"line":104,"column":4},"end":{"line":106,"column":6}},"20":{"start":{"line":109,"column":4},"end":{"line":109,"column":15}},"21":{"start":{"line":113,"column":27},"end":{"line":162,"column":1}},"22":{"start":{"line":114,"column":2},"end":{"line":161,"column":3}},"23":{"start":{"line":128,"column":8},"end":{"line":128,"column":11}},"24":{"start":{"line":130,"column":24},"end":{"line":130,"column":59}},"25":{"start":{"line":131,"column":26},"end":{"line":131,"column":59}},"26":{"start":{"line":132,"column":27},"end":{"line":132,"column":62}},"27":{"start":{"line":134,"column":17},"end":{"line":144,"column":5}},"28":{"start":{"line":146,"column":51},"end":{"line":146,"column":54}},"29":{"start":{"line":148,"column":27},"end":{"line":148,"column":71}},"30":{"start":{"line":150,"column":4},"end":{"line":158,"column":5}},"31":{"start":{"line":151,"column":6},"end":{"line":151,"column":52}},"32":{"start":{"line":153,"column":6},"end":{"line":155,"column":8}},"33":{"start":{"line":157,"column":6},"end":{"line":157,"column":32}},"34":{"start":{"line":160,"column":4},"end":{"line":160,"column":15}},"35":{"start":{"line":164,"column":27},"end":{"line":181,"column":1}},"36":{"start":{"line":165,"column":2},"end":{"line":180,"column":3}},"37":{"start":{"line":166,"column":51},"end":{"line":166,"column":54}},"38":{"start":{"line":167,"column":36},"end":{"line":167,"column":39}},"39":{"start":{"line":169,"column":27},"end":{"line":169,"column":71}},"40":{"start":{"line":170,"column":4},"end":{"line":176,"column":5}},"41":{"start":{"line":171,"column":6},"end":{"line":171,"column":46}},"42":{"start":{"line":173,"column":6},"end":{"line":175,"column":8}},"43":{"start":{"line":177,"column":4},"end":{"line":177,"column":22}},"44":{"start":{"line":179,"column":4},"end":{"line":179,"column":15}},"45":{"start":{"line":185,"column":25},"end":{"line":196,"column":1}},"46":{"start":{"line":186,"column":2},"end":{"line":195,"column":3}},"47":{"start":{"line":187,"column":36},"end":{"line":187,"column":39}},"48":{"start":{"line":188,"column":23},"end":{"line":188,"column":54}},"49":{"start":{"line":190,"column":4},"end":{"line":192,"column":6}},"50":{"start":{"line":194,"column":4},"end":{"line":194,"column":15}},"51":{"start":{"line":198,"column":22},"end":{"line":209,"column":1}},"52":{"start":{"line":199,"column":2},"end":{"line":208,"column":3}},"53":{"start":{"line":200,"column":37},"end":{"line":200,"column":40}},"54":{"start":{"line":202,"column":4},"end":{"line":202,"column":42}},"55":{"start":{"line":203,"column":4},"end":{"line":205,"column":6}},"56":{"start":{"line":207,"column":4},"end":{"line":207,"column":15}},"57":{"start":{"line":211,"column":32},"end":{"line":266,"column":1}},"58":{"start":{"line":212,"column":2},"end":{"line":265,"column":3}},"59":{"start":{"line":229,"column":8},"end":{"line":229,"column":11}},"60":{"start":{"line":231,"column":4},"end":{"line":231,"column":69}},"61":{"start":{"line":232,"column":4},"end":{"line":232,"column":79}},"62":{"start":{"line":233,"column":4},"end":{"line":233,"column":57}},"63":{"start":{"line":234,"column":4},"end":{"line":234,"column":69}},"64":{"start":{"line":235,"column":4},"end":{"line":235,"column":79}},"65":{"start":{"line":236,"column":4},"end":{"line":236,"column":57}},"66":{"start":{"line":238,"column":23},"end":{"line":251,"column":5}},"67":{"start":{"line":252,"column":44},"end":{"line":252,"column":52}},"68":{"start":{"line":254,"column":27},"end":{"line":254,"column":71}},"69":{"start":{"line":255,"column":4},"end":{"line":261,"column":5}},"70":{"start":{"line":256,"column":6},"end":{"line":256,"column":53}},"71":{"start":{"line":258,"column":6},"end":{"line":260,"column":8}},"72":{"start":{"line":262,"column":4},"end":{"line":262,"column":21}},"73":{"start":{"line":264,"column":4},"end":{"line":264,"column":15}},"74":{"start":{"line":268,"column":32},"end":{"line":284,"column":1}},"75":{"start":{"line":269,"column":2},"end":{"line":283,"column":3}},"76":{"start":{"line":270,"column":36},"end":{"line":270,"column":39}},"77":{"start":{"line":271,"column":51},"end":{"line":271,"column":54}},"78":{"start":{"line":273,"column":27},"end":{"line":273,"column":71}},"79":{"start":{"line":274,"column":4},"end":{"line":279,"column":5}},"80":{"start":{"line":275,"column":6},"end":{"line":275,"column":41}},"81":{"start":{"line":276,"column":6},"end":{"line":278,"column":8}},"82":{"start":{"line":280,"column":4},"end":{"line":280,"column":22}},"83":{"start":{"line":282,"column":4},"end":{"line":282,"column":15}},"84":{"start":{"line":288,"column":26},"end":{"line":299,"column":1}},"85":{"start":{"line":289,"column":2},"end":{"line":298,"column":3}},"86":{"start":{"line":290,"column":36},"end":{"line":290,"column":39}},"87":{"start":{"line":291,"column":25},"end":{"line":291,"column":57}},"88":{"start":{"line":293,"column":4},"end":{"line":295,"column":6}},"89":{"start":{"line":297,"column":4},"end":{"line":297,"column":15}},"90":{"start":{"line":301,"column":23},"end":{"line":314,"column":1}},"91":{"start":{"line":302,"column":2},"end":{"line":313,"column":3}},"92":{"start":{"line":303,"column":38},"end":{"line":303,"column":41}},"93":{"start":{"line":305,"column":4},"end":{"line":305,"column":41}},"94":{"start":{"line":307,"column":4},"end":{"line":309,"column":6}},"95":{"start":{"line":312,"column":4},"end":{"line":312,"column":15}},"96":{"start":{"line":316,"column":26},"end":{"line":337,"column":1}},"97":{"start":{"line":317,"column":2},"end":{"line":336,"column":3}},"98":{"start":{"line":320,"column":8},"end":{"line":320,"column":11}},"99":{"start":{"line":321,"column":51},"end":{"line":321,"column":54}},"100":{"start":{"line":322,"column":27},"end":{"line":322,"column":71}},"101":{"start":{"line":324,"column":21},"end":{"line":324,"column":58}},"102":{"start":{"line":325,"column":4},"end":{"line":332,"column":5}},"103":{"start":{"line":326,"column":6},"end":{"line":326,"column":55}},"104":{"start":{"line":328,"column":6},"end":{"line":330,"column":8}},"105":{"start":{"line":333,"column":4},"end":{"line":333,"column":21}},"106":{"start":{"line":335,"column":4},"end":{"line":335,"column":15}},"107":{"start":{"line":339,"column":26},"end":{"line":356,"column":1}},"108":{"start":{"line":340,"column":2},"end":{"line":355,"column":3}},"109":{"start":{"line":341,"column":36},"end":{"line":341,"column":39}},"110":{"start":{"line":342,"column":51},"end":{"line":342,"column":54}},"111":{"start":{"line":344,"column":27},"end":{"line":344,"column":71}},"112":{"start":{"line":345,"column":4},"end":{"line":351,"column":5}},"113":{"start":{"line":346,"column":6},"end":{"line":346,"column":45}},"114":{"start":{"line":348,"column":6},"end":{"line":350,"column":8}},"115":{"start":{"line":352,"column":4},"end":{"line":352,"column":22}},"116":{"start":{"line":354,"column":4},"end":{"line":354,"column":15}},"117":{"start":{"line":359,"column":26},"end":{"line":371,"column":1}},"118":{"start":{"line":360,"column":2},"end":{"line":370,"column":3}},"119":{"start":{"line":361,"column":36},"end":{"line":361,"column":39}},"120":{"start":{"line":363,"column":25},"end":{"line":363,"column":56}},"121":{"start":{"line":364,"column":4},"end":{"line":366,"column":6}},"122":{"start":{"line":369,"column":4},"end":{"line":369,"column":15}},"123":{"start":{"line":373,"column":23},"end":{"line":424,"column":1}},"124":{"start":{"line":374,"column":2},"end":{"line":423,"column":3}},"125":{"start":{"line":376,"column":4},"end":{"line":378,"column":5}},"126":{"start":{"line":377,"column":6},"end":{"line":377,"column":26}},"127":{"start":{"line":380,"column":49},"end":{"line":380,"column":52}},"128":{"start":{"line":382,"column":4},"end":{"line":384,"column":5}},"129":{"start":{"line":383,"column":6},"end":{"line":383,"column":29}},"130":{"start":{"line":390,"column":19},"end":{"line":390,"column":45}},"131":{"start":{"line":391,"column":40},"end":{"line":391,"column":46}},"132":{"start":{"line":393,"column":25},"end":{"line":393,"column":60}},"133":{"start":{"line":395,"column":25},"end":{"line":399,"column":5}},"134":{"start":{"line":416,"column":4},"end":{"line":416,"column":37}},"135":{"start":{"line":418,"column":4},"end":{"line":420,"column":6}},"136":{"start":{"line":422,"column":4},"end":{"line":422,"column":15}},"137":{"start":{"line":426,"column":23},"end":{"line":467,"column":1}},"138":{"start":{"line":427,"column":2},"end":{"line":466,"column":3}},"139":{"start":{"line":428,"column":4},"end":{"line":430,"column":5}},"140":{"start":{"line":429,"column":6},"end":{"line":429,"column":26}},"141":{"start":{"line":431,"column":49},"end":{"line":431,"column":52}},"142":{"start":{"line":432,"column":4},"end":{"line":434,"column":5}},"143":{"start":{"line":433,"column":6},"end":{"line":433,"column":29}},"144":{"start":{"line":436,"column":27},"end":{"line":436,"column":79}},"145":{"start":{"line":437,"column":4},"end":{"line":439,"column":5}},"146":{"start":{"line":438,"column":6},"end":{"line":438,"column":31}},"147":{"start":{"line":442,"column":4},"end":{"line":445,"column":5}},"148":{"start":{"line":443,"column":21},"end":{"line":443,"column":47}},"149":{"start":{"line":444,"column":6},"end":{"line":444,"column":38}},"150":{"start":{"line":446,"column":25},"end":{"line":446,"column":60}},"151":{"start":{"line":448,"column":17},"end":{"line":452,"column":5}},"152":{"start":{"line":453,"column":51},"end":{"line":453,"column":54}},"153":{"start":{"line":455,"column":27},"end":{"line":455,"column":71}},"154":{"start":{"line":456,"column":4},"end":{"line":462,"column":5}},"155":{"start":{"line":457,"column":6},"end":{"line":457,"column":33}},"156":{"start":{"line":459,"column":6},"end":{"line":461,"column":8}},"157":{"start":{"line":463,"column":4},"end":{"line":463,"column":21}},"158":{"start":{"line":465,"column":4},"end":{"line":465,"column":15}},"159":{"start":{"line":471,"column":25},"end":{"line":499,"column":1}},"160":{"start":{"line":472,"column":2},"end":{"line":498,"column":3}},"161":{"start":{"line":474,"column":35},"end":{"line":474,"column":38}},"162":{"start":{"line":475,"column":37},"end":{"line":475,"column":40}},"163":{"start":{"line":477,"column":4},"end":{"line":479,"column":5}},"164":{"start":{"line":478,"column":6},"end":{"line":478,"column":29}},"165":{"start":{"line":481,"column":21},"end":{"line":484,"column":5}},"166":{"start":{"line":487,"column":4},"end":{"line":489,"column":5}},"167":{"start":{"line":488,"column":6},"end":{"line":488,"column":31}},"168":{"start":{"line":491,"column":24},"end":{"line":491,"column":65}},"169":{"start":{"line":493,"column":4},"end":{"line":493,"column":37}},"170":{"start":{"line":497,"column":4},"end":{"line":497,"column":15}}},"fnMap":{"0":{"name":"(anonymous_0)","decl":{"start":{"line":45,"column":27},"end":{"line":45,"column":28}},"loc":{"start":{"line":45,"column":53},"end":{"line":56,"column":1}},"line":45},"1":{"name":"(anonymous_1)","decl":{"start":{"line":59,"column":27},"end":{"line":59,"column":28}},"loc":{"start":{"line":59,"column":53},"end":{"line":70,"column":1}},"line":59},"2":{"name":"(anonymous_2)","decl":{"start":{"line":72,"column":27},"end":{"line":72,"column":28}},"loc":{"start":{"line":72,"column":53},"end":{"line":111,"column":1}},"line":72},"3":{"name":"(anonymous_3)","decl":{"start":{"line":113,"column":27},"end":{"line":113,"column":28}},"loc":{"start":{"line":113,"column":53},"end":{"line":162,"column":1}},"line":113},"4":{"name":"(anonymous_4)","decl":{"start":{"line":164,"column":27},"end":{"line":164,"column":28}},"loc":{"start":{"line":164,"column":53},"end":{"line":181,"column":1}},"line":164},"5":{"name":"(anonymous_5)","decl":{"start":{"line":185,"column":25},"end":{"line":185,"column":26}},"loc":{"start":{"line":185,"column":51},"end":{"line":196,"column":1}},"line":185},"6":{"name":"(anonymous_6)","decl":{"start":{"line":198,"column":22},"end":{"line":198,"column":23}},"loc":{"start":{"line":198,"column":48},"end":{"line":209,"column":1}},"line":198},"7":{"name":"(anonymous_7)","decl":{"start":{"line":211,"column":32},"end":{"line":211,"column":33}},"loc":{"start":{"line":211,"column":58},"end":{"line":266,"column":1}},"line":211},"8":{"name":"(anonymous_8)","decl":{"start":{"line":268,"column":32},"end":{"line":268,"column":33}},"loc":{"start":{"line":268,"column":58},"end":{"line":284,"column":1}},"line":268},"9":{"name":"(anonymous_9)","decl":{"start":{"line":288,"column":26},"end":{"line":288,"column":27}},"loc":{"start":{"line":288,"column":52},"end":{"line":299,"column":1}},"line":288},"10":{"name":"(anonymous_10)","decl":{"start":{"line":301,"column":23},"end":{"line":301,"column":24}},"loc":{"start":{"line":301,"column":49},"end":{"line":314,"column":1}},"line":301},"11":{"name":"(anonymous_11)","decl":{"start":{"line":316,"column":26},"end":{"line":316,"column":27}},"loc":{"start":{"line":316,"column":52},"end":{"line":337,"column":1}},"line":316},"12":{"name":"(anonymous_12)","decl":{"start":{"line":339,"column":26},"end":{"line":339,"column":27}},"loc":{"start":{"line":339,"column":52},"end":{"line":356,"column":1}},"line":339},"13":{"name":"(anonymous_13)","decl":{"start":{"line":359,"column":26},"end":{"line":359,"column":27}},"loc":{"start":{"line":359,"column":52},"end":{"line":371,"column":1}},"line":359},"14":{"name":"(anonymous_14)","decl":{"start":{"line":373,"column":23},"end":{"line":373,"column":24}},"loc":{"start":{"line":373,"column":49},"end":{"line":424,"column":1}},"line":373},"15":{"name":"(anonymous_15)","decl":{"start":{"line":426,"column":23},"end":{"line":426,"column":24}},"loc":{"start":{"line":426,"column":49},"end":{"line":467,"column":1}},"line":426},"16":{"name":"(anonymous_16)","decl":{"start":{"line":471,"column":25},"end":{"line":471,"column":26}},"loc":{"start":{"line":471,"column":51},"end":{"line":499,"column":1}},"line":471}},"branchMap":{"0":{"loc":{"start":{"line":130,"column":24},"end":{"line":130,"column":59}},"type":"binary-expr","locations":[{"start":{"line":130,"column":24},"end":{"line":130,"column":41}},{"start":{"line":130,"column":45},"end":{"line":130,"column":59}}],"line":130},"1":{"loc":{"start":{"line":131,"column":26},"end":{"line":131,"column":59}},"type":"binary-expr","locations":[{"start":{"line":131,"column":26},"end":{"line":131,"column":42}},{"start":{"line":131,"column":46},"end":{"line":131,"column":59}}],"line":131},"2":{"loc":{"start":{"line":132,"column":27},"end":{"line":132,"column":62}},"type":"binary-expr","locations":[{"start":{"line":132,"column":27},"end":{"line":132,"column":44}},{"start":{"line":132,"column":48},"end":{"line":132,"column":62}}],"line":132},"3":{"loc":{"start":{"line":150,"column":4},"end":{"line":158,"column":5}},"type":"if","locations":[{"start":{"line":150,"column":4},"end":{"line":158,"column":5}},{"start":{"line":156,"column":11},"end":{"line":158,"column":5}}],"line":150},"4":{"loc":{"start":{"line":150,"column":8},"end":{"line":150,"column":34}},"type":"binary-expr","locations":[{"start":{"line":150,"column":8},"end":{"line":150,"column":22}},{"start":{"line":150,"column":26},"end":{"line":150,"column":34}}],"line":150},"5":{"loc":{"start":{"line":170,"column":4},"end":{"line":176,"column":5}},"type":"if","locations":[{"start":{"line":170,"column":4},"end":{"line":176,"column":5}},{"start":{},"end":{}}],"line":170},"6":{"loc":{"start":{"line":170,"column":8},"end":{"line":170,"column":34}},"type":"binary-expr","locations":[{"start":{"line":170,"column":8},"end":{"line":170,"column":22}},{"start":{"line":170,"column":26},"end":{"line":170,"column":34}}],"line":170},"7":{"loc":{"start":{"line":231,"column":4},"end":{"line":231,"column":68}},"type":"cond-expr","locations":[{"start":{"line":231,"column":56},"end":{"line":231,"column":60}},{"start":{"line":231,"column":63},"end":{"line":231,"column":68}}],"line":231},"8":{"loc":{"start":{"line":231,"column":4},"end":{"line":231,"column":53}},"type":"binary-expr","locations":[{"start":{"line":231,"column":4},"end":{"line":231,"column":28}},{"start":{"line":231,"column":32},"end":{"line":231,"column":53}}],"line":231},"9":{"loc":{"start":{"line":232,"column":4},"end":{"line":232,"column":78}},"type":"cond-expr","locations":[{"start":{"line":232,"column":66},"end":{"line":232,"column":70}},{"start":{"line":232,"column":73},"end":{"line":232,"column":78}}],"line":232},"10":{"loc":{"start":{"line":232,"column":4},"end":{"line":232,"column":63}},"type":"binary-expr","locations":[{"start":{"line":232,"column":4},"end":{"line":232,"column":33}},{"start":{"line":232,"column":37},"end":{"line":232,"column":63}}],"line":232},"11":{"loc":{"start":{"line":233,"column":4},"end":{"line":233,"column":56}},"type":"cond-expr","locations":[{"start":{"line":233,"column":44},"end":{"line":233,"column":48}},{"start":{"line":233,"column":51},"end":{"line":233,"column":56}}],"line":233},"12":{"loc":{"start":{"line":233,"column":4},"end":{"line":233,"column":41}},"type":"binary-expr","locations":[{"start":{"line":233,"column":4},"end":{"line":233,"column":22}},{"start":{"line":233,"column":26},"end":{"line":233,"column":41}}],"line":233},"13":{"loc":{"start":{"line":234,"column":4},"end":{"line":234,"column":68}},"type":"cond-expr","locations":[{"start":{"line":234,"column":56},"end":{"line":234,"column":60}},{"start":{"line":234,"column":63},"end":{"line":234,"column":68}}],"line":234},"14":{"loc":{"start":{"line":234,"column":4},"end":{"line":234,"column":53}},"type":"binary-expr","locations":[{"start":{"line":234,"column":4},"end":{"line":234,"column":28}},{"start":{"line":234,"column":32},"end":{"line":234,"column":53}}],"line":234},"15":{"loc":{"start":{"line":235,"column":4},"end":{"line":235,"column":78}},"type":"cond-expr","locations":[{"start":{"line":235,"column":66},"end":{"line":235,"column":70}},{"start":{"line":235,"column":73},"end":{"line":235,"column":78}}],"line":235},"16":{"loc":{"start":{"line":235,"column":4},"end":{"line":235,"column":63}},"type":"binary-expr","locations":[{"start":{"line":235,"column":4},"end":{"line":235,"column":33}},{"start":{"line":235,"column":37},"end":{"line":235,"column":63}}],"line":235},"17":{"loc":{"start":{"line":236,"column":4},"end":{"line":236,"column":56}},"type":"cond-expr","locations":[{"start":{"line":236,"column":44},"end":{"line":236,"column":48}},{"start":{"line":236,"column":51},"end":{"line":236,"column":56}}],"line":236},"18":{"loc":{"start":{"line":236,"column":4},"end":{"line":236,"column":41}},"type":"binary-expr","locations":[{"start":{"line":236,"column":4},"end":{"line":236,"column":22}},{"start":{"line":236,"column":26},"end":{"line":236,"column":41}}],"line":236},"19":{"loc":{"start":{"line":255,"column":4},"end":{"line":261,"column":5}},"type":"if","locations":[{"start":{"line":255,"column":4},"end":{"line":261,"column":5}},{"start":{},"end":{}}],"line":255},"20":{"loc":{"start":{"line":255,"column":8},"end":{"line":255,"column":34}},"type":"binary-expr","locations":[{"start":{"line":255,"column":8},"end":{"line":255,"column":22}},{"start":{"line":255,"column":26},"end":{"line":255,"column":34}}],"line":255},"21":{"loc":{"start":{"line":274,"column":4},"end":{"line":279,"column":5}},"type":"if","locations":[{"start":{"line":274,"column":4},"end":{"line":279,"column":5}},{"start":{},"end":{}}],"line":274},"22":{"loc":{"start":{"line":274,"column":8},"end":{"line":274,"column":34}},"type":"binary-expr","locations":[{"start":{"line":274,"column":8},"end":{"line":274,"column":22}},{"start":{"line":274,"column":26},"end":{"line":274,"column":34}}],"line":274},"23":{"loc":{"start":{"line":325,"column":4},"end":{"line":332,"column":5}},"type":"if","locations":[{"start":{"line":325,"column":4},"end":{"line":332,"column":5}},{"start":{},"end":{}}],"line":325},"24":{"loc":{"start":{"line":325,"column":8},"end":{"line":325,"column":34}},"type":"binary-expr","locations":[{"start":{"line":325,"column":8},"end":{"line":325,"column":22}},{"start":{"line":325,"column":26},"end":{"line":325,"column":34}}],"line":325},"25":{"loc":{"start":{"line":345,"column":4},"end":{"line":351,"column":5}},"type":"if","locations":[{"start":{"line":345,"column":4},"end":{"line":351,"column":5}},{"start":{},"end":{}}],"line":345},"26":{"loc":{"start":{"line":345,"column":8},"end":{"line":345,"column":34}},"type":"binary-expr","locations":[{"start":{"line":345,"column":8},"end":{"line":345,"column":22}},{"start":{"line":345,"column":26},"end":{"line":345,"column":34}}],"line":345},"27":{"loc":{"start":{"line":376,"column":4},"end":{"line":378,"column":5}},"type":"if","locations":[{"start":{"line":376,"column":4},"end":{"line":378,"column":5}},{"start":{},"end":{}}],"line":376},"28":{"loc":{"start":{"line":382,"column":4},"end":{"line":384,"column":5}},"type":"if","locations":[{"start":{"line":382,"column":4},"end":{"line":384,"column":5}},{"start":{},"end":{}}],"line":382},"29":{"loc":{"start":{"line":382,"column":8},"end":{"line":382,"column":37}},"type":"binary-expr","locations":[{"start":{"line":382,"column":8},"end":{"line":382,"column":22}},{"start":{"line":382,"column":26},"end":{"line":382,"column":37}}],"line":382},"30":{"loc":{"start":{"line":428,"column":4},"end":{"line":430,"column":5}},"type":"if","locations":[{"start":{"line":428,"column":4},"end":{"line":430,"column":5}},{"start":{},"end":{}}],"line":428},"31":{"loc":{"start":{"line":432,"column":4},"end":{"line":434,"column":5}},"type":"if","locations":[{"start":{"line":432,"column":4},"end":{"line":434,"column":5}},{"start":{},"end":{}}],"line":432},"32":{"loc":{"start":{"line":432,"column":8},"end":{"line":432,"column":37}},"type":"binary-expr","locations":[{"start":{"line":432,"column":8},"end":{"line":432,"column":22}},{"start":{"line":432,"column":26},"end":{"line":432,"column":37}}],"line":432},"33":{"loc":{"start":{"line":437,"column":4},"end":{"line":439,"column":5}},"type":"if","locations":[{"start":{"line":437,"column":4},"end":{"line":439,"column":5}},{"start":{},"end":{}}],"line":437},"34":{"loc":{"start":{"line":442,"column":4},"end":{"line":445,"column":5}},"type":"if","locations":[{"start":{"line":442,"column":4},"end":{"line":445,"column":5}},{"start":{},"end":{}}],"line":442},"35":{"loc":{"start":{"line":456,"column":4},"end":{"line":462,"column":5}},"type":"if","locations":[{"start":{"line":456,"column":4},"end":{"line":462,"column":5}},{"start":{},"end":{}}],"line":456},"36":{"loc":{"start":{"line":456,"column":8},"end":{"line":456,"column":34}},"type":"binary-expr","locations":[{"start":{"line":456,"column":8},"end":{"line":456,"column":22}},{"start":{"line":456,"column":26},"end":{"line":456,"column":34}}],"line":456},"37":{"loc":{"start":{"line":477,"column":4},"end":{
[...]
{"start":{"line":370,"column":62},"end":{"line":375,"column":7}},"line":370},"57":{"name":"(anonymous_57)","decl":{"start":{"line":379,"column":19},"end":{"line":379,"column":20}},"loc":{"start":{"line":379,"column":36},"end":{"line":394,"column":1}},"line":379},"58":{"name":"(anonymous_58)","decl":{"start":{"line":381,"column":35},"end":{"line":381,"column":36}},"loc":{"start":{"line":381,"column":56},"end":{"line":388,"column":5}},"line":381},"59":{"name":"(anonymous_59)","decl":{"start":{"line":382,"column":83},"end":{"line":382,"column":84}},"loc":{"start":{"line":382,"column":102},"end":{"line":387,"column":7}},"line":382},"60":{"name":"(anonymous_60)","decl":{"start":{"line":396,"column":20},"end":{"line":396,"column":21}},"loc":{"start":{"line":396,"column":37},"end":{"line":411,"column":1}},"line":396},"61":{"name":"(anonymous_61)","decl":{"start":{"line":398,"column":35},"end":{"line":398,"column":36}},"loc":{"start":{"line":398,"column":56},"end":{"line":405,"column":5}},"line":398},"62":{"name":"(anonymous_62)","decl":{"start":{"line":399,"column":67},"end":{"line":399,"column":68}},"loc":{"start":{"line":399,"column":86},"end":{"line":404,"column":7}},"line":399},"63":{"name":"(anonymous_63)","decl":{"start":{"line":414,"column":32},"end":{"line":414,"column":33}},"loc":{"start":{"line":414,"column":59},"end":{"line":491,"column":1}},"line":414},"64":{"name":"(anonymous_64)","decl":{"start":{"line":416,"column":38},"end":{"line":416,"column":39}},"loc":{"start":{"line":416,"column":59},"end":{"line":485,"column":5}},"line":416},"65":{"name":"(anonymous_65)","decl":{"start":{"line":478,"column":8},"end":{"line":478,"column":9}},"loc":{"start":{"line":478,"column":28},"end":{"line":483,"column":9}},"line":478},"66":{"name":"(anonymous_66)","decl":{"start":{"line":493,"column":26},"end":{"line":493,"column":27}},"loc":{"start":{"line":493,"column":45},"end":{"line":511,"column":1}},"line":493},"67":{"name":"(anonymous_67)","decl":{"start":{"line":496,"column":31},"end":{"line":496,"column":32}},"loc":{"start":{"line":496,"column":52},"end":{"line":507,"column":7}},"line":496},"68":{"name":"(anonymous_68)","decl":{"start":{"line":500,"column":83},"end":{"line":500,"column":84}},"loc":{"start":{"line":500,"column":103},"end":{"line":506,"column":11}},"line":500},"69":{"name":"(anonymous_69)","decl":{"start":{"line":513,"column":20},"end":{"line":513,"column":21}},"loc":{"start":{"line":513,"column":37},"end":{"line":533,"column":1}},"line":513},"70":{"name":"(anonymous_70)","decl":{"start":{"line":516,"column":23},"end":{"line":516,"column":24}},"loc":{"start":{"line":516,"column":44},"end":{"line":528,"column":5}},"line":516},"71":{"name":"(anonymous_71)","decl":{"start":{"line":520,"column":8},"end":{"line":520,"column":9}},"loc":{"start":{"line":520,"column":28},"end":{"line":526,"column":9}},"line":520},"72":{"name":"(anonymous_72)","decl":{"start":{"line":534,"column":19},"end":{"line":534,"column":20}},"loc":{"start":{"line":534,"column":36},"end":{"line":553,"column":1}},"line":534},"73":{"name":"(anonymous_73)","decl":{"start":{"line":536,"column":25},"end":{"line":536,"column":26}},"loc":{"start":{"line":536,"column":46},"end":{"line":548,"column":7}},"line":536},"74":{"name":"(anonymous_74)","decl":{"start":{"line":540,"column":10},"end":{"line":540,"column":11}},"loc":{"start":{"line":540,"column":30},"end":{"line":546,"column":11}},"line":540}},"branchMap":{"0":{"loc":{"start":{"line":20,"column":10},"end":{"line":20,"column":42}},"type":"if","locations":[{"start":{"line":20,"column":10},"end":{"line":20,"column":42}},{"start":{},"end":{}}],"line":20},"1":{"loc":{"start":{"line":39,"column":10},"end":{"line":39,"column":42}},"type":"if","locations":[{"start":{"line":39,"column":10},"end":{"line":39,"column":42}},{"start":{},"end":{}}],"line":39},"2":{"loc":{"start":{"line":56,"column":8},"end":{"line":58,"column":9}},"type":"if","locations":[{"start":{"line":56,"column":8},"end":{"line":58,"column":9}},{"start":{},"end":{}}],"line":56},"3":{"loc":{"start":{"line":89,"column":8},"end":{"line":93,"column":9}},"type":"if","locations":[{"start":{"line":89,"column":8},"end":{"line":93,"column":9}},{"start":{"line":91,"column":15},"end":{"line":93,"column":9}}],"line":89},"4":{"loc":{"start":{"line":107,"column":6},"end":{"line":109,"column":7}},"type":"if","locations":[{"start":{"line":107,"column":6},"end":{"line":109,"column":7}},{"start":{},"end":{}}],"line":107},"5":{"loc":{"start":{"line":119,"column":6},"end":{"line":121,"column":7}},"type":"if","locations":[{"start":{"line":119,"column":6},"end":{"line":121,"column":7}},{"start":{},"end":{}}],"line":119},"6":{"loc":{"start":{"line":122,"column":14},"end":{"line":122,"column":52}},"type":"cond-expr","locations":[{"start":{"line":122,"column":35},"end":{"line":122,"column":45}},{"start":{"line":122,"column":48},"end":{"line":122,"column":52}}],"line":122},"7":{"loc":{"start":{"line":131,"column":6},"end":{"line":133,"column":7}},"type":"if","locations":[{"start":{"line":131,"column":6},"end":{"line":133,"column":7}},{"start":{},"end":{}}],"line":131},"8":{"loc":{"start":{"line":134,"column":14},"end":{"line":134,"column":52}},"type":"cond-expr","locations":[{"start":{"line":134,"column":35},"end":{"line":134,"column":45}},{"start":{"line":134,"column":48},"end":{"line":134,"column":52}}],"line":134},"9":{"loc":{"start":{"line":150,"column":10},"end":{"line":152,"column":11}},"type":"if","locations":[{"start":{"line":150,"column":10},"end":{"line":152,"column":11}},{"start":{},"end":{}}],"line":150},"10":{"loc":{"start":{"line":172,"column":10},"end":{"line":174,"column":11}},"type":"if","locations":[{"start":{"line":172,"column":10},"end":{"line":174,"column":11}},{"start":{},"end":{}}],"line":172},"11":{"loc":{"start":{"line":197,"column":10},"end":{"line":199,"column":11}},"type":"if","locations":[{"start":{"line":197,"column":10},"end":{"line":199,"column":11}},{"start":{},"end":{}}],"line":197},"12":{"loc":{"start":{"line":218,"column":10},"end":{"line":220,"column":11}},"type":"if","locations":[{"start":{"line":218,"column":10},"end":{"line":220,"column":11}},{"start":{},"end":{}}],"line":218},"13":{"loc":{"start":{"line":241,"column":10},"end":{"line":243,"column":11}},"type":"if","locations":[{"start":{"line":241,"column":10},"end":{"line":243,"column":11}},{"start":{},"end":{}}],"line":241},"14":{"loc":{"start":{"line":261,"column":10},"end":{"line":261,"column":42}},"type":"if","locations":[{"start":{"line":261,"column":10},"end":{"line":261,"column":42}},{"start":{},"end":{}}],"line":261},"15":{"loc":{"start":{"line":278,"column":10},"end":{"line":280,"column":11}},"type":"if","locations":[{"start":{"line":278,"column":10},"end":{"line":280,"column":11}},{"start":{},"end":{}}],"line":278},"16":{"loc":{"start":{"line":297,"column":10},"end":{"line":299,"column":11}},"type":"if","locations":[{"start":{"line":297,"column":10},"end":{"line":299,"column":11}},{"start":{},"end":{}}],"line":297},"17":{"loc":{"start":{"line":316,"column":10},"end":{"line":318,"column":11}},"type":"if","locations":[{"start":{"line":316,"column":10},"end":{"line":318,"column":11}},{"start":{},"end":{}}],"line":316},"18":{"loc":{"start":{"line":319,"column":10},"end":{"line":323,"column":11}},"type":"if","locations":[{"start":{"line":319,"column":10},"end":{"line":323,"column":11}},{"start":{"line":321,"column":17},"end":{"line":323,"column":11}}],"line":319},"19":{"loc":{"start":{"line":340,"column":10},"end":{"line":340,"column":42}},"type":"if","locations":[{"start":{"line":340,"column":10},"end":{"line":340,"column":42}},{"start":{},"end":{}}],"line":340},"20":{"loc":{"start":{"line":357,"column":8},"end":{"line":359,"column":9}},"type":"if","locations":[{"start":{"line":357,"column":8},"end":{"line":359,"column":9}},{"start":{},"end":{}}],"line":357},"21":{"loc":{"start":{"line":371,"column":8},"end":{"line":373,"column":9}},"type":"if","locations":[{"start":{"line":371,"column":8},"end":{"line":373,"column":9}},{"start":{},"end":{}}],"line":371},"22":{"loc":{"start":{"line":383,"column":8},"end":{"line":385,"column":9}},"type":"if","locations":[{"start":{"line":383,"column":8},"end":{"line":385,"column":9}},{"start":{},"end":{}}],"line":383},"23":{"loc":{"start":{"line":400,"column":8},"end":{"line":402,"column":9}},"type":"if","locations":[{"start":{"line":400,"column":8},"end":{"line":402,"column":9}},{"start":{},"end":{}}],"line":400},"24":{"loc":{"start":{"line":479,"column":10},"end":{"line":481,"column":11}},"type":"if","locations":[{"start":{"line":479,"column":10},"end":{"line":481,"column":11}},{"start":{},"end":{}}],"line":479},"25":{"loc":{"start":{"line":501,"column":14},"end":{"line":505,"column":15}},"type":"if","locations":[{"start":{"line":501,"column":14},"end":{"line":505,"column":15}},{"start":{"line":503,"column":21},"end":{"line":505,"column":15}}],"line":501},"26":{"loc":{"start":{"line":521,"column":10},"end":{"line":525,"column":11}},"type":"if","locations":[{"start":{"line":521,"column":10},"end":{"line":525,"column":11}},{"start":{"line":523,"column":17},"end":{"line":525,"column":11}}],"line":521},"27":{"loc":{"start":{"line":541,"column":12},"end":{"line":545,"column":13}},"type":"if","locations":[{"start":{"line":541,"column":12},"end":{"line":545,"column":13}},{"start":{"line":543,"column":19},"end":{"line":545,"column":13}}],"line":541}},"s":{"0":2,"1":2,"2":2,"3":2,"4":2,"5":2,"6":1,"7":1,"8":1,"9":1,"10":2,"11":0,"12":0,"13":0,"14":0,"15":0,"16":0,"17":0,"18":0,"19":2,"20":3,"21":3,"22":3,"23":1,"24":2,"25":2,"26":2,"27":2,"28":2,"29":2,"30":2,"31":2,"32":1,"33":1,"34":1,"35":2,"36":0,"37":0,"38":0,"39":0,"40":0,"41":2,"42":0,"43":0,"44":0,"45":0,"46":0,"47":2,"48":2,"49":2,"50":2,"51":0,"52":2,"53":2,"54":0,"55":0,"56":0,"57":0,"58":0,"59":0,"60":0,"61":0,"62":2,"63":1,"64":1,"65":1,"66":1,"67":1,"68":0,"69":1,"70":1,"71":0,"72":2,"73":0,"74":0,"75":0,"76":0,"77":0,"78":0,"79":0,"80":0,"81":0,"82":2,"83":1,"84":1,"85":1,"86":1,"87":0,"88":1,"89":1,"90":0,"91":2,"92":0,"93":0,"94":0,"95":0,"96":0,"97":0,"98":0,"99":0,"100":2,"101":0,"102":0,"103":0,"104":0,"105":0,"106":0,"107":0,"108":0,"109":2,"110":0,"111":0,"112":0,"113":0,"114":0,"115":0,"116":0,"117":0,"118":2,"119":0,"120":0,"121":0,"122":0,"123":0,"124":0,"125":0,"126":0,"127":2,"128":0,"129":0,"130":0,"131":0,"132":0,"133":0,"134":0,"135":0,"136":0,"137":0,"138":2,"139":0,"140":0,"141":0,"142":0,"143":0,"144":0,"145":0,"146":2,"147":0,"148":0,"149":0,"150":0,"151":0,"152":0,"153":2,"154":0,"155":0,"156":0,"157":0,"158":0,"159":2,"160":0,"161":0,"162":0,"163":0,"164":0,"165":0,"166":0,"167":0,"168":2,"169":0,"170":0,"171":0,"172":0,"173":0,"174":0,"175":0,"176":0,"177":2,"178":1,"179":1,"180":1,"181":1,"182":0,"183":1,"184":1,"185":0,"186":2,"187":0,"188":0,"189":0,"190":0,"191":0,"192":0,"193":0,"194":0,"195":2,"196":0,"197":0,"198":0,"199":0,"200":0,"201":0,"202":0,"203":2,"204":0,"205":0,"206":0,"207":0,"208":0,"209":0,"210":0},"f":{"0":2,"1":2,"2":2,"3":0,"4":0,"5":0,"6":3,"7":3,"8":3,"9":2,"10":2,"11":2,"12":0,"13":0,"14":0,"15":0,"16":0,"17":0,"18":2,"19":2,"20":2,"21":0,"22":0,"23":0,"24":1,"25":1,"26":1,"27":0,"28":0,"29":0,"30":1,"31":1,"32":1,"33":0,"34":0,"35":0,"36":0,"37":0,"38":0,"39":0,"40":0,"41":0,"42":0,"43":0,"44":0,"45":0,"46":0,"47":0,"48":0,"49":0,"50":0,"51":0,"52":0,"53":0,"54":0,"55":0,"56":0,"57":0,"58":0,"59":0,"60":0,"61":0,"62":0,"63":1,"64":1,"65":1,"66":0,"67":0,"68":0,"69":0,"70":0,"71":0,"72":0,"73":0,"74":0},"b":{"0":[1,1],"1":[0,0],"2":[1,2],"3":[1,1],"4":[0,0],"5":[0,0],"6":[0,0],"7":[0,2],"8":[1,1],"9":[0,0],"10":[0,1],"11":[0,0],"12":[0,1],"13":[0,0],"14":[0,0],"15":[0,0],"16":[0,0],"17":[0,0],"18":[0,0],"19":[0,0],"20":[0,0],"21":[0,0],"22":[0,0],"23":[0,0],"24":[0,1],"25":[0,0],"26":[0,0],"27":[0,0]},"_coverageSchema":"1a1c01bbd47fc00a2c39e90264f33305004495a9","hash":"81df4352bb6bad0e85418dcebf26aec49b23e7fa"}
,"C:\\Users\\prerna.bhise\\Documents\\NodeJS_Assignment2\\src\\test\\controllers\\test.constants.js": {"path":"C:\\Users\\prerna.bhise\\Documents\\NodeJS_Assignment2\\src\\test\\controllers\\test.constants.js","statementMap":{"0":{"start":{"line":1,"column":22},"end":{"line":8,"column":1}},"1":{"start":{"line":9,"column":17},"end":{"line":11,"column":1}},"2":{"start":{"line":12,"column":14},"end":{"line":14,"column":1}},"3":{"start":{"line":15,"column":19},"end":{"line":20,"column":1}},"4":{"start":{"line":21,"column":21},"end":{"line":27,"column":1}},"5":{"start":{"line":28,"column":19},"end":{"line":30,"column":1}},"6":{"start":{"line":31,"column":21},"end":{"line":36,"column":1}},"7":{"start":{"line":37,"column":18},"end":{"line":42,"column":1}},"8":{"start":{"line":43,"column":20},"end":{"line":48,"column":1}},"9":{"start":{"line":50,"column":25},"end":{"line":52,"column":3}},"10":{"start":{"line":54,"column":23},"end":{"line":58,"column":3}},"11":{"start":{"line":60,"column":26},"end":{"line":63,"column":3}},"12":{"start":{"line":65,"column":27},"end":{"line":67,"column":7}},"13":{"start":{"line":69,"column":28},"end":{"line":72,"column":6}},"14":{"start":{"line":74,"column":34},"end":{"line":79,"column":7}},"15":{"start":{"line":81,"column":38},"end":{"line":84,"column":7}},"16":{"start":{"line":86,"column":40},"end":{"line":105,"column":7}},"17":{"start":{"line":107,"column":43},"end":{"line":112,"column":7}},"18":{"start":{"line":114,"column":50},"end":{"line":119,"column":7}},"19":{"start":{"line":121,"column":30},"end":{"line":123,"column":5}},"20":{"start":{"line":125,"column":29},"end":{"line":128,"column":7}},"21":{"start":{"line":130,"column":29},"end":{"line":132,"column":7}},"22":{"start":{"line":134,"column":35},"end":{"line":141,"column":7}},"23":{"start":{"line":143,"column":29},"end":{"line":149,"column":7}},"24":{"start":{"line":151,"column":29},"end":{"line":154,"column":7}},"25":{"start":{"line":156,"column":36},"end":{"line":160,"column":7}},"26":{"start":{"line":162,"column":38},"end":{"line":167,"column":9}},"27":{"start":{"line":169,"column":33},"end":{"line":172,"column":9}},"28":{"start":{"line":174,"column":33},"end":{"line":179,"column":11}},"29":{"start":{"line":181,"column":27},"end":{"line":183,"column":11}},"30":{"start":{"line":185,"column":43},"end":{"line":188,"column":5}},"31":{"start":{"line":190,"column":27},"end":{"line":192,"column":7}},"32":{"start":{"line":194,"column":32},"end":{"line":199,"column":7}},"33":{"start":{"line":201,"column":34},"end":{"line":206,"column":7}},"34":{"start":{"line":208,"column":37},"end":{"line":213,"column":7}},"35":{"start":{"line":215,"column":25},"end":{"line":221,"column":7}},"36":{"start":{"line":223,"column":31},"end":{"line":226,"column":7}},"37":{"start":{"line":228,"column":26},"end":{"line":230,"column":7}},"38":{"start":{"line":232,"column":27},"end":{"line":232,"column":55}},"39":{"start":{"line":234,"column":26},"end":{"line":234,"column":41}},"40":{"start":{"line":236,"column":26},"end":{"line":245,"column":7}},"41":{"start":{"line":247,"column":30},"end":{"line":249,"column":7}},"42":{"start":{"line":251,"column":40},"end":{"line":254,"column":7}},"43":{"start":{"line":256,"column":38},"end":{"line":263,"column":7}},"44":{"start":{"line":265,"column":37},"end":{"line":269,"column":7}},"45":{"start":{"line":271,"column":39},"end":{"line":277,"column":7}},"46":{"start":{"line":279,"column":35},"end":{"line":282,"column":7}},"47":{"start":{"line":284,"column":35},"end":{"line":286,"column":7}},"48":{"start":{"line":288,"column":38},"end":{"line":290,"column":7}},"49":{"start":{"line":292,"column":33},"end":{"line":295,"column":7}},"50":{"start":{"line":297,"column":37},"end":{"line":299,"column":7}},"51":{"start":{"line":301,"column":38},"end":{"line":303,"column":7}},"52":{"start":{"line":305,"column":43},"end":{"line":307,"column":7}},"53":{"start":{"line":309,"column":27},"end":{"line":311,"column":7}},"54":{"start":{"line":313,"column":27},"end":{"line":313,"column":63}},"55":{"start":{"line":315,"column":36},"end":{"line":317,"column":7}},"56":{"start":{"line":319,"column":31},"end":{"line":323,"column":7}},"57":{"start":{"line":325,"column":31},"end":{"line":327,"column":7}},"58":{"start":{"line":329,"column":27},"end":{"line":329,"column":62}},"59":{"start":{"line":331,"column":35},"end":{"line":341,"column":7}},"60":{"start":{"line":343,"column":34},"end":{"line":346,"column":7}},"61":{"start":{"line":348,"column":35},"end":{"line":359,"column":7}},"62":{"start":{"line":361,"column":34},"end":{"line":365,"column":7}},"63":{"start":{"line":367,"column":34},"end":{"line":378,"column":7}},"64":{"start":{"line":380,"column":33},"end":{"line":382,"column":7}},"65":{"start":{"line":384,"column":33},"end":{"line":398,"column":7}},"66":{"start":{"line":400,"column":31},"end":{"line":419,"column":5}},"67":{"start":{"line":421,"column":31},"end":{"line":435,"column":5}},"68":{"start":{"line":437,"column":31},"end":{"line":437,"column":92}},"69":{"start":{"line":439,"column":32},"end":{"line":439,"column":101}},"70":{"start":{"line":441,"column":31},"end":{"line":441,"column":61}},"71":{"start":{"line":443,"column":31},"end":{"line":443,"column":50}},"72":{"start":{"line":445,"column":32},"end":{"line":445,"column":62}},"73":{"start":{"line":447,"column":30},"end":{"line":447,"column":49}},"74":{"start":{"line":449,"column":28},"end":{"line":449,"column":70}},"75":{"start":{"line":451,"column":26},"end":{"line":451,"column":84}}},"fnMap":{},"branchMap":{},"s":{"0":4,"1":4,"2":4,"3":4,"4":4,"5":4,"6":4,"7":4,"8":4,"9":4,"10":4,"11":4,"12":4,"13":4,"14":4,"15":4,"16":4,"17":4,"18":4,"19":4,"20":4,"21":4,"22":4,"23":4,"24":4,"25":4,"26":4,"27":4,"28":4,"29":4,"30":4,"31":4,"32":4,"33":4,"34":4,"35":4,"36":4,"37":4,"38":4,"39":4,"40":4,"41":4,"42":4,"43":4,"44":4,"45":4,"46":4,"47":4,"48":4,"49":4,"50":4,"51":4,"52":4,"53":4,"54":4,"55":4,"56":4,"57":4,"58":4,"59":4,"60":4,"61":4,"62":4,"63":4,"64":4,"65":4,"66":4,"67":4,"68":4,"69":4,"70":4,"71":4,"72":4,"73":4,"74":4,"75":4},"f":{},"b":{},"_coverageSchema":"1a1c01bbd47fc00a2c39e90264f33305004495a9","hash":"025f1096a06c242aef9ca6d1b179fa303b967c7a"}
,"C:\\Users\\prerna.bhise\\Documents\\NodeJS_Assignment2\\src\\test\\models\\test.model.constants.js": {"path":"C:\\Users\\prerna.bhise\\Documents\\NodeJS_Assignment2\\src\\test\\models\\test.model.constants.js","statementMap":{"0":{"start":{"line":1,"column":18},"end":{"line":1,"column":118}},"1":{"start":{"line":4,"column":27},"end":{"line":6,"column":1}},"2":{"start":{"line":8,"column":21},"end":{"line":14,"column":1}},"3":{"start":{"line":16,"column":16},"end":{"line":16,"column":70}},"4":{"start":{"line":18,"column":31},"end":{"line":18,"column":82}},"5":{"start":{"line":20,"column":33},"end":{"line":23,"column":1}},"6":{"start":{"line":25,"column":21},"end":{"line":28,"column":1}},"7":{"start":{"line":30,"column":22},"end":{"line":30,"column":81}},"8":{"start":{"line":32,"column":19},"end":{"line":35,"column":1}},"9":{"start":{"line":37,"column":23},"end":{"line":37,"column":72}},"10":{"start":{"line":39,"column":23},"end":{"line":43,"column":1}},"11":{"start":{"line":45,"column":25},"end":{"line":49,"column":4}},"12":{"start":{"line":51,"column":25},"end":{"line":51,"column":65}},"13":{"start":{"line":53,"column":16},"end":{"line":61,"column":3}},"14":{"start":{"line":63,"column":22},"end":{"line":72,"column":3}},"15":{"start":{"line":74,"column":26},"end":{"line":85,"column":3}},"16":{"start":{"line":87,"column":23},"end":{"line":123,"column":3}},"17":{"start":{"line":125,"column":26},"end":{"line":127,"column":3}},"18":{"start":{"line":129,"column":31},"end":{"line":139,"column":3}},"19":{"start":{"line":141,"column":33},"end":{"line":144,"column":3}}},"fnMap":{},"branchMap":{},"s":{"0":4,"1":4,"2":4,"3":4,"4":4,"5":4,"6":4,"7":4,"8":4,"9":4,"10":4,"11":4,"12":4,"13":4,"14":4,"15":4,"16":4,"17":4,"18":4,"19":4},"f":{},"b":{},"_coverageSchema":"1a1c01bbd47fc00a2c39e90264f33305004495a9","hash":"365da7c3158c955c11cd4fe5a729ac41a003942d"}
}
