{"C:\\Users\\prerna.bhise\\Documents\\NodeJS_Assignment2\\src\\common\\constants\\mailTemplate.js": {"path":"C:\\Users\\prerna.bhise\\Documents\\NodeJS_Assignment2\\src\\common\\constants\\mailTemplate.js","statementMap":{"0":{"start":{"line":1,"column":20},"end":{"line":16,"column":1}},"1":{"start":{"line":2,"column":2},"end":{"line":15,"column":4}},"2":{"start":{"line":18,"column":26},"end":{"line":44,"column":1}},"3":{"start":{"line":19,"column":2},"end":{"line":43,"column":4}},"4":{"start":{"line":48,"column":25},"end":{"line":61,"column":1}},"5":{"start":{"line":49,"column":2},"end":{"line":60,"column":7}},"6":{"start":{"line":63,"column":31},"end":{"line":84,"column":1}},"7":{"start":{"line":64,"column":2},"end":{"line":82,"column":9}},"8":{"start":{"line":85,"column":32},"end":{"line":101,"column":1}},"9":{"start":{"line":86,"column":2},"end":{"line":100,"column":4}},"10":{"start":{"line":102,"column":34},"end":{"line":123,"column":1}},"11":{"start":{"line":103,"column":2},"end":{"line":122,"column":9}},"12":{"start":{"line":125,"column":21},"end":{"line":150,"column":1}},"13":{"start":{"line":127,"column":2},"end":{"line":149,"column":8}}},"fnMap":{"0":{"name":"(anonymous_0)","decl":{"start":{"line":1,"column":20},"end":{"line":1,"column":21}},"loc":{"start":{"line":1,"column":35},"end":{"line":16,"column":1}},"line":1},"1":{"name":"(anonymous_1)","decl":{"start":{"line":18,"column":26},"end":{"line":18,"column":27}},"loc":{"start":{"line":18,"column":42},"end":{"line":44,"column":1}},"line":18},"2":{"name":"(anonymous_2)","decl":{"start":{"line":48,"column":25},"end":{"line":48,"column":26}},"loc":{"start":{"line":48,"column":31},"end":{"line":61,"column":1}},"line":48},"3":{"name":"(anonymous_3)","decl":{"start":{"line":63,"column":31},"end":{"line":63,"column":32}},"loc":{"start":{"line":63,"column":94},"end":{"line":84,"column":1}},"line":63},"4":{"name":"(anonymous_4)","decl":{"start":{"line":85,"column":32},"end":{"line":85,"column":33}},"loc":{"start":{"line":85,"column":38},"end":{"line":101,"column":1}},"line":85},"5":{"name":"(anonymous_5)","decl":{"start":{"line":102,"column":34},"end":{"line":102,"column":35}},"loc":{"start":{"line":102,"column":105},"end":{"line":123,"column":1}},"line":102},"6":{"name":"(anonymous_6)","decl":{"start":{"line":125,"column":21},"end":{"line":125,"column":22}},"loc":{"start":{"line":125,"column":67},"end":{"line":150,"column":1}},"line":125}},"branchMap":{},"s":{"0":4,"1":0,"2":4,"3":1,"4":4,"5":0,"6":4,"7":0,"8":4,"9":0,"10":4,"11":0,"12":4,"13":4},"f":{"0":0,"1":1,"2":0,"3":0,"4":0,"5":0,"6":4},"b":{},"_coverageSchema":"1a1c01bbd47fc00a2c39e90264f33305004495a9","hash":"d691324a7e3f6be2736e769cbab4e879c1e513a9"}
,"C:\\Users\\prerna.bhise\\Documents\\NodeJS_Assignment2\\src\\common\\constants\\response.js": {"path":"C:\\Users\\prerna.bhise\\Documents\\NodeJS_Assignment2\\src\\common\\constants\\response.js","statementMap":{"0":{"start":{"line":10,"column":2},"end":{"line":10,"column":19}},"1":{"start":{"line":11,"column":29},"end":{"line":11,"column":48}},"2":{"start":{"line":30,"column":4},"end":{"line":30,"column":17}},"3":{"start":{"line":50,"column":4},"end":{"line":50,"column":19}},"4":{"start":{"line":52,"column":30},"end":{"line":92,"column":1}}},"fnMap":{},"branchMap":{},"s":{"0":2,"1":2,"2":2,"3":2,"4":2},"f":{},"b":{},"_coverageSchema":"1a1c01bbd47fc00a2c39e90264f33305004495a9","hash":"a62d6f52b2806fa798f50d952750c78a854eaf41"}
,"C:\\Users\\prerna.bhise\\Documents\\NodeJS_Assignment2\\src\\common\\constants\\statusConstant.js": {"path":"C:\\Users\\prerna.bhise\\Documents\\NodeJS_Assignment2\\src\\common\\constants\\statusConstant.js","statementMap":{"0":{"start":{"line":1,"column":26},"end":{"line":8,"column":1}},"1":{"start":{"line":9,"column":28},"end":{"line":12,"column":1}},"2":{"start":{"line":13,"column":22},"end":{"line":51,"column":1}},"3":{"start":{"line":53,"column":24},"end":{"line":97,"column":1}}},"fnMap":{},"branchMap":{},"s":{"0":3,"1":3,"2":3,"3":3},"f":{},"b":{},"_coverageSchema":"1a1c01bbd47fc00a2c39e90264f33305004495a9","hash":"50505fbe3b23223f6571a01c085c56b3cbed820c"}
,"C:\\Users\\prerna.bhise\\Documents\\NodeJS_Assignment2\\src\\common\\utility\\approveAppointment.js": {"path":"C:\\Users\\prerna.bhise\\Documents\\NodeJS_Assignment2\\src\\common\\utility\\approveAppointment.js","statementMap":{"0":{"start":{"line":3,"column":23},"end":{"line":20,"column":1}},"1":{"start":{"line":4,"column":2},"end":{"line":19,"column":3}},"2":{"start":{"line":5,"column":24},"end":{"line":10,"column":5}},"3":{"start":{"line":12,"column":4},"end":{"line":12,"column":44}},"4":{"start":{"line":14,"column":4},"end":{"line":14,"column":55}},"5":{"start":{"line":17,"column":4},"end":{"line":17,"column":43}},"6":{"start":{"line":18,"column":4},"end":{"line":18,"column":45}}},"fnMap":{"0":{"name":"(anonymous_0)","decl":{"start":{"line":3,"column":23},"end":{"line":3,"column":24}},"loc":{"start":{"line":3,"column":102},"end":{"line":20,"column":1}},"line":3}},"branchMap":{},"s":{"0":1,"1":0,"2":0,"3":0,"4":0,"5":0,"6":0},"f":{"0":0},"b":{},"_coverageSchema":"1a1c01bbd47fc00a2c39e90264f33305004495a9","hash":"4cdb230fbb6db4830bc74ac8992b5828fb913fc4"}
,"C:\\Users\\prerna.bhise\\Documents\\NodeJS_Assignment2\\src\\common\\utility\\cancelledAppointment.js": {"path":"C:\\Users\\prerna.bhise\\Documents\\NodeJS_Assignment2\\src\\common\\utility\\cancelledAppointment.js","statementMap":{"0":{"start":{"line":3,"column":29},"end":{"line":21,"column":1}},"1":{"start":{"line":5,"column":2},"end":{"line":20,"column":3}},"2":{"start":{"line":6,"column":24},"end":{"line":11,"column":5}},"3":{"start":{"line":13,"column":4},"end":{"line":13,"column":44}},"4":{"start":{"line":15,"column":4},"end":{"line":15,"column":52}},"5":{"start":{"line":18,"column":4},"end":{"line":18,"column":43}},"6":{"start":{"line":19,"column":4},"end":{"line":19,"column":45}}},"fnMap":{"0":{"name":"(anonymous_0)","decl":{"start":{"line":3,"column":29},"end":{"line":3,"column":30}},"loc":{"start":{"line":3,"column":112},"end":{"line":21,"column":1}},"line":3}},"branchMap":{},"s":{"0":1,"1":0,"2":0,"3":0,"4":0,"5":0,"6":0},"f":{"0":0},"b":{},"_coverageSchema":"1a1c01bbd47fc00a2c39e90264f33305004495a9","hash":"b40518640ecf9acb45566e789b15a6f88d41c432"}
,"C:\\Users\\prerna.bhise\\Documents\\NodeJS_Assignment2\\src\\common\\utility\\createPrescription.js": {"path":"C:\\Users\\prerna.bhise\\Documents\\NodeJS_Assignment2\\src\\common\\utility\\createPrescription.js","statementMap":{"0":{"start":{"line":1,"column":27},"end":{"line":117,"column":1}},"1":{"start":{"line":2,"column":20},"end":{"line":2,"column":22}},"2":{"start":{"line":4,"column":4},"end":{"line":41,"column":5}},"3":{"start":{"line":4,"column":17},"end":{"line":4,"column":18}},"4":{"start":{"line":5,"column":30},"end":{"line":11,"column":36}},"5":{"start":{"line":13,"column":32},"end":{"line":19,"column":36}},"6":{"start":{"line":21,"column":30},"end":{"line":29,"column":36}},"7":{"start":{"line":31,"column":8},"end":{"line":40,"column":10}},"8":{"start":{"line":43,"column":4},"end":{"line":116,"column":6}}},"fnMap":{"0":{"name":"(anonymous_0)","decl":{"start":{"line":1,"column":27},"end":{"line":1,"column":28}},"loc":{"start":{"line":1,"column":119},"end":{"line":117,"column":1}},"line":1}},"branchMap":{"0":{"loc":{"start":{"line":5,"column":30},"end":{"line":11,"column":36}},"type":"cond-expr","locations":[{"start":{"line":6,"column":14},"end":{"line":6,"column":37}},{"start":{"line":7,"column":15},"end":{"line":11,"column":35}}],"line":5},"1":{"loc":{"start":{"line":7,"column":15},"end":{"line":11,"column":35}},"type":"cond-expr","locations":[{"start":{"line":8,"column":18},"end":{"line":8,"column":22}},{"start":{"line":9,"column":19},"end":{"line":11,"column":34}}],"line":7},"2":{"loc":{"start":{"line":9,"column":19},"end":{"line":11,"column":34}},"type":"cond-expr","locations":[{"start":{"line":10,"column":22},"end":{"line":10,"column":35}},{"start":{"line":11,"column":22},"end":{"line":11,"column":34}}],"line":9},"3":{"loc":{"start":{"line":13,"column":32},"end":{"line":19,"column":36}},"type":"cond-expr","locations":[{"start":{"line":14,"column":14},"end":{"line":14,"column":37}},{"start":{"line":15,"column":15},"end":{"line":19,"column":35}}],"line":13},"4":{"loc":{"start":{"line":15,"column":15},"end":{"line":19,"column":35}},"type":"cond-expr","locations":[{"start":{"line":16,"column":18},"end":{"line":16,"column":22}},{"start":{"line":17,"column":17},"end":{"line":19,"column":34}}],"line":15},"5":{"loc":{"start":{"line":17,"column":17},"end":{"line":19,"column":34}},"type":"cond-expr","locations":[{"start":{"line":18,"column":22},"end":{"line":18,"column":35}},{"start":{"line":19,"column":22},"end":{"line":19,"column":34}}],"line":17},"6":{"loc":{"start":{"line":21,"column":30},"end":{"line":29,"column":36}},"type":"cond-expr","locations":[{"start":{"line":22,"column":14},"end":{"line":22,"column":37}},{"start":{"line":23,"column":15},"end":{"line":29,"column":35}}],"line":21},"7":{"loc":{"start":{"line":23,"column":15},"end":{"line":29,"column":35}},"type":"cond-expr","locations":[{"start":{"line":24,"column":18},"end":{"line":24,"column":22}},{"start":{"line":27,"column":17},"end":{"line":29,"column":34}}],"line":23},"8":{"loc":{"start":{"line":27,"column":17},"end":{"line":29,"column":34}},"type":"cond-expr","locations":[{"start":{"line":28,"column":22},"end":{"line":28,"column":35}},{"start":{"line":29,"column":22},"end":{"line":29,"column":34}}],"line":27}},"s":{"0":1,"1":0,"2":0,"3":0,"4":0,"5":0,"6":0,"7":0,"8":0},"f":{"0":0},"b":{"0":[0,0],"1":[0,0],"2":[0,0],"3":[0,0],"4":[0,0],"5":[0,0],"6":[0,0],"7":[0,0],"8":[0,0]},"_coverageSchema":"1a1c01bbd47fc00a2c39e90264f33305004495a9","hash":"cc9f54b0a8bee6cc75e414cb5a323bba2ddbb4e9"}
,"C:\\Users\\prerna.bhise\\Documents\\NodeJS_Assignment2\\src\\common\\utility\\otpMail.js": {"path":"C:\\Users\\prerna.bhise\\Documents\\NodeJS_Assignment2\\src\\common\\utility\\otpMail.js","statementMap":{"0":{"start":{"line":4,"column":23},"end":{"line":19,"column":1}},"1":{"start":{"line":5,"column":2},"end":{"line":18,"column":3}},"2":{"start":{"line":6,"column":24},"end":{"line":11,"column":5}},"3":{"start":{"line":13,"column":4},"end":{"line":13,"column":44}},"4":{"start":{"line":14,"column":4},"end":{"line":14,"column":47}},"5":{"start":{"line":16,"column":4},"end":{"line":16,"column":47}},"6":{"start":{"line":17,"column":4},"end":{"line":17,"column":48}}},"fnMap":{"0":{"name":"(anonymous_0)","decl":{"start":{"line":4,"column":23},"end":{"line":4,"column":24}},"loc":{"start":{"line":4,"column":51},"end":{"line":19,"column":1}},"line":4}},"branchMap":{},"s":{"0":1,"1":0,"2":0,"3":0,"4":0,"5":0,"6":0},"f":{"0":0},"b":{},"_coverageSchema":"1a1c01bbd47fc00a2c39e90264f33305004495a9","hash":"545fb068b2de1a0509b762467a8ef4514f822953"}
,"C:\\Users\\prerna.bhise\\Documents\\NodeJS_Assignment2\\src\\common\\utility\\prescriptionPdf.js": {"path":"C:\\Users\\prerna.bhise\\Documents\\NodeJS_Assignment2\\src\\common\\utility\\prescriptionPdf.js","statementMap":{"0":{"start":{"line":4,"column":20},"end":{"line":21,"column":1}},"1":{"start":{"line":5,"column":20},"end":{"line":7,"column":6}},"2":{"start":{"line":8,"column":17},"end":{"line":8,"column":40}},"3":{"start":{"line":9,"column":4},"end":{"line":9,"column":44}},"4":{"start":{"line":10,"column":4},"end":{"line":12,"column":7}},"5":{"start":{"line":11,"column":8},"end":{"line":11,"column":27}},"6":{"start":{"line":14,"column":29},"end":{"line":14,"column":153}},"7":{"start":{"line":15,"column":4},"end":{"line":15,"column":44}},"8":{"start":{"line":17,"column":22},"end":{"line":17,"column":54}},"9":{"start":{"line":18,"column":4},"end":{"line":18,"column":26}},"10":{"start":{"line":20,"column":4},"end":{"line":20,"column":21}}},"fnMap":{"0":{"name":"(anonymous_0)","decl":{"start":{"line":4,"column":20},"end":{"line":4,"column":21}},"loc":{"start":{"line":4,"column":136},"end":{"line":21,"column":1}},"line":4},"1":{"name":"(anonymous_1)","decl":{"start":{"line":10,"column":23},"end":{"line":10,"column":24}},"loc":{"start":{"line":10,"column":36},"end":{"line":12,"column":5}},"line":10}},"branchMap":{},"s":{"0":1,"1":0,"2":0,"3":0,"4":0,"5":0,"6":0,"7":0,"8":0,"9":0,"10":0},"f":{"0":0,"1":0},"b":{},"_coverageSchema":"1a1c01bbd47fc00a2c39e90264f33305004495a9","hash":"29d69023c56aa5bd091b4ac4c64ea832f8763610"}
,"C:\\Users\\prerna.bhise\\Documents\\NodeJS_Assignment2\\src\\common\\utility\\sendPrescription.js": {"path":"C:\\Users\\prerna.bhise\\Documents\\NodeJS_Assignment2\\src\\common\\utility\\sendPrescription.js","statementMap":{"0":{"start":{"line":3,"column":25},"end":{"line":25,"column":1}},"1":{"start":{"line":4,"column":2},"end":{"line":24,"column":3}},"2":{"start":{"line":5,"column":24},"end":{"line":16,"column":5}},"3":{"start":{"line":18,"column":4},"end":{"line":18,"column":44}},"4":{"start":{"line":20,"column":4},"end":{"line":20,"column":56}},"5":{"start":{"line":22,"column":4},"end":{"line":22,"column":62}},"6":{"start":{"line":23,"column":4},"end":{"line":23,"column":57}}},"fnMap":{"0":{"name":"(anonymous_0)","decl":{"start":{"line":3,"column":25},"end":{"line":3,"column":26}},"loc":{"start":{"line":3,"column":57},"end":{"line":25,"column":1}},"line":3}},"branchMap":{},"s":{"0":1,"1":0,"2":0,"3":0,"4":0,"5":0,"6":0},"f":{"0":0},"b":{},"_coverageSchema":"1a1c01bbd47fc00a2c39e90264f33305004495a9","hash":"32918f98a4fc8ce3341ee9fada520eb4cd5e229c"}
,"C:\\Users\\prerna.bhise\\Documents\\NodeJS_Assignment2\\src\\common\\utility\\sendRegisterCode.js": {"path":"C:\\Users\\prerna.bhise\\Documents\\NodeJS_Assignment2\\src\\common\\utility\\sendRegisterCode.js","statementMap":{"0":{"start":{"line":3,"column":25},"end":{"line":21,"column":1}},"1":{"start":{"line":5,"column":2},"end":{"line":20,"column":3}},"2":{"start":{"line":6,"column":24},"end":{"line":11,"column":5}},"3":{"start":{"line":13,"column":4},"end":{"line":13,"column":44}},"4":{"start":{"line":15,"column":4},"end":{"line":15,"column":48}},"5":{"start":{"line":18,"column":4},"end":{"line":18,"column":43}},"6":{"start":{"line":19,"column":4},"end":{"line":19,"column":45}}},"fnMap":{"0":{"name":"(anonymous_0)","decl":{"start":{"line":3,"column":25},"end":{"line":3,"column":26}},"loc":{"start":{"line":3,"column":77},"end":{"line":21,"column":1}},"line":3}},"branchMap":{},"s":{"0":1,"1":4,"2":4,"3":4,"4":4,"5":0,"6":0},"f":{"0":4},"b":{},"_coverageSchema":"1a1c01bbd47fc00a2c39e90264f33305004495a9","hash":"121cab0ba2456fa10cfab00af79ee1e3c854bcd2"}
,"C:\\Users\\prerna.bhise\\Documents\\NodeJS_Assignment2\\src\\common\\utility\\sendUpdatePrescriptionEmail.js": {"path":"C:\\Users\\prerna.bhise\\Documents\\NodeJS_Assignment2\\src\\common\\utility\\sendUpdatePrescriptionEmail.js","statementMap":{"0":{"start":{"line":4,"column":36},"end":{"line":24,"column":1}},"1":{"start":{"line":5,"column":4},"end":{"line":23,"column":5}},"2":{"start":{"line":6,"column":24},"end":{"line":17,"column":5}},"3":{"start":{"line":20,"column":8},"end":{"line":20,"column":48}},"4":{"start":{"line":22,"column":8},"end":{"line":22,"column":53}}},"fnMap":{"0":{"name":"(anonymous_0)","decl":{"start":{"line":4,"column":36},"end":{"line":4,"column":37}},"loc":{"start":{"line":4,"column":70},"end":{"line":24,"column":1}},"line":4}},"branchMap":{},"s":{"0":1,"1":0,"2":0,"3":0,"4":0},"f":{"0":0},"b":{},"_coverageSchema":"1a1c01bbd47fc00a2c39e90264f33305004495a9","hash":"90aa0da6e3a36ef6e1cbb8e2356b108908e5dddc"}
,"C:\\Users\\prerna.bhise\\Documents\\NodeJS_Assignment2\\src\\common\\utility\\sendVerificationEmail.js": {"path":"C:\\Users\\prerna.bhise\\Documents\\NodeJS_Assignment2\\src\\common\\utility\\sendVerificationEmail.js","statementMap":{"0":{"start":{"line":3,"column":30},"end":{"line":19,"column":1}},"1":{"start":{"line":4,"column":2},"end":{"line":18,"column":3}},"2":{"start":{"line":5,"column":22},"end":{"line":10,"column":3}},"3":{"start":{"line":13,"column":4},"end":{"line":13,"column":44}},"4":{"start":{"line":14,"column":4},"end":{"line":14,"column":56}},"5":{"start":{"line":16,"column":4},"end":{"line":16,"column":49}},"6":{"start":{"line":17,"column":4},"end":{"line":17,"column":57}}},"fnMap":{"0":{"name":"(anonymous_0)","decl":{"start":{"line":3,"column":30},"end":{"line":3,"column":31}},"loc":{"start":{"line":3,"column":60},"end":{"line":19,"column":1}},"line":3}},"branchMap":{},"s":{"0":1,"1":1,"2":1,"3":1,"4":1,"5":0,"6":0},"f":{"0":1},"b":{},"_coverageSchema":"1a1c01bbd47fc00a2c39e90264f33305004495a9","hash":"def2482bf82f958630804c1d7ec5e4b14f0973ac"}
,"C:\\Users\\prerna.bhise\\Documents\\NodeJS_Assignment2\\src\\common\\utility\\upload.js": {"path":"C:\\Users\\prerna.bhise\\Documents\\NodeJS_Assignment2\\src\\common\\utility\\upload.js","statementMap":{"0":{"start":{"line":4,"column":19},"end":{"line":19,"column":1}},"1":{"start":{"line":5,"column":2},"end":{"line":18,"column":5}},"2":{"start":{"line":6,"column":19},"end":{"line":15,"column":5}},"3":{"start":{"line":12,"column":8},"end":{"line":12,"column":40}},"4":{"start":{"line":12,"column":19},"end":{"line":12,"column":40}},"5":{"start":{"line":13,"column":8},"end":{"line":13,"column":24}},"6":{"start":{"line":17,"column":4},"end":{"line":17,"column":59}}},"fnMap":{"0":{"name":"(anonymous_0)","decl":{"start":{"line":4,"column":19},"end":{"line":4,"column":20}},"loc":{"start":{"line":4,"column":29},"end":{"line":19,"column":1}},"line":4},"1":{"name":"(anonymous_1)","decl":{"start":{"line":5,"column":21},"end":{"line":5,"column":22}},"loc":{"start":{"line":5,"column":42},"end":{"line":18,"column":3}},"line":5},"2":{"name":"(anonymous_2)","decl":{"start":{"line":11,"column":6},"end":{"line":11,"column":7}},"loc":{"start":{"line":11,"column":25},"end":{"line":14,"column":7}},"line":11}},"branchMap":{"0":{"loc":{"start":{"line":12,"column":8},"end":{"line":12,"column":40}},"type":"if","locations":[{"start":{"line":12,"column":8},"end":{"line":12,"column":40}},{"start":{},"end":{}}],"line":12}},"s":{"0":1,"1":0,"2":0,"3":0,"4":0,"5":0,"6":0},"f":{"0":0,"1":0,"2":0},"b":{"0":[0,0]},"_coverageSchema":"1a1c01bbd47fc00a2c39e90264f33305004495a9","hash":"17c7fed631bee4777911c37c3b53910be35c7c6d"}
,"C:\\Users\\prerna.bhise\\Documents\\NodeJS_Assignment2\\src\\config\\emailConfig.js": {"path":"C:\\Users\\prerna.bhise\\Documents\\NodeJS_Assignment2\\src\\config\\emailConfig.js","statementMap":{"0":{"start":{"line":4,"column":0},"end":{"line":4,"column":16}},"1":{"start":{"line":6,"column":20},"end":{"line":12,"column":2}}},"fnMap":{},"branchMap":{},"s":{"0":4,"1":4},"f":{},"b":{},"_coverageSchema":"1a1c01bbd47fc00a2c39e90264f33305004495a9","hash":"c7c486d6442b5754bacd6cf079778028197f8bad"}
,"C:\\Users\\prerna.bhise\\Documents\\NodeJS_Assignment2\\src\\controllers\\adminController.js": {"path":"C:\\Users\\prerna.bhise\\Documents\\NodeJS_Assignment2\\src\\controllers\\adminController.js","statementMap":{"0":{"start":{"line":36,"column":91},"end":{"line":36,"column":105}},"1":{"start":{"line":39,"column":19},"end":{"line":71,"column":1}},"2":{"start":{"line":40,"column":2},"end":{"line":70,"column":3}},"3":{"start":{"line":41,"column":32},"end":{"line":41,"column":40}},"4":{"start":{"line":43,"column":4},"end":{"line":45,"column":5}},"5":{"start":{"line":44,"column":6},"end":{"line":44,"column":32}},"6":{"start":{"line":47,"column":25},"end":{"line":47,"column":34}},"7":{"start":{"line":49,"column":4},"end":{"line":49,"column":35}},"8":{"start":{"line":51,"column":4},"end":{"line":51,"column":25}},"9":{"start":{"line":52,"column":19},"end":{"line":52,"column":37}},"10":{"start":{"line":54,"column":39},"end":{"line":57,"column":6}},"11":{"start":{"line":59,"column":4},"end":{"line":67,"column":7}},"12":{"start":{"line":69,"column":4},"end":{"line":69,"column":16}},"13":{"start":{"line":74,"column":31},"end":{"line":90,"column":1}},"14":{"start":{"line":75,"column":2},"end":{"line":89,"column":3}},"15":{"start":{"line":76,"column":42},"end":{"line":76,"column":45}},"16":{"start":{"line":77,"column":38},"end":{"line":77,"column":41}},"17":{"start":{"line":79,"column":4},"end":{"line":85,"column":5}},"18":{"start":{"line":80,"column":6},"end":{"line":80,"column":45}},"19":{"start":{"line":82,"column":6},"end":{"line":84,"column":103}},"20":{"start":{"line":86,"column":4},"end":{"line":86,"column":22}},"21":{"start":{"line":88,"column":4},"end":{"line":88,"column":16}},"22":{"start":{"line":94,"column":21},"end":{"line":118,"column":1}},"23":{"start":{"line":95,"column":2},"end":{"line":117,"column":3}},"24":{"start":{"line":96,"column":42},"end":{"line":96,"column":45}},"25":{"start":{"line":98,"column":21},"end":{"line":98,"column":53}},"26":{"start":{"line":100,"column":20},"end":{"line":105,"column":5}},"27":{"start":{"line":101,"column":38},"end":{"line":101,"column":64}},"28":{"start":{"line":102,"column":37},"end":{"line":102,"column":62}},"29":{"start":{"line":103,"column":39},"end":{"line":103,"column":65}},"30":{"start":{"line":104,"column":38},"end":{"line":104,"column":64}},"31":{"start":{"line":107,"column":4},"end":{"line":114,"column":8}},"32":{"start":{"line":116,"column":4},"end":{"line":116,"column":16}},"33":{"start":{"line":121,"column":17},"end":{"line":147,"column":1}},"34":{"start":{"line":122,"column":2},"end":{"line":146,"column":3}},"35":{"start":{"line":123,"column":81},"end":{"line":123,"column":84}},"36":{"start":{"line":124,"column":11},"end":{"line":124,"column":35}},"37":{"start":{"line":125,"column":25},"end":{"line":125,"column":62}},"38":{"start":{"line":126,"column":22},"end":{"line":126,"column":42}},"39":{"start":{"line":128,"column":15},"end":{"line":134,"column":5}},"40":{"start":{"line":135,"column":4},"end":{"line":135,"column":37}},"41":{"start":{"line":136,"column":28},"end":{"line":136,"column":92}},"42":{"start":{"line":137,"column":29},"end":{"line":137,"column":86}},"43":{"start":{"line":138,"column":4},"end":{"line":138,"column":73}},"44":{"start":{"line":141,"column":4},"end":{"line":143,"column":88}},"45":{"start":{"line":145,"column":4},"end":{"line":145,"column":16}},"46":{"start":{"line":149,"column":20},"end":{"line":176,"column":1}},"47":{"start":{"line":150,"column":2},"end":{"line":175,"column":3}},"48":{"start":{"line":151,"column":42},"end":{"line":151,"column":45}},"49":{"start":{"line":152,"column":32},"end":{"line":152,"column":35}},"50":{"start":{"line":154,"column":25},"end":{"line":154,"column":53}},"51":{"start":{"line":156,"column":4},"end":{"line":158,"column":5}},"52":{"start":{"line":157,"column":6},"end":{"line":157,"column":37}},"53":{"start":{"line":160,"column":4},"end":{"line":166,"column":5}},"54":{"start":{"line":161,"column":25},"end":{"line":161,"column":48}},"55":{"start":{"line":163,"column":6},"end":{"line":165,"column":7}},"56":{"start":{"line":164,"column":8},"end":{"line":164,"column":33}},"57":{"start":{"line":168,"column":4},"end":{"line":168,"column":48}},"58":{"start":{"line":170,"column":4},"end":{"line":172,"column":91}},"59":{"start":{"line":174,"column":4},"end":{"line":174,"column":16}},"60":{"start":{"line":178,"column":17},"end":{"line":194,"column":1}},"61":{"start":{"line":179,"column":2},"end":{"line":193,"column":3}},"62":{"start":{"line":180,"column":42},"end":{"line":180,"column":45}},"63":{"start":{"line":181,"column":4},"end":{"line":187,"column":5}},"64":{"start":{"line":182,"column":19},"end":{"line":182,"column":39}},"65":{"start":{"line":184,"column":6},"end":{"line":186,"column":96}},"66":{"start":{"line":188,"column":4},"end":{"line":190,"column":91}},"67":{"start":{"line":192,"column":4},"end":{"line":192,"column":16}},"68":{"start":{"line":196,"column":27},"end":{"line":201,"column":1}},"69":{"start":{"line":197,"column":23},"end":{"line":197,"column":60}},"70":{"start":{"line":198,"column":18},"end":{"line":198,"column":37}},"71":{"start":{"line":200,"column":2},"end":{"line":200,"column":17}},"72":{"start":{"line":205,"column":18},"end":{"line":247,"column":1}},"73":{"start":{"line":206,"column":2},"end":{"line":246,"column":3}},"74":{"start":{"line":207,"column":42},"end":{"line":207,"column":45}},"75":{"start":{"line":208,"column":130},"end":{"line":208,"column":133}},"76":{"start":{"line":210,"column":20},"end":{"line":210,"column":46}},"77":{"start":{"line":212,"column":17},"end":{"line":223,"column":5}},"78":{"start":{"line":226,"column":4},"end":{"line":230,"column":5}},"79":{"start":{"line":227,"column":6},"end":{"line":229,"column":94}},"80":{"start":{"line":232,"column":19},"end":{"line":232,"column":47}},"81":{"start":{"line":234,"column":4},"end":{"line":238,"column":5}},"82":{"start":{"line":235,"column":24},"end":{"line":235,"column":88}},"83":{"start":{"line":236,"column":29},"end":{"line":236,"column":86}},"84":{"start":{"line":237,"column":6},"end":{"line":237,"column":98}},"85":{"start":{"line":240,"column":4},"end":{"line":242,"column":6}},"86":{"start":{"line":245,"column":4},"end":{"line":245,"column":16}},"87":{"start":{"line":250,"column":21},"end":{"line":261,"column":1}},"88":{"start":{"line":251,"column":2},"end":{"line":260,"column":3}},"89":{"start":{"line":252,"column":37},"end":{"line":252,"column":40}},"90":{"start":{"line":254,"column":4},"end":{"line":254,"column":38}},"91":{"start":{"line":255,"column":4},"end":{"line":257,"column":101}},"92":{"start":{"line":259,"column":4},"end":{"line":259,"column":16}},"93":{"start":{"line":263,"column":33},"end":{"line":296,"column":1}},"94":{"start":{"line":264,"column":2},"end":{"line":295,"column":3}},"95":{"start":{"line":265,"column":50},"end":{"line":265,"column":53}},"96":{"start":{"line":266,"column":49},"end":{"line":266,"column":52}},"97":{"start":{"line":267,"column":4},"end":{"line":271,"column":5}},"98":{"start":{"line":268,"column":6},"end":{"line":270,"column":8}},"99":{"start":{"line":272,"column":4},"end":{"line":292,"column":5}},"100":{"start":{"line":273,"column":21},"end":{"line":273,"column":63}},"101":{"start":{"line":275,"column":6},"end":{"line":291,"column":7}},"102":{"start":{"line":276,"column":8},"end":{"line":283,"column":9}},"103":{"start":{"line":277,"column":23},"end":{"line":277,"column":59}},"104":{"start":{"line":278,"column":30},"end":{"line":278,"column":50}},"105":{"start":{"line":279,"column":34},"end":{"line":279,"column":58}},"106":{"start":{"line":280,"column":34},"end":{"line":280,"column":58}},"107":{"start":{"line":281,"column":29},"end":{"line":281,"column":41}},"108":{"start":{"line":282,"column":10},"end":{"line":282,"column":107}},"109":{"start":{"line":284,"column":8},"end":{"line":286,"column":10}},"110":{"start":{"line":288,"column":8},"end":{"line":290,"column":10}},"111":{"start":{"line":294,"column":4},"end":{"line":294,"column":16}},"112":{"start":{"line":298,"column":32},"end":{"line":331,"column":1}},"113":{"start":{"line":299,"column":2},"end":{"line":330,"column":3}},"114":{"start":{"line":300,"column":41},"end":{"line":300,"column":44}},"115":{"start":{"line":301,"column":49},"end":{"line":301,"column":52}},"116":{"start":{"line":302,"column":25},"end":{"line":302,"column":28}},"117":{"start":{"line":304,"column":4},"end":{"line":308,"column":5}},"118":{"start":{"line":305,"column":6},"end":{"line":307,"column":8}},"119":{"start":{"line":309,"column":4},"end":{"line":327,"column":5}},"120":{"start":{"line":311,"column":21},"end":{"line":311,"column":63}},"121":{"start":{"line":313,"column":6},"end":{"line":326,"column":7}},"122":{"start":{"line":315,"column":23},"end":{"line":315,"column":59}},"123":{"start":{"line":316,"column":75},"end":{"line":316,"column":82}},"124":{"start":{"line":318,"column":10},"end":{"line":318,"column":111}},"125":{"start":{"line":319,"column":8},"end":{"line":321,"column":10}},"126":{"start":{"line":323,"column":8},"end":{"line":325,"column":10}},"127":{"start":{"line":329,"column":4},"end":{"line":329,"column":16}},"128":{"start":{"line":333,"column":27},"end":{"line":369,"column":1}},"129":{"start":{"line":334,"column":2},"end":{"line":368,"column":3}},"130":{"start":{"line":335,"column":42},"end":{"line":335,"column":45}},"131":{"start":{"line":336,"column":49},"end":{"line":336,"column":52}},"132":{"start":{"line":338,"column":4},"end":{"line":342,"column":5}},"133":{"start":{"line":339,"column":6},"end":{"line":341,"column":8}},"134":{"start":{"line":343,"column":4},"end":{"line":365,"column":5}},"135":{"start":{"line":344,"column":21},"end":{"line":344,"column":62}},"136":{"start":{"line":345,"column":19},"end":{"line":345,"column":55}},"137":{"start":{"line":347,"column":6},"end":{"line":351,"column":7}},"138":{"start":{"line":348,"column":8},"end":{"line":350,"column":10}},"139":{"start":{"line":352,"column":60},"end":{"line":352,"column":67}},"140":{"start":{"line":354,"column":6},"end":{"line":364,"column":7}},"141":{"start":{"line":355,"column":8},"end":{"line":355,"column":91}},"142":{"start":{"line":357,"column":8},"end":{"line":359,"column":10}},"143":{"start":{"line":361,"column":8},"end":{"line":363,"column":10}},"144":{"start":{"line":367,"column":4},"end":{"line":367,"column":16}},"145":{"start":{"line":371,"column":34},"end":{"line":387,"column":1}},"146":{"start":{"line":372,"column":2},"end":{"line":386,"column":3}},"147":{"start":{"line":373,"column":42},"end":{"line":373,"column":45}},"148":{"start":{"line":374,"column":4},"end":{"line":380,"column":5}},"149":{"start":{"line":375,"column":19},"end":{"line":375,"column":41}},"150":{"start":{"line":377,"column":6},"end":{"line":379,"column":108}},"151":{"start":{"line":381,"column":4},"end":{"line":383,"column":91}},"152":{"start":{"line":385,"column":4},"end":{"line":385,"column":16}},"153":{"start":{"line":389,"column":27},"end":{"line":406,"column":1}},"154":{"start":{"line":390,"column":2},"end":{"line":405,"column":3}},"155":{"start":{"line":391,"column":40},"end":{"line":391,"column":43}},"156":{"start":{"line":392,"column":37},"end":{"line":392,"column":40}},"157":{"start":{"line":393,"column":4},"end":{"line":402,"column":5}},"158":{"start":{"line":394,"column":27},"end":{"line":394,"column":72}},"159":{"start":{"line":397,"column":6},"end":{"line":401,"column":8}},"160":{"start":{"line":404,"column":4},"end":{"line":404,"column":16}},"161":{"start":{"line":408,"column":32},"end":{"line":427,"column":1}},"162":{"start":{"line":409,"column":2},"end":{"line":426,"column":3}},"163":{"start":{"line":410,"column":40},"end":{"line":410,"column":43}},"164":{"start":{"line":412,"column":4},"end":{"line":423,"column":5}},"165":{"start":{"line":413,"column":27},"end":{"line":413,"column":59}},"166":{"start":{"line":415,"column":36},"end":{"line":418,"column":9}},"167":{"start":{"line":415,"column":69},"end":{"line":418,"column":7}},"168":{"start":{"line":420,"column":6},"end":{"line":422,"column":8}},"169":{"start":{"line":425,"column":4},"end":{"line":425,"column":16}},"170":{"start":{"line":430,"column":20},"end":{"line":444,"column":1}},"171":{"start":{"line":431,"column":2},"end":{"line":443,"column":3}},"172":{"start":{"line":432,"column":40},"end":{"line":432,"column":43}},"173":{"start":{"line":434,"column":4},"end":{"line":440,"column":5}},"174":{"start":{"line":435,"column":21},"end":{"line":435,"column":51}},"175":{"start":{"line":437,"column":6},"end":{"line":439,"column":8}},"176":{"start":{"line":442,"column":4},"end":{"line":442,"column":16}},"177":{"start":{"line":446,"column":29},"end":{"line":460,"column":1}},"178":{"start":{"line":447,"column":2},"end":{"line":459,"column":3}},"179":{"start":{"line":448,"column":40},"end":{"line":448,"column":43}},"180":{"start":{"line":450,"column":4},"end":{"line":456,"column":5}},"181":{"start":{"line":451,"column":21},"end":{"line":451,"column":52}},"182":{"start":{"line":453,"column":6},"end":{"line":455,"column":8}},"183":{"start":{"line":458,"column":4},"end":{"line":458,"column":16}}},"fnMap":{"0":{"name":"(anonymous_0)","decl":{"start":{"line":39,"column":19},"end":{"line":39,"column":20}},"loc":{"start":{"line":39,"column":45},"end":{"line":71,"column":1}},"line":39},"1":{"name":"(anonymous_1)","decl":{"start":{"line":74,"column":31},"end":{"line":74,"column":32}},"loc":{"start":{"line":74,"column":57},"end":{"line":90,"column":1}},"line":74},"2":{"name":"(anonymous_2)","decl":{"start":{"line":94,"column":21},"end":{"line":94,"column":22}},"loc":{"start":{"line":94,"column":47},"end":{"line":118,"column":1}},"line":94},"3":{"name":"(anonymous_3)","decl":{"start":{"line":101,"column":27},"end":{"line":101,"column":28}},"loc":{"start":{"line":101,"column":38},"end":{"line":101,"column":64}},"line":101},"4":{"name":"(anonymous_4)","decl":{"start":{"line":102,"column":26},"end":{"line":102,"column":27}},"loc":{"start":{"line":102,"column":37},"end":{"line":102,"column":62}},"line":102},"5":{"name":"(anonymous_5)","decl":{"start":{"line":103,"column":28},"end":{"line":103,"column":29}},"loc":{"start":{"line":103,"column":39},"end":{"line":103,"column":65}},"line":103},"6":{"name":"(anonymous_6)","decl":{"start":{"line":104,"column":27},"end":{"line":104,"column":28}},"loc":{"start":{"line":104,"column":38},"end":{"line":104,"column":64}},"line":104},"7":{"name":"(anonymous_7)","decl":{"start":{"line":121,"column":17},"end":{"line":121,"column":18}},"loc":{"start":{"line":121,"column":43},"end":{"line":147,"column":1}},"line":121},"8":{"name":"(anonymous_8)","decl":{"start":{"line":149,"column":20},"end":{"line":149,"column":21}},"loc":{"start":{"line":149,"column":46},"end":{"line":176,"column":1}},"line":149},"9":{"name":"(anonymous_9)","decl":{"start":{"line":178,"column":17},"end":{"line":178,"column":18}},"loc":{"start":{"line":178,"column":43},"end":{"line":194,"column":1}},"line":178},"10":{"name":"(anonymous_10)","decl":{"start":{"line":196,"column":27},"end":{"line":196,"column":28}},"loc":{"start":{"line":196,"column":39},"end":{"line":201,"column":1}},"line":196},"11":{"name":"(anonymous_11)","decl":{"start":{"line":205,"column":18},"end":{"line":205,"column":19}},"loc":{"start":{"line":205,"column":44},"end":{"line":247,"column":1}},"line":205},"12":{"name":"(anonymous_12)","decl":{"start":{"line":250,"column":21},"end":{"line":250,"column":22}},"loc":{"start":{"line":250,"column":47},"end":{"line":261,"column":1}},"line":250},"13":{"name":"(anonymous_13)","decl":{"start":{"line":263,"column":33},"end":{"line":263,"column":34}},"loc":{"start":{"line":263,"column":59},"end":{"line":296,"column":1}},"line":263},"14":{"name":"(anonymous_14)","decl":{"start":{"line":298,"column":32},"end":{"line":298,"column":33}},"loc":{"start":{"line":298,"column":58},"end":{"line":331,"column":1}},"line":298},"15":{"name":"(anonymous_15)","decl":{"start":{"line":333,"column":27},"end":{"line":333,"column":28}},"loc":{"start":{"line":333,"column":53},"end":{"line":369,"column":1}},"line":333},"16":{"name":"(anonymous_16)","decl":{"start":{"line":371,"column":34},"end":{"line":371,"column":35}},"loc":{"start":{"line":371,"column":60},"end":{"line":387,"column":1}},"line":371},"17":{"name":"(anonymous_17)","decl":{"start":{"line":389,"column":27},"end":{"line":389,"column":28}},"loc":{"start":{"line":389,"column":53},"end":{"line":406,"column":1}},"line":389},"18":{"name":"(anonymous_18)","decl":{"start":{"line":408,"column":32},"end":{"line":408,"column":33}},"loc":{"start":{"line":408,"column":58},"end":{"line":427,"column":1}},"line":408},"19":{"name":"(anonymous_19)","decl":{"start":{"line":415,"column":53},"end":{"line":415,"column":54}},"loc":{"start":{"line":415,"column":69},"end":{"line":418,"column":7}},"line":415},"20":{"name":"(anonymous_20)","decl":{"start":{"line":430,"column":20},"end":{"line":430,"column":21}},"loc":{"start":{"line":430,"column":46},"end":{"line":444,"column":1}},"line":430},"21":{"name":"(anonymous_21)","decl":{"start":{"line":446,"column":29},"end":{"line":446,"column":30}},"loc":{"start":{"line":446,"column":55},"end":{"line":460,"column":1}},"line":446}},"branchMap":{"0":{"loc":{"start":{"line":43,"column":4},"end":{"line":45,"column":5}},"type":"if","locations":[{"start":{"line":43,"column":4},"end":{"line":45,"column":5}},{"start":{},"end":{}}],"line":43},"1":{"loc":{"start":{"line":49,"column":20},"end":{"line":49,"column":29}},"type":"binary-expr","locations":[{"start":{"line":49,"column":20},"end":{"line":49,"column":24}},{"start":{"line":49,"column":28},"end":{"line":49,"column":29}}],"line":49},"2":{"loc":{"start":{"line":79,"column":4},"end":{"line":85,"column":5}},"type":"if","locations":[{"start":{"line":79,"column":4},"end":{"line":85,"column":5}},{"start":{},"end":{}}],"line":79},"3":{"loc":{"start":{"line":101,"column":13},"end":{"line":101,"column":77}},"type":"binary-expr","locations":[{"start":{"line":101,"column":13},"end":{"line":101,"column":72}},{"start":{"line":101,"column":76},"end":{"line":101,"column":77}}],"line":101},"4":{"loc":{"start":{"line":102,"column":12},"end":{"line":102,"column":75}},"type":"binary-expr","locations":[{"start":{"line":102,"column":12},"end":{"line":102,"column":70}},{"start":{"line":102,"column":74},"end":{"line":102,"column":75}}],"line":102},"5":{"loc":{"start":{"line":103,"column":14},"end":{"line":103,"column":78}},"type":"binary-expr","locations":[{"start":{"line":103,"column":14},"end":{"line":103,"column":73}},{"start":{"line":103,"column":77},"end":{"line":103,"column":78}}],"line":103},"6":{"loc":{"start":{"line":104,"column":13},"end":{"line":104,"column":77}},"type":"binary-expr","locations":[{"start":{"line":104,"column":13},"end":{"line":104,"column":72}},{"start":{"line":104,"column":76},"end":{"line":104,"column":77}}],"line":104},"7":{"loc":{"start":{"line":156,"column":4},"end":{"line":158,"column":5}},"type":"if","locations":[{"start":{"line":156,"column":4},"end":{"line":158,"column":5}},{"start":{},"end":{}}],"line":156},"8":{"loc":{"start":{"line":160,"column":4},"end":{"line":166,"column":5}},"type":"if","locations":[{"start":{"line":160,"column":4},"end":{"line":166,"column":5}},{"start":{},"end":{}}],"line":160},"9":{"loc":{"start":{"line":163,"column":6},"end":{"line":165,"column":7}},"type":"if","locations":[{"start":{"line":163,"column":6},"end":{"line":165,"column":7}},{"start":{},"end":{}}],"line":163},"10":{"loc":{"start":{"line":181,"column":4},"end":{"line":187,"column":5}},"type":"if","locations":[{"start":{"line":181,"column":4},"end":{"line":187,"column":5}},{"start":{},"end":{}}],"line":181},"11":{"loc":{"start":{"line":226,"column":4},"end":{"line":230,"column":5}},"type":"if","locations":[{"start":{"line":226,"column":4},"end":{"line":230,"column":5}},{"start":{},"end":{}}],"line":226},"12":{"loc":{"start":{"line":234,"column":4},"end":{"line":238,"column":5}},"type":"if","locations":[{"start":{"line":234,"column":4},"end":{"line":238,"column":5}},{"start":{},"end":{}}],"line":234},"13":{"loc":{"start":{"line":267,"column":4},"end":{"line":271,"column":5}},"type":"if","locations":[{"start":{"line":267,"column":4},"end":{"line":271,"column":5}},{"start":{},"end":{}}],"line":267},"14":{"loc":{"start":{"line":267,"column":8},"end":{"line":267,"column":34}},"type":"binary-expr","locations":[{"start":{"line":267,"column":8},"end":{"line":267,"column":15}},{"start":{"line":267,"column":19},"end":{"line":267,"column":34}}],"line":267},"15":{"loc":{"start":{"line":272,"column":4},"end":{"line":292,"column":5}},"type":"if","locations":[{"start":{"line":272,"column":4},"end":{"line":292,"column":5}},{"start":{},"end":{}}],"line":272},"16":{"loc":{"start":{"line":275,"column":6},"end":{"line":291,"column":7}},"type":"if","locations":[{"start":{"line":275,"column":6},"end":{"line":291,"column":7}},{"start":{"line":287,"column":13},"end":{"line":291,"column":7}}],"line":275},"17":{"loc":{"start":{"line":276,"column":8},"end":{"line":283,"column":9}},"type":"if","locations":[{"start":{"line":276,"column":8},"end":{"line":283,"column":9}},{"start":{},"end":{}}],"line":276},"18":{"loc":{"start":{"line":304,"column":4},"end":{"line":308,"column":5}},"type":"if","locations":[{"start":{"line":304,"column":4},"end":{"line":308,"column":5}},{"start":{},"end":{}}],"line":304},"19":{"loc":{"start":{"line":309,"column":4},"end":{"line":327,"column":5}},"type":"if","locations":[{"start":{"line":309,"column":4},"end":{"line":327,"column":5}},{"start":{},"end":{}}],"line":309},"20":{"loc":{"start":{"line":313,"column":6},"end":{"line":326,"column":7}},"type":"if","locations":[{"start":{"line":313,"column":6},"end":{"line":326,"column":7}},{"start":{"line":322,"column":13},"end":{"line":326,"column":7}}],"line":313},"21":{"loc":{"start":{"line":338,"column":4},"end":{"line":342,"column":5}},"type":"if","locations":[{"start":{"line":338,"column":4},"end":{"line":342,"column":5}},{"start":{},"end":{}}],"line":338},"22":{"loc":{"start":{"line":343,"column":4},"end":{"line":365,"column":5}},"type":"if","locations":[{"start":{"line":343,"column":4},"end":{"line":365,"column":5}},{"start":{},"end":{}}],"line":343},"23":{"loc":{"start":{"line":347,"column":6},"end":{"line":351,"column":7}},"type":"if","locations":[{"start":{"line":347,"column":6},"end":{"line":351,"column":7}},{"start":{},"end":{}}],"line":347},"24":{"loc":{"start":{"line":347,"column":10},"end":{"line":347,"column":36}},"type":"binary-expr","locations":[{"start":{"line":347,"column":10},"end":{"line":347,"column":15}},{"start":{"line":347,"column":19},"end":{"line":347,"column":36}}],"line":347},"25":{"loc":{"start":{"line":354,"column":6},"end":{"line":364,"column":7}},"type":"if","locations":[{"start":{"line":354,"column":6},"end":{"line":364,"column":7}},{"start":{"line":360,"column":13},"end":{"line":364,"column":7}}],"line":354},"26":{"loc":{"start":{"line":374,"column":4},"end":{"line":380,"column":5}},"type":"if","locations":[{"start":{"line":374,"column":4},"end":{"line":380,"column":5}},{"start":{},"end":{}}],"line":374},"27":{"loc":{"start":{"line":393,"column":4},"end":{"line":402,"column":5}},"type":"if","locations":[{"start":{"line":393,"column":4},"end":{"line":402,"column":5}},{"start":{},"end":{}}],"line":393},"28":{"loc":{"start":{"line":393,"column":8},"end":{"line":393,"column":23}},"type":"binary-expr","locations":[{"start":{"line":393,"column":8},"end":{"line":393,"column":13}},{"start":{"line":393,"column":17},"end":{"line":393,"column":23}}],"line":393},"29":{"loc":{"start":{"line":412,"column":4},"end":{"line":423,"column":5}},"type":"if","locations":[{"start":{"line":412,"column":4},"end":{"line":423,"column":5}},{"start":{},"end":{}}],"line":412},"30":{"loc":{"start":{"line":412,"column":8},"end":{"line":412,"column":23}},"type":"binary-expr","locations":[{"start":{"line":412,"column":8},"end":{"line":412,"column":13}},{"start":{"line":412,"column":17},"end":{"line":412,"column":23}}],"line":412},"31":{"loc":{"start":{"line":434,"column":4},"end":{"line":440,"column":5}},"type":"if","locations":[{"start":{"line":434,"column":4},"end":{"line":440,"column":5}},{"start":{},"end":{}}],"line":434},"32":{"loc":{"start":{"line":434,"column":8},"end":{"line":434,"column":23}},"type":"binary-expr","locations":[{"start":{"line":434,"column":8},"end":{"line":434,"column":13}},{"start":{"line":434,"column":17},"end":{"line":434,"column":23}}],"line":434},"33":{"loc":{"start":{"line":450,"column":4},"end":{"line":456,"column":5}},"type":"if","locations":[{"start":{"line":450,"column":4},"end":{"line":456,"column":5}},{"start":{},"end":{}}],"line":450},"34":{"loc":{"start":{"line":450,"column":8},"end":{"line":450,"column":23}},"type":"binary-expr","locations":[{"start":{"line":450,"column":8},"end":{"line":450,"column":13}},{"start":{"line":450,"column":17},"end":{"line":450,"column":23}}],"line":450}},"s":{"0":1,"1":1,"2":3,"3":3,"4":3,"5":2,"6":1,"7":1,"8":1,"9":1,"10":1,"11":1,"12":2,"13":1,"14":3,"15":3,"16":3,"17":3,"18":1,"19":0,"20":2,"21":3,"22":1,"23":3,"24":3,"25":3,"26":3,"27":6,"28":9,"29":3,"30":9,"31":3,"32":0,"33":1,"34":3,"35":3,"36":3,"37":3,"38":3,"39":3,"40":3,"41":2,"42":2,"43":2,"44":2,"45":1,"46":1,"47":4,"48":4,"49":4,"50":4,"51":4,"52":0,"53":4,"54":4,"55":4,"56":0,"57":4,"58":4,"59":0,"60":1,"61":3,"62":3,"63":3,"64":2,"65":2,"66":1,"67":0,"68":1,"69":3,"70":3,"71":3,"72":1,"73":3,"74":3,"75":3,"76":3,"77":3,"78":3,"79":1,"80":2,"81":2,"82":2,"83":2,"84":2,"85":2,"86":0,"87":1,"88":2,"89":2,"90":2,"91":2,"92":0,"93":1,"94":5,"95":5,"96":5,"97":5,"98":5,"99":0,"100":0,"101":0,"102":0,"103":0,"104":0,"105":0,"106":0,"107":0,"108":0,"109":0,"110":0,"111":0,"112":1,"113":4,"114":4,"115":4,"116":4,"117":4,"118":3,"119":1,"120":1,"121":1,"122":0,"123":0,"124":0,"125":0,"126":1,"127":0,"128":1,"129":5,"130":5,"131":5,"132":5,"133":5,"134":0,"135":0,"136":0,"137":0,"138":0,"139":0,"140":0,"141":0,"142":0,"143":0,"144":0,"145":1,"146":3,"147":3,"148":3,"149":1,"150":1,"151":2,"152":0,"153":1,"154":3,"155":3,"156":3,"157":3,"158":3,"159":3,"160":0,"161":1,"162":3,"163":3,"164":3,"165":3,"166":3,"167":3,"168":3,"169":0,"170":1,"171":3,"172":3,"173":3,"174":3,"175":3,"176":0,"177":1,"178":3,"179":3,"180":3,"181":3,"182":3,"183":0},"f":{"0":3,"1":3,"2":3,"3":6,"4":9,"5":3,"6":9,"7":3,"8":4,"9":3,"10":3,"11":3,"12":2,"13":5,"14":4,"15":5,"16":3,"17":3,"18":3,"19":3,"20":3,"21":3},"b":{"0":[2,1],"1":[1,0],"2":[1,2],"3":[3,0],"4":[3,0],"5":[3,0],"6":[3,3],"7":[0,4],"8":[4,0],"9":[0,4],"10":[2,1],"11":[1,2],"12":[2,0],"13":[5,0],"14":[5,0],"15":[0,0],"16":[0,0],"17":[0,0],"18":[3,1],"19":[1,0],"20":[0,1],"21":[5,0],"22":[0,0],"23":[0,0],"24":[0,0],"25":[0,0],"26":[1,2],"27":[3,0],"28":[3,2],"29":[3,0],"30":[3,2],"31":[3,0],"32":[3,2],"33":[3,0],"34":[3,2]},"_coverageSchema":"1a1c01bbd47fc00a2c39e90264f33305004495a9","hash":"842e0ca47848726ba0b3cab9cbf7cc83d1454600"}
,"C:\\Users\\prerna.bhise\\Documents\\NodeJS_Assignment2\\src\\controllers\\doctorController.js": {"path":"C:\\Users\\prerna.bhise\\Documents\\NodeJS_Assignment2\\src\\controllers\\doctorController.js","statementMap":{"0":{"start":{"line":27,"column":25},"end":{"line":39,"column":3}},"1":{"start":{"line":28,"column":4},"end":{"line":38,"column":5}},"2":{"start":{"line":29,"column":32},"end":{"line":29,"column":35}},"3":{"start":{"line":31,"column":25},"end":{"line":31,"column":48}},"4":{"start":{"line":33,"column":6},"end":{"line":35,"column":8}},"5":{"start":{"line":37,"column":6},"end":{"line":37,"column":17}},"6":{"start":{"line":40,"column":21},"end":{"line":77,"column":1}},"7":{"start":{"line":41,"column":4},"end":{"line":76,"column":5}},"8":{"start":{"line":50,"column":12},"end":{"line":50,"column":15}},"9":{"start":{"line":52,"column":51},"end":{"line":52,"column":54}},"10":{"start":{"line":54,"column":21},"end":{"line":60,"column":9}},"11":{"start":{"line":63,"column":8},"end":{"line":69,"column":9}},"12":{"start":{"line":64,"column":12},"end":{"line":64,"column":47}},"13":{"start":{"line":66,"column":12},"end":{"line":68,"column":14}},"14":{"start":{"line":71,"column":8},"end":{"line":73,"column":10}},"15":{"start":{"line":75,"column":8},"end":{"line":75,"column":20}},"16":{"start":{"line":79,"column":28},"end":{"line":98,"column":1}},"17":{"start":{"line":80,"column":4},"end":{"line":97,"column":5}},"18":{"start":{"line":82,"column":77},"end":{"line":82,"column":80}},"19":{"start":{"line":84,"column":8},"end":{"line":94,"column":9}},"20":{"start":{"line":85,"column":33},"end":{"line":85,"column":64}},"21":{"start":{"line":87,"column":12},"end":{"line":89,"column":14}},"22":{"start":{"line":91,"column":12},"end":{"line":93,"column":14}},"23":{"start":{"line":96,"column":8},"end":{"line":96,"column":20}},"24":{"start":{"line":159,"column":27},"end":{"line":192,"column":1}},"25":{"start":{"line":160,"column":4},"end":{"line":191,"column":5}},"26":{"start":{"line":161,"column":116},"end":{"line":161,"column":119}},"27":{"start":{"line":162,"column":33},"end":{"line":162,"column":36}},"28":{"start":{"line":164,"column":28},"end":{"line":164,"column":68}},"29":{"start":{"line":165,"column":111},"end":{"line":165,"column":122}},"30":{"start":{"line":167,"column":41},"end":{"line":167,"column":68}},"31":{"start":{"line":168,"column":35},"end":{"line":168,"column":60}},"32":{"start":{"line":170,"column":21},"end":{"line":170,"column":97}},"33":{"start":{"line":172,"column":26},"end":{"line":172,"column":149}},"34":{"start":{"line":174,"column":23},"end":{"line":177,"column":10}},"35":{"start":{"line":179,"column":37},"end":{"line":179,"column":78}},"36":{"start":{"line":181,"column":27},"end":{"line":181,"column":82}},"37":{"start":{"line":182,"column":8},"end":{"line":182,"column":81}},"38":{"start":{"line":184,"column":8},"end":{"line":184,"column":57}},"39":{"start":{"line":186,"column":8},"end":{"line":188,"column":10}},"40":{"start":{"line":190,"column":8},"end":{"line":190,"column":20}},"41":{"start":{"line":196,"column":33},"end":{"line":236,"column":1}},"42":{"start":{"line":197,"column":4},"end":{"line":235,"column":5}},"43":{"start":{"line":198,"column":116},"end":{"line":198,"column":119}},"44":{"start":{"line":199,"column":33},"end":{"line":199,"column":36}},"45":{"start":{"line":201,"column":28},"end":{"line":201,"column":68}},"46":{"start":{"line":202,"column":111},"end":{"line":202,"column":122}},"47":{"start":{"line":204,"column":41},"end":{"line":204,"column":68}},"48":{"start":{"line":205,"column":35},"end":{"line":205,"column":60}},"49":{"start":{"line":207,"column":21},"end":{"line":207,"column":97}},"50":{"start":{"line":209,"column":26},"end":{"line":209,"column":149}},"51":{"start":{"line":211,"column":23},"end":{"line":214,"column":10}},"52":{"start":{"line":216,"column":37},"end":{"line":216,"column":78}},"53":{"start":{"line":218,"column":37},"end":{"line":218,"column":89}},"54":{"start":{"line":220,"column":27},"end":{"line":220,"column":82}},"55":{"start":{"line":222,"column":8},"end":{"line":226,"column":9}},"56":{"start":{"line":223,"column":12},"end":{"line":223,"column":87}},"57":{"start":{"line":225,"column":12},"end":{"line":225,"column":85}},"58":{"start":{"line":228,"column":8},"end":{"line":228,"column":68}},"59":{"start":{"line":230,"column":8},"end":{"line":232,"column":10}},"60":{"start":{"line":234,"column":8},"end":{"line":234,"column":20}},"61":{"start":{"line":238,"column":19},"end":{"line":244,"column":1}},"62":{"start":{"line":239,"column":17},"end":{"line":239,"column":37}},"63":{"start":{"line":240,"column":16},"end":{"line":240,"column":58}},"64":{"start":{"line":241,"column":18},"end":{"line":241,"column":66}},"65":{"start":{"line":242,"column":17},"end":{"line":242,"column":35}},"66":{"start":{"line":243,"column":4},"end":{"line":243,"column":37}}},"fnMap":{"0":{"name":"(anonymous_0)","decl":{"start":{"line":27,"column":25},"end":{"line":27,"column":26}},"loc":{"start":{"line":27,"column":51},"end":{"line":39,"column":3}},"line":27},"1":{"name":"(anonymous_1)","decl":{"start":{"line":40,"column":21},"end":{"line":40,"column":22}},"loc":{"start":{"line":40,"column":47},"end":{"line":77,"column":1}},"line":40},"2":{"name":"(anonymous_2)","decl":{"start":{"line":79,"column":28},"end":{"line":79,"column":29}},"loc":{"start":{"line":79,"column":54},"end":{"line":98,"column":1}},"line":79},"3":{"name":"(anonymous_3)","decl":{"start":{"line":159,"column":27},"end":{"line":159,"column":28}},"loc":{"start":{"line":159,"column":53},"end":{"line":192,"column":1}},"line":159},"4":{"name":"(anonymous_4)","decl":{"start":{"line":196,"column":33},"end":{"line":196,"column":34}},"loc":{"start":{"line":196,"column":59},"end":{"line":236,"column":1}},"line":196},"5":{"name":"(anonymous_5)","decl":{"start":{"line":238,"column":19},"end":{"line":238,"column":20}},"loc":{"start":{"line":238,"column":35},"end":{"line":244,"column":1}},"line":238}},"branchMap":{"0":{"loc":{"start":{"line":63,"column":8},"end":{"line":69,"column":9}},"type":"if","locations":[{"start":{"line":63,"column":8},"end":{"line":69,"column":9}},{"start":{},"end":{}}],"line":63},"1":{"loc":{"start":{"line":84,"column":8},"end":{"line":94,"column":9}},"type":"if","locations":[{"start":{"line":84,"column":8},"end":{"line":94,"column":9}},{"start":{"line":90,"column":15},"end":{"line":94,"column":9}}],"line":84},"2":{"loc":{"start":{"line":84,"column":12},"end":{"line":84,"column":33}},"type":"binary-expr","locations":[{"start":{"line":84,"column":12},"end":{"line":84,"column":21}},{"start":{"line":84,"column":25},"end":{"line":84,"column":33}}],"line":84},"3":{"loc":{"start":{"line":222,"column":8},"end":{"line":226,"column":9}},"type":"if","locations":[{"start":{"line":222,"column":8},"end":{"line":226,"column":9}},{"start":{"line":224,"column":15},"end":{"line":226,"column":9}}],"line":222}},"s":{"0":1,"1":3,"2":3,"3":3,"4":3,"5":0,"6":1,"7":3,"8":3,"9":3,"10":3,"11":3,"12":1,"13":1,"14":2,"15":0,"16":1,"17":3,"18":3,"19":3,"20":2,"21":1,"22":1,"23":1,"24":1,"25":0,"26":0,"27":0,"28":0,"29":0,"30":0,"31":0,"32":0,"33":0,"34":0,"35":0,"36":0,"37":0,"38":0,"39":0,"40":0,"41":1,"42":0,"43":0,"44":0,"45":0,"46":0,"47":0,"48":0,"49":0,"50":0,"51":0,"52":0,"53":0,"54":0,"55":0,"56":0,"57":0,"58":0,"59":0,"60":0,"61":1,"62":0,"63":0,"64":0,"65":0,"66":0},"f":{"0":3,"1":3,"2":3,"3":0,"4":0,"5":0},"b":{"0":[1,2],"1":[2,1],"2":[3,1],"3":[0,0]},"_coverageSchema":"1a1c01bbd47fc00a2c39e90264f33305004495a9","hash":"7ff3a2cf2693a096f59fa6d83e651953d2154e08"}
,"C:\\Users\\prerna.bhise\\Documents\\NodeJS_Assignment2\\src\\controllers\\userController.js": {"path":"C:\\Users\\prerna.bhise\\Documents\\NodeJS_Assignment2\\src\\controllers\\userController.js","statementMap":{"0":{"start":{"line":39,"column":0},"end":{"line":39,"column":16}},"1":{"start":{"line":41,"column":2},"end":{"line":41,"column":16}},"2":{"start":{"line":44,"column":17},"end":{"line":77,"column":1}},"3":{"start":{"line":45,"column":2},"end":{"line":76,"column":3}},"4":{"start":{"line":46,"column":85},"end":{"line":46,"column":88}},"5":{"start":{"line":48,"column":23},"end":{"line":48,"column":53}},"6":{"start":{"line":49,"column":4},"end":{"line":51,"column":5}},"7":{"start":{"line":50,"column":6},"end":{"line":50,"column":24}},"8":{"start":{"line":52,"column":28},"end":{"line":52,"column":82}},"9":{"start":{"line":54,"column":4},"end":{"line":61,"column":6}},"10":{"start":{"line":64,"column":18},"end":{"line":64,"column":82}},"11":{"start":{"line":65,"column":23},"end":{"line":65,"column":80}},"12":{"start":{"line":67,"column":4},"end":{"line":67,"column":51}},"13":{"start":{"line":69,"column":4},"end":{"line":71,"column":6}},"14":{"start":{"line":75,"column":4},"end":{"line":75,"column":16}},"15":{"start":{"line":79,"column":14},"end":{"line":138,"column":1}},"16":{"start":{"line":80,"column":2},"end":{"line":137,"column":3}},"17":{"start":{"line":81,"column":47},"end":{"line":81,"column":55}},"18":{"start":{"line":83,"column":4},"end":{"line":85,"column":5}},"19":{"start":{"line":84,"column":6},"end":{"line":84,"column":29}},"20":{"start":{"line":89,"column":4},"end":{"line":92,"column":5}},"21":{"start":{"line":90,"column":6},"end":{"line":90,"column":47}},"22":{"start":{"line":94,"column":4},"end":{"line":96,"column":5}},"23":{"start":{"line":95,"column":6},"end":{"line":95,"column":36}},"24":{"start":{"line":98,"column":4},"end":{"line":100,"column":5}},"25":{"start":{"line":99,"column":6},"end":{"line":99,"column":25}},"26":{"start":{"line":102,"column":22},"end":{"line":102,"column":60}},"27":{"start":{"line":103,"column":4},"end":{"line":105,"column":5}},"28":{"start":{"line":104,"column":6},"end":{"line":104,"column":25}},"29":{"start":{"line":107,"column":28},"end":{"line":107,"column":82}},"30":{"start":{"line":108,"column":26},"end":{"line":108,"column":83}},"31":{"start":{"line":109,"column":4},"end":{"line":111,"column":5}},"32":{"start":{"line":110,"column":6},"end":{"line":110,"column":25}},"33":{"start":{"line":113,"column":18},"end":{"line":127,"column":5}},"34":{"start":{"line":129,"column":4},"end":{"line":133,"column":7}},"35":{"start":{"line":136,"column":4},"end":{"line":136,"column":16}},"36":{"start":{"line":140,"column":19},"end":{"line":160,"column":1}},"37":{"start":{"line":141,"column":2},"end":{"line":159,"column":3}},"38":{"start":{"line":144,"column":8},"end":{"line":144,"column":11}},"39":{"start":{"line":145,"column":37},"end":{"line":145,"column":40}},"40":{"start":{"line":147,"column":21},"end":{"line":151,"column":5}},"41":{"start":{"line":153,"column":4},"end":{"line":153,"column":39}},"42":{"start":{"line":154,"column":4},"end":{"line":156,"column":103}},"43":{"start":{"line":158,"column":4},"end":{"line":158,"column":16}},"44":{"start":{"line":162,"column":19},"end":{"line":181,"column":1}},"45":{"start":{"line":163,"column":2},"end":{"line":180,"column":3}},"46":{"start":{"line":164,"column":44},"end":{"line":164,"column":47}},"47":{"start":{"line":166,"column":4},"end":{"line":172,"column":5}},"48":{"start":{"line":167,"column":25},"end":{"line":167,"column":48}},"49":{"start":{"line":169,"column":6},"end":{"line":171,"column":7}},"50":{"start":{"line":170,"column":8},"end":{"line":170,"column":33}},"51":{"start":{"line":174,"column":4},"end":{"line":174,"column":29}},"52":{"start":{"line":175,"column":4},"end":{"line":177,"column":102}},"53":{"start":{"line":179,"column":4},"end":{"line":179,"column":16}},"54":{"start":{"line":183,"column":16},"end":{"line":216,"column":1}},"55":{"start":{"line":184,"column":2},"end":{"line":215,"column":3}},"56":{"start":{"line":185,"column":53},"end":{"line":185,"column":56}},"57":{"start":{"line":186,"column":24},"end":{"line":186,"column":56}},"58":{"start":{"line":188,"column":4},"end":{"line":212,"column":5}},"59":{"start":{"line":189,"column":30},"end":{"line":189,"column":62}},"60":{"start":{"line":190,"column":6},"end":{"line":200,"column":7}},"61":{"start":{"line":191,"column":8},"end":{"line":199,"column":12}},"62":{"start":{"line":202,"column":19},"end":{"line":202,"column":40}},"63":{"start":{"line":203,"column":6},"end":{"line":211,"column":10}},"64":{"start":{"line":214,"column":4},"end":{"line":214,"column":16}},"65":{"start":{"line":218,"column":23},"end":{"line":243,"column":1}},"66":{"start":{"line":219,"column":2},"end":{"line":242,"column":3}},"67":{"start":{"line":220,"column":32},"end":{"line":220,"column":35}},"68":{"start":{"line":222,"column":16},"end":{"line":222,"column":70}},"69":{"start":{"line":224,"column":23},"end":{"line":224,"column":52}},"70":{"start":{"line":226,"column":4},"end":{"line":236,"column":5}},"71":{"start":{"line":227,"column":19},"end":{"line":227,"column":39}},"72":{"start":{"line":229,"column":6},"end":{"line":229,"column":45}},"73":{"start":{"line":231,"column":22},"end":{"line":231,"column":48}},"74":{"start":{"line":233,"column":6},"end":{"line":235,"column":103}},"75":{"start":{"line":237,"column":4},"end":{"line":239,"column":96}},"76":{"start":{"line":241,"column":4},"end":{"line":241,"column":16}},"77":{"start":{"line":245,"column":22},"end":{"line":255,"column":1}},"78":{"start":{"line":246,"column":2},"end":{"line":254,"column":3}},"79":{"start":{"line":247,"column":45},"end":{"line":247,"column":48}},"80":{"start":{"line":248,"column":4},"end":{"line":248,"column":45}},"81":{"start":{"line":249,"column":4},"end":{"line":251,"column":95}},"82":{"start":{"line":253,"column":4},"end":{"line":253,"column":16}},"83":{"start":{"line":256,"column":23},"end":{"line":284,"column":1}},"84":{"start":{"line":257,"column":2},"end":{"line":283,"column":3}},"85":{"start":{"line":259,"column":41},"end":{"line":259,"column":49}},"86":{"start":{"line":260,"column":38},"end":{"line":260,"column":46}},"87":{"start":{"line":262,"column":31},"end":{"line":262,"column":83}},"88":{"start":{"line":264,"column":28},"end":{"line":264,"column":80}},"89":{"start":{"line":266,"column":26},"end":{"line":266,"column":81}},"90":{"start":{"line":269,"column":4},"end":{"line":272,"column":5}},"91":{"start":{"line":270,"column":6},"end":{"line":271,"column":96}},"92":{"start":{"line":274,"column":30},"end":{"line":274,"column":68}},"93":{"start":{"line":276,"column":4},"end":{"line":276,"column":56}},"94":{"start":{"line":278,"column":4},"end":{"line":279,"column":95}},"95":{"start":{"line":282,"column":4},"end":{"line":282,"column":16}},"96":{"start":{"line":286,"column":19},"end":{"line":296,"column":1}},"97":{"start":{"line":287,"column":2},"end":{"line":295,"column":3}},"98":{"start":{"line":289,"column":25},"end":{"line":289,"column":46}},"99":{"start":{"line":290,"column":4},"end":{"line":292,"column":6}},"100":{"start":{"line":294,"column":4},"end":{"line":294,"column":15}},"101":{"start":{"line":298,"column":26},"end":{"line":318,"column":1}},"102":{"start":{"line":299,"column":58},"end":{"line":299,"column":61}},"103":{"start":{"line":300,"column":2},"end":{"line":317,"column":3}},"104":{"start":{"line":301,"column":24},"end":{"line":301,"column":70}},"105":{"start":{"line":303,"column":4},"end":{"line":308,"column":5}},"106":{"start":{"line":304,"column":6},"end":{"line":306,"column":8}},"107":{"start":{"line":310,"column":19},"end":{"line":310,"column":83}},"108":{"start":{"line":311,"column":4},"end":{"line":313,"column":6}},"109":{"start":{"line":316,"column":4},"end":{"line":316,"column":16}},"110":{"start":{"line":320,"column":30},"end":{"line":356,"column":1}},"111":{"start":{"line":321,"column":2},"end":{"line":355,"column":3}},"112":{"start":{"line":322,"column":37},"end":{"line":322,"column":40}},"113":{"start":{"line":323,"column":31},"end":{"line":323,"column":34}},"114":{"start":{"line":325,"column":27},"end":{"line":325,"column":73}},"115":{"start":{"line":334,"column":25},"end":{"line":334,"column":75}},"116":{"start":{"line":335,"column":26},"end":{"line":335,"column":77}},"117":{"start":{"line":337,"column":26},"end":{"line":339,"column":39}},"118":{"start":{"line":338,"column":21},"end":{"line":338,"column":80}},"119":{"start":{"line":339,"column":18},"end":{"line":339,"column":38}},"120":{"start":{"line":341,"column":25},"end":{"line":343,"column":39}},"121":{"start":{"line":342,"column":21},"end":{"line":342,"column":78}},"122":{"start":{"line":343,"column":18},"end":{"line":343,"column":38}},"123":{"start":{"line":345,"column":4},"end":{"line":352,"column":6}},"124":{"start":{"line":354,"column":4},"end":{"line":354,"column":16}},"125":{"start":{"line":358,"column":21},"end":{"line":376,"column":1}},"126":{"start":{"line":359,"column":2},"end":{"line":375,"column":3}},"127":{"start":{"line":360,"column":24},"end":{"line":360,"column":33}},"128":{"start":{"line":362,"column":4},"end":{"line":366,"column":5}},"129":{"start":{"line":363,"column":6},"end":{"line":365,"column":8}},"130":{"start":{"line":367,"column":19},"end":{"line":367,"column":51}},"131":{"start":{"line":369,"column":4},"end":{"line":371,"column":6}},"132":{"start":{"line":374,"column":4},"end":{"line":374,"column":16}}},"fnMap":{"0":{"name":"(anonymous_0)","decl":{"start":{"line":44,"column":17},"end":{"line":44,"column":18}},"loc":{"start":{"line":44,"column":43},"end":{"line":77,"column":1}},"line":44},"1":{"name":"(anonymous_1)","decl":{"start":{"line":79,"column":14},"end":{"line":79,"column":15}},"loc":{"start":{"line":79,"column":40},"end":{"line":138,"column":1}},"line":79},"2":{"name":"(anonymous_2)","decl":{"start":{"line":140,"column":19},"end":{"line":140,"column":20}},"loc":{"start":{"line":140,"column":45},"end":{"line":160,"column":1}},"line":140},"3":{"name":"(anonymous_3)","decl":{"start":{"line":162,"column":19},"end":{"line":162,"column":20}},"loc":{"start":{"line":162,"column":45},"end":{"line":181,"column":1}},"line":162},"4":{"name":"(anonymous_4)","decl":{"start":{"line":183,"column":16},"end":{"line":183,"column":17}},"loc":{"start":{"line":183,"column":42},"end":{"line":216,"column":1}},"line":183},"5":{"name":"(anonymous_5)","decl":{"start":{"line":218,"column":23},"end":{"line":218,"column":24}},"loc":{"start":{"line":218,"column":49},"end":{"line":243,"column":1}},"line":218},"6":{"name":"(anonymous_6)","decl":{"start":{"line":245,"column":22},"end":{"line":245,"column":23}},"loc":{"start":{"line":245,"column":48},"end":{"line":255,"column":1}},"line":245},"7":{"name":"(anonymous_7)","decl":{"start":{"line":256,"column":23},"end":{"line":256,"column":24}},"loc":{"start":{"line":256,"column":49},"end":{"line":284,"column":1}},"line":256},"8":{"name":"(anonymous_8)","decl":{"start":{"line":286,"column":19},"end":{"line":286,"column":20}},"loc":{"start":{"line":286,"column":45},"end":{"line":296,"column":1}},"line":286},"9":{"name":"(anonymous_9)","decl":{"start":{"line":298,"column":26},"end":{"line":298,"column":27}},"loc":{"start":{"line":298,"column":52},"end":{"line":318,"column":1}},"line":298},"10":{"name":"(anonymous_10)","decl":{"start":{"line":320,"column":30},"end":{"line":320,"column":31}},"loc":{"start":{"line":320,"column":56},"end":{"line":356,"column":1}},"line":320},"11":{"name":"(anonymous_11)","decl":{"start":{"line":338,"column":14},"end":{"line":338,"column":15}},"loc":{"start":{"line":338,"column":21},"end":{"line":338,"column":80}},"line":338},"12":{"name":"(anonymous_12)","decl":{"start":{"line":339,"column":11},"end":{"line":339,"column":12}},"loc":{"start":{"line":339,"column":18},"end":{"line":339,"column":38}},"line":339},"13":{"name":"(anonymous_13)","decl":{"start":{"line":342,"column":14},"end":{"line":342,"column":15}},"loc":{"start":{"line":342,"column":21},"end":{"line":342,"column":78}},"line":342},"14":{"name":"(anonymous_14)","decl":{"start":{"line":343,"column":11},"end":{"line":343,"column":12}},"loc":{"start":{"line":343,"column":18},"end":{"line":343,"column":38}},"line":343},"15":{"name":"(anonymous_15)","decl":{"start":{"line":358,"column":21},"end":{"line":358,"column":22}},"loc":{"start":{"line":358,"column":47},"end":{"line":376,"column":1}},"line":358}},"branchMap":{"0":{"loc":{"start":{"line":49,"column":4},"end":{"line":51,"column":5}},"type":"if","locations":[{"start":{"line":49,"column":4},"end":{"line":51,"column":5}},{"start":{},"end":{}}],"line":49},"1":{"loc":{"start":{"line":83,"column":4},"end":{"line":85,"column":5}},"type":"if","locations":[{"start":{"line":83,"column":4},"end":{"line":85,"column":5}},{"start":{},"end":{}}],"line":83},"2":{"loc":{"start":{"line":83,"column":8},"end":{"line":83,"column":27}},"type":"binary-expr","locations":[{"start":{"line":83,"column":8},"end":{"line":83,"column":14}},{"start":{"line":83,"column":18},"end":{"line":83,"column":27}}],"line":83},"3":{"loc":{"start":{"line":89,"column":4},"end":{"line":92,"column":5}},"type":"if","locations":[{"start":{"line":89,"column":4},"end":{"line":92,"column":5}},{"start":{},"end":{}}],"line":89},"4":{"loc":{"start":{"line":94,"column":4},"end":{"line":96,"column":5}},"type":"if","locations":[{"start":{"line":94,"column":4},"end":{"line":96,"column":5}},{"start":{},"end":{}}],"line":94},"5":{"loc":{"start":{"line":98,"column":4},"end":{"line":100,"column":5}},"type":"if","locations":[{"start":{"line":98,"column":4},"end":{"line":100,"column":5}},{"start":{},"end":{}}],"line":98},"6":{"loc":{"start":{"line":103,"column":4},"end":{"line":105,"column":5}},"type":"if","locations":[{"start":{"line":103,"column":4},"end":{"line":105,"column":5}},{"start":{},"end":{}}],"line":103},"7":{"loc":{"start":{"line":109,"column":4},"end":{"line":111,"column":5}},"type":"if","locations":[{"start":{"line":109,"column":4},"end":{"line":111,"column":5}},{"start":{},"end":{}}],"line":109},"8":{"loc":{"start":{"line":166,"column":4},"end":{"line":172,"column":5}},"type":"if","locations":[{"start":{"line":166,"column":4},"end":{"line":172,"column":5}},{"start":{},"end":{}}],"line":166},"9":{"loc":{"start":{"line":169,"column":6},"end":{"line":171,"column":7}},"type":"if","locations":[{"start":{"line":169,"column":6},"end":{"line":171,"column":7}},{"start":{},"end":{}}],"line":169},"10":{"loc":{"start":{"line":188,"column":4},"end":{"line":212,"column":5}},"type":"if","locations":[{"start":{"line":188,"column":4},"end":{"line":212,"column":5}},{"start":{"line":201,"column":11},"end":{"line":212,"column":5}}],"line":188},"11":{"loc":{"start":{"line":190,"column":6},"end":{"line":200,"column":7}},"type":"if","locations":[{"start":{"line":190,"column":6},"end":{"line":200,"column":7}},{"start":{},"end":{}}],"line":190},"12":{"loc":{"start":{"line":226,"column":4},"end":{"line":236,"column":5}},"type":"if","locations":[{"start":{"line":226,"column":4},"end":{"line":236,"column":5}},{"start":{},"end":{}}],"line":226},"13":{"loc":{"start":{"line":269,"column":4},"end":{"line":272,"column":5}},"type":"if","locations":[{"start":{"line":269,"column":4},"end":{"line":272,"column":5}},{"start":{},"end":{}}],"line":269},"14":{"loc":{"start":{"line":303,"column":4},"end":{"line":308,"column":5}},"type":"if","locations":[{"start":{"line":303,"column":4},"end":{"line":308,"column":5}},{"start":{},"end":{}}],"line":303},"15":{"loc":{"start":{"line":334,"column":25},"end":{"line":334,"column":75}},"type":"binary-expr","locations":[{"start":{"line":334,"column":25},"end":{"line":334,"column":56}},{"start":{"line":334,"column":60},"end":{"line":334,"column":75}}],"line":334},"16":{"loc":{"start":{"line":335,"column":26},"end":{"line":335,"column":77}},"type":"binary-expr","locations":[{"start":{"line":335,"column":26},"end":{"line":335,"column":58}},{"start":{"line":335,"column":62},"end":{"line":335,"column":77}}],"line":335},"17":{"loc":{"start":{"line":338,"column":21},"end":{"line":338,"column":80}},"type":"binary-expr","locations":[{"start":{"line":338,"column":21},"end":{"line":338,"column":50}},{"start":{"line":338,"column":54},"end":{"line":338,"column":80}}],"line":338},"18":{"loc":{"start":{"line":342,"column":21},"end":{"line":342,"column":78}},"type":"binary-expr","locations":[{"start":{"line":342,"column":21},"end":{"line":342,"column":50}},{"start":{"line":342,"column":54},"end":{"line":342,"column":78}}],"line":342},"19":{"loc":{"start":{"line":362,"column":4},"end":{"line":366,"column":5}},"type":"if","locations":[{"start":{"line":362,"column":4},"end":{"line":366,"column":5}},{"start":{},"end":{}}],"line":362}},"s":{"0":1,"1":1,"2":1,"3":2,"4":2,"5":2,"6":2,"7":1,"8":1,"9":1,"10":1,"11":1,"12":1,"13":1,"14":1,"15":1,"16":5,"17":5,"18":5,"19":2,"20":3,"21":3,"22":3,"23":2,"24":3,"25":3,"26":0,"27":0,"28":0,"29":0,"30":0,"31":0,"32":0,"33":0,"34":0,"35":5,"36":1,"37":2,"38":2,"39":2,"40":2,"41":2,"42":1,"43":1,"44":1,"45":3,"46":3,"47":3,"48":3,"49":3,"50":1,"51":2,"52":1,"53":2,"54":1,"55":4,"56":4,"57":4,"58":4,"59":3,"60":3,"61":2,"62":1,"63":1,"64":0,"65":1,"66":4,"67":4,"68":4,"69":4,"70":3,"71":2,"72":2,"73":2,"74":2,"75":1,"76":1,"77":1,"78":3,"79":3,"80":3,"81":1,"82":2,"83":1,"84":3,"85":3,"86":3,"87":3,"88":3,"89":3,"90":2,"91":1,"92":1,"93":1,"94":1,"95":1,"96":1,"97":2,"98":2,"99":2,"100":1,"101":1,"102":3,"103":3,"104":3,"105":2,"106":1,"107":1,"108":1,"109":1,"110":1,"111":4,"112":4,"113":4,"114":4,"115":2,"116":2,"117":2,"118":3,"119":2,"120":2,"121":3,"122":1,"123":2,"124":2,"125":1,"126":4,"127":4,"128":4,"129":1,"130":3,"131":2,"132":1},"f":{"0":2,"1":5,"2":2,"3":3,"4":4,"5":4,"6":3,"7":3,"8":2,"9":3,"10":4,"11":3,"12":2,"13":3,"14":1,"15":4},"b":{"0":[1,1],"1":[2,3],"2":[5,3],"3":[3,0],"4":[2,1],"5":[3,0],"6":[0,0],"7":[0,0],"8":[3,0],"9":[1,2],"10":[3,1],"11":[2,1],"12":[2,1],"13":[1,1],"14":[1,1],"15":[2,1],"16":[2,1],"17":[3,3],"18":[3,3],"19":[1,3]},"_coverageSchema":"1a1c01bbd47fc00a2c39e90264f33305004495a9","hash":"03b5364eeaebd4a195bbbef8377725e1dddfabb0"}
,"C:\\Users\\prerna.bhise\\Documents\\NodeJS_Assignment2\\src\\db\\connection.js": {"path":"C:\\Users\\prerna.bhise\\Documents\\NodeJS_Assignment2\\src\\db\\connection.js","statementMap":{"0":{"start":{"line":4,"column":0},"end":{"line":4,"column":16}},"1":{"start":{"line":6,"column":67},"end":{"line":6,"column":74}},"2":{"start":{"line":8,"column":19},"end":{"line":14,"column":2}}},"fnMap":{},"branchMap":{},"s":{"0":3,"1":3,"2":3},"f":{},"b":{},"_coverageSchema":"1a1c01bbd47fc00a2c39e90264f33305004495a9","hash":"3aefd7a5afebec818f75ef4e78cd2205c14d0981"}
,"C:\\Users\\prerna.bhise\\Documents\\NodeJS_Assignment2\\src\\models\\adminModel.js": {"path":"C:\\Users\\prerna.bhise\\Documents\\NodeJS_Assignment2\\src\\models\\adminModel.js","statementMap":{"0":{"start":{"line":5,"column":32},"end":{"line":5,"column":46}},"1":{"start":{"line":135,"column":16},"end":{"line":202,"column":1}},"2":{"start":{"line":136,"column":2},"end":{"line":138,"column":3}},"3":{"start":{"line":137,"column":4},"end":{"line":137,"column":30}},"4":{"start":{"line":140,"column":2},"end":{"line":201,"column":5}},"5":{"start":{"line":141,"column":4},"end":{"line":200,"column":6}},"6":{"start":{"line":175,"column":8},"end":{"line":177,"column":9}},"7":{"start":{"line":176,"column":10},"end":{"line":176,"column":31}},"8":{"start":{"line":179,"column":28},"end":{"line":196,"column":14}},"9":{"start":{"line":180,"column":27},"end":{"line":180,"column":79}},"10":{"start":{"line":180,"column":44},"end":{"line":180,"column":78}},"11":{"start":{"line":182,"column":10},"end":{"line":193,"column":11}},"12":{"start":{"line":183,"column":61},"end":{"line":183,"column":64}},"13":{"start":{"line":184,"column":12},"end":{"line":187,"column":15}},"14":{"start":{"line":189,"column":12},"end":{"line":192,"column":15}},"15":{"start":{"line":195,"column":10},"end":{"line":195,"column":21}},"16":{"start":{"line":198,"column":8},"end":{"line":198,"column":29}},"17":{"start":{"line":204,"column":22},"end":{"line":224,"column":1}},"18":{"start":{"line":205,"column":2},"end":{"line":207,"column":3}},"19":{"start":{"line":206,"column":4},"end":{"line":206,"column":30}},"20":{"start":{"line":209,"column":2},"end":{"line":223,"column":5}},"21":{"start":{"line":210,"column":4},"end":{"line":222,"column":6}},"22":{"start":{"line":217,"column":8},"end":{"line":219,"column":9}},"23":{"start":{"line":218,"column":10},"end":{"line":218,"column":31}},"24":{"start":{"line":220,"column":8},"end":{"line":220,"column":33}},"25":{"start":{"line":226,"column":29},"end":{"line":268,"column":1}},"26":{"start":{"line":227,"column":2},"end":{"line":267,"column":3}},"27":{"start":{"line":228,"column":19},"end":{"line":239,"column":6}},"28":{"start":{"line":229,"column":6},"end":{"line":238,"column":8}},"29":{"start":{"line":233,"column":10},"end":{"line":235,"column":11}},"30":{"start":{"line":234,"column":12},"end":{"line":234,"column":33}},"31":{"start":{"line":236,"column":10},"end":{"line":236,"column":40}},"32":{"start":{"line":241,"column":4},"end":{"line":243,"column":5}},"33":{"start":{"line":242,"column":6},"end":{"line":242,"column":74}},"34":{"start":{"line":245,"column":17},"end":{"line":262,"column":6}},"35":{"start":{"line":246,"column":6},"end":{"line":261,"column":8}},"36":{"start":{"line":256,"column":10},"end":{"line":258,"column":11}},"37":{"start":{"line":257,"column":12},"end":{"line":257,"column":33}},"38":{"start":{"line":259,"column":10},"end":{"line":259,"column":26}},"39":{"start":{"line":264,"column":4},"end":{"line":264,"column":16}},"40":{"start":{"line":266,"column":4},"end":{"line":266,"column":16}},"41":{"start":{"line":269,"column":25},"end":{"line":304,"column":1}},"42":{"start":{"line":270,"column":2},"end":{"line":303,"column":5}},"43":{"start":{"line":271,"column":4},"end":{"line":302,"column":5}},"44":{"start":{"line":272,"column":6},"end":{"line":299,"column":8}},"45":{"start":{"line":294,"column":10},"end":{"line":296,"column":11}},"46":{"start":{"line":295,"column":12},"end":{"line":295,"column":33}},"47":{"start":{"line":297,"column":10},"end":{"line":297,"column":26}},"48":{"start":{"line":301,"column":6},"end":{"line":301,"column":32}},"49":{"start":{"line":310,"column":29},"end":{"line":330,"column":1}},"50":{"start":{"line":311,"column":2},"end":{"line":329,"column":3}},"51":{"start":{"line":312,"column":4},"end":{"line":326,"column":5}},"52":{"start":{"line":313,"column":6},"end":{"line":325,"column":9}},"53":{"start":{"line":314,"column":8},"end":{"line":324,"column":10}},"54":{"start":{"line":318,"column":12},"end":{"line":322,"column":13}},"55":{"start":{"line":319,"column":14},"end":{"line":319,"column":28}},"56":{"start":{"line":321,"column":14},"end":{"line":321,"column":31}},"57":{"start":{"line":328,"column":4},"end":{"line":328,"column":16}},"58":{"start":{"line":333,"column":24},"end":{"line":350,"column":1}},"59":{"start":{"line":334,"column":2},"end":{"line":349,"column":3}},"60":{"start":{"line":335,"column":17},"end":{"line":345,"column":6}},"61":{"start":{"line":336,"column":6},"end":{"line":344,"column":8}},"62":{"start":{"line":339,"column":10},"end":{"line":341,"column":11}},"63":{"start":{"line":340,"column":12},"end":{"line":340,"column":33}},"64":{"start":{"line":342,"column":10},"end":{"line":342,"column":41}},"65":{"start":{"line":346,"column":4},"end":{"line":346,"column":16}},"66":{"start":{"line":348,"column":4},"end":{"line":348,"column":16}},"67":{"start":{"line":352,"column":24},"end":{"line":370,"column":1}},"68":{"start":{"line":353,"column":2},"end":{"line":369,"column":3}},"69":{"start":{"line":354,"column":17},"end":{"line":365,"column":6}},"70":{"start":{"line":355,"column":6},"end":{"line":364,"column":8}},"71":{"start":{"line":359,"column":10},"end":{"line":361,"column":11}},"72":{"start":{"line":360,"column":12},"end":{"line":360,"column":33}},"73":{"start":{"line":362,"column":10},"end":{"line":362,"column":45}},"74":{"start":{"line":366,"column":4},"end":{"line":366,"column":16}},"75":{"start":{"line":368,"column":4},"end":{"line":368,"column":16}},"76":{"start":{"line":372,"column":21},"end":{"line":387,"column":1}},"77":{"start":{"line":373,"column":2},"end":{"line":386,"column":3}},"78":{"start":{"line":374,"column":17},"end":{"line":382,"column":6}},"79":{"start":{"line":375,"column":6},"end":{"line":381,"column":8}},"80":{"start":{"line":378,"column":10},"end":{"line":378,"column":42}},"81":{"start":{"line":378,"column":21},"end":{"line":378,"column":42}},"82":{"start":{"line":379,"column":10},"end":{"line":379,"column":33}},"83":{"start":{"line":383,"column":4},"end":{"line":383,"column":16}},"84":{"start":{"line":385,"column":4},"end":{"line":385,"column":16}},"85":{"start":{"line":431,"column":25},"end":{"line":466,"column":1}},"86":{"start":{"line":432,"column":2},"end":{"line":465,"column":3}},"87":{"start":{"line":433,"column":23},"end":{"line":433,"column":34}},"88":{"start":{"line":434,"column":88},"end":{"line":434,"column":92}},"89":{"start":{"line":435,"column":27},"end":{"line":435,"column":63}},"90":{"start":{"line":436,"column":0},"end":{"line":436,"column":30}},"91":{"start":{"line":438,"column":4},"end":{"line":462,"column":7}},"92":{"start":{"line":439,"column":6},"end":{"line":461,"column":8}},"93":{"start":{"line":443,"column":10},"end":{"line":445,"column":11}},"94":{"start":{"line":444,"column":12},"end":{"line":444,"column":33}},"95":{"start":{"line":447,"column":25},"end":{"line":447,"column":40}},"96":{"start":{"line":448,"column":10},"end":{"line":448,"column":42}},"97":{"start":{"line":450,"column":10},"end":{"line":459,"column":12}},"98":{"start":{"line":454,"column":14},"end":{"line":456,"column":15}},"99":{"start":{"line":455,"column":16},"end":{"line":455,"column":37}},"100":{"start":{"line":457,"column":14},"end":{"line":457,"column":30}},"101":{"start":{"line":464,"column":4},"end":{"line":464,"column":16}},"102":{"start":{"line":468,"column":25},"end":{"line":488,"column":1}},"103":{"start":{"line":470,"column":2},"end":{"line":487,"column":3}},"104":{"start":{"line":471,"column":17},"end":{"line":482,"column":6}},"105":{"start":{"line":472,"column":6},"end":{"line":481,"column":8}},"106":{"start":{"line":476,"column":10},"end":{"line":478,"column":11}},"107":{"start":{"line":477,"column":12},"end":{"line":477,"column":33}},"108":{"start":{"line":479,"column":10},"end":{"line":479,"column":33}},"109":{"start":{"line":484,"column":4},"end":{"line":484,"column":16}},"110":{"start":{"line":486,"column":4},"end":{"line":486,"column":16}},"111":{"start":{"line":491,"column":21},"en
[...]
ous_38)","decl":{"start":{"line":260,"column":8},"end":{"line":260,"column":9}},"loc":{"start":{"line":260,"column":27},"end":{"line":263,"column":9}},"line":260},"39":{"name":"(anonymous_39)","decl":{"start":{"line":272,"column":24},"end":{"line":272,"column":25}},"loc":{"start":{"line":272,"column":36},"end":{"line":289,"column":1}},"line":272},"40":{"name":"(anonymous_40)","decl":{"start":{"line":274,"column":35},"end":{"line":274,"column":36}},"loc":{"start":{"line":274,"column":56},"end":{"line":284,"column":5}},"line":274},"41":{"name":"(anonymous_41)","decl":{"start":{"line":277,"column":8},"end":{"line":277,"column":9}},"loc":{"start":{"line":277,"column":28},"end":{"line":282,"column":9}},"line":277},"42":{"name":"(anonymous_42)","decl":{"start":{"line":291,"column":25},"end":{"line":291,"column":26}},"loc":{"start":{"line":291,"column":42},"end":{"line":308,"column":1}},"line":291},"43":{"name":"(anonymous_43)","decl":{"start":{"line":293,"column":35},"end":{"line":293,"column":36}},"loc":{"start":{"line":293,"column":56},"end":{"line":303,"column":5}},"line":293},"44":{"name":"(anonymous_44)","decl":{"start":{"line":296,"column":8},"end":{"line":296,"column":9}},"loc":{"start":{"line":296,"column":28},"end":{"line":301,"column":9}},"line":296},"45":{"name":"(anonymous_45)","decl":{"start":{"line":310,"column":16},"end":{"line":310,"column":17}},"loc":{"start":{"line":310,"column":33},"end":{"line":332,"column":1}},"line":310},"46":{"name":"(anonymous_46)","decl":{"start":{"line":312,"column":35},"end":{"line":312,"column":36}},"loc":{"start":{"line":312,"column":56},"end":{"line":326,"column":5}},"line":312},"47":{"name":"(anonymous_47)","decl":{"start":{"line":315,"column":8},"end":{"line":315,"column":9}},"loc":{"start":{"line":315,"column":28},"end":{"line":324,"column":9}},"line":315},"48":{"name":"(anonymous_48)","decl":{"start":{"line":334,"column":22},"end":{"line":334,"column":23}},"loc":{"start":{"line":334,"column":34},"end":{"line":349,"column":1}},"line":334},"49":{"name":"(anonymous_49)","decl":{"start":{"line":336,"column":23},"end":{"line":336,"column":24}},"loc":{"start":{"line":336,"column":44},"end":{"line":344,"column":5}},"line":336},"50":{"name":"(anonymous_50)","decl":{"start":{"line":339,"column":8},"end":{"line":339,"column":9}},"loc":{"start":{"line":339,"column":27},"end":{"line":342,"column":9}},"line":339},"51":{"name":"(anonymous_51)","decl":{"start":{"line":351,"column":26},"end":{"line":351,"column":27}},"loc":{"start":{"line":351,"column":53},"end":{"line":364,"column":1}},"line":351},"52":{"name":"(anonymous_52)","decl":{"start":{"line":352,"column":21},"end":{"line":352,"column":22}},"loc":{"start":{"line":352,"column":42},"end":{"line":363,"column":3}},"line":352},"53":{"name":"(anonymous_53)","decl":{"start":{"line":356,"column":31},"end":{"line":356,"column":32}},"loc":{"start":{"line":356,"column":51},"end":{"line":362,"column":7}},"line":356},"54":{"name":"(anonymous_54)","decl":{"start":{"line":366,"column":32},"end":{"line":366,"column":33}},"loc":{"start":{"line":366,"column":71},"end":{"line":377,"column":1}},"line":366},"55":{"name":"(anonymous_55)","decl":{"start":{"line":367,"column":21},"end":{"line":367,"column":22}},"loc":{"start":{"line":367,"column":42},"end":{"line":376,"column":3}},"line":367},"56":{"name":"(anonymous_56)","decl":{"start":{"line":370,"column":43},"end":{"line":370,"column":44}},"loc":{"start":{"line":370,"column":62},"end":{"line":375,"column":7}},"line":370},"57":{"name":"(anonymous_57)","decl":{"start":{"line":379,"column":19},"end":{"line":379,"column":20}},"loc":{"start":{"line":379,"column":36},"end":{"line":394,"column":1}},"line":379},"58":{"name":"(anonymous_58)","decl":{"start":{"line":381,"column":35},"end":{"line":381,"column":36}},"loc":{"start":{"line":381,"column":56},"end":{"line":388,"column":5}},"line":381},"59":{"name":"(anonymous_59)","decl":{"start":{"line":382,"column":83},"end":{"line":382,"column":84}},"loc":{"start":{"line":382,"column":102},"end":{"line":387,"column":7}},"line":382},"60":{"name":"(anonymous_60)","decl":{"start":{"line":396,"column":20},"end":{"line":396,"column":21}},"loc":{"start":{"line":396,"column":37},"end":{"line":411,"column":1}},"line":396},"61":{"name":"(anonymous_61)","decl":{"start":{"line":398,"column":35},"end":{"line":398,"column":36}},"loc":{"start":{"line":398,"column":56},"end":{"line":405,"column":5}},"line":398},"62":{"name":"(anonymous_62)","decl":{"start":{"line":399,"column":67},"end":{"line":399,"column":68}},"loc":{"start":{"line":399,"column":86},"end":{"line":404,"column":7}},"line":399},"63":{"name":"(anonymous_63)","decl":{"start":{"line":414,"column":32},"end":{"line":414,"column":33}},"loc":{"start":{"line":414,"column":59},"end":{"line":465,"column":1}},"line":414},"64":{"name":"(anonymous_64)","decl":{"start":{"line":416,"column":38},"end":{"line":416,"column":39}},"loc":{"start":{"line":416,"column":59},"end":{"line":459,"column":5}},"line":416},"65":{"name":"(anonymous_65)","decl":{"start":{"line":452,"column":8},"end":{"line":452,"column":9}},"loc":{"start":{"line":452,"column":28},"end":{"line":457,"column":9}},"line":452},"66":{"name":"(anonymous_66)","decl":{"start":{"line":467,"column":26},"end":{"line":467,"column":27}},"loc":{"start":{"line":467,"column":45},"end":{"line":485,"column":1}},"line":467},"67":{"name":"(anonymous_67)","decl":{"start":{"line":470,"column":31},"end":{"line":470,"column":32}},"loc":{"start":{"line":470,"column":52},"end":{"line":481,"column":7}},"line":470},"68":{"name":"(anonymous_68)","decl":{"start":{"line":474,"column":83},"end":{"line":474,"column":84}},"loc":{"start":{"line":474,"column":103},"end":{"line":480,"column":11}},"line":474},"69":{"name":"(anonymous_69)","decl":{"start":{"line":487,"column":20},"end":{"line":487,"column":21}},"loc":{"start":{"line":487,"column":37},"end":{"line":507,"column":1}},"line":487},"70":{"name":"(anonymous_70)","decl":{"start":{"line":490,"column":23},"end":{"line":490,"column":24}},"loc":{"start":{"line":490,"column":44},"end":{"line":502,"column":5}},"line":490},"71":{"name":"(anonymous_71)","decl":{"start":{"line":494,"column":8},"end":{"line":494,"column":9}},"loc":{"start":{"line":494,"column":28},"end":{"line":500,"column":9}},"line":494},"72":{"name":"(anonymous_72)","decl":{"start":{"line":508,"column":19},"end":{"line":508,"column":20}},"loc":{"start":{"line":508,"column":36},"end":{"line":527,"column":1}},"line":508},"73":{"name":"(anonymous_73)","decl":{"start":{"line":510,"column":25},"end":{"line":510,"column":26}},"loc":{"start":{"line":510,"column":46},"end":{"line":522,"column":7}},"line":510},"74":{"name":"(anonymous_74)","decl":{"start":{"line":514,"column":10},"end":{"line":514,"column":11}},"loc":{"start":{"line":514,"column":30},"end":{"line":520,"column":11}},"line":514}},"branchMap":{"0":{"loc":{"start":{"line":20,"column":10},"end":{"line":20,"column":42}},"type":"if","locations":[{"start":{"line":20,"column":10},"end":{"line":20,"column":42}},{"start":{},"end":{}}],"line":20},"1":{"loc":{"start":{"line":39,"column":10},"end":{"line":39,"column":42}},"type":"if","locations":[{"start":{"line":39,"column":10},"end":{"line":39,"column":42}},{"start":{},"end":{}}],"line":39},"2":{"loc":{"start":{"line":56,"column":8},"end":{"line":58,"column":9}},"type":"if","locations":[{"start":{"line":56,"column":8},"end":{"line":58,"column":9}},{"start":{},"end":{}}],"line":56},"3":{"loc":{"start":{"line":89,"column":8},"end":{"line":93,"column":9}},"type":"if","locations":[{"start":{"line":89,"column":8},"end":{"line":93,"column":9}},{"start":{"line":91,"column":15},"end":{"line":93,"column":9}}],"line":89},"4":{"loc":{"start":{"line":107,"column":6},"end":{"line":109,"column":7}},"type":"if","locations":[{"start":{"line":107,"column":6},"end":{"line":109,"column":7}},{"start":{},"end":{}}],"line":107},"5":{"loc":{"start":{"line":119,"column":6},"end":{"line":121,"column":7}},"type":"if","locations":[{"start":{"line":119,"column":6},"end":{"line":121,"column":7}},{"start":{},"end":{}}],"line":119},"6":{"loc":{"start":{"line":122,"column":14},"end":{"line":122,"column":52}},"type":"cond-expr","locations":[{"start":{"line":122,"column":35},"end":{"line":122,"column":45}},{"start":{"line":122,"column":48},"end":{"line":122,"column":52}}],"line":122},"7":{"loc":{"start":{"line":131,"column":6},"end":{"line":133,"column":7}},"type":"if","locations":[{"start":{"line":131,"column":6},"end":{"line":133,"column":7}},{"start":{},"end":{}}],"line":131},"8":{"loc":{"start":{"line":134,"column":14},"end":{"line":134,"column":52}},"type":"cond-expr","locations":[{"start":{"line":134,"column":35},"end":{"line":134,"column":45}},{"start":{"line":134,"column":48},"end":{"line":134,"column":52}}],"line":134},"9":{"loc":{"start":{"line":150,"column":10},"end":{"line":152,"column":11}},"type":"if","locations":[{"start":{"line":150,"column":10},"end":{"line":152,"column":11}},{"start":{},"end":{}}],"line":150},"10":{"loc":{"start":{"line":172,"column":10},"end":{"line":174,"column":11}},"type":"if","locations":[{"start":{"line":172,"column":10},"end":{"line":174,"column":11}},{"start":{},"end":{}}],"line":172},"11":{"loc":{"start":{"line":197,"column":10},"end":{"line":199,"column":11}},"type":"if","locations":[{"start":{"line":197,"column":10},"end":{"line":199,"column":11}},{"start":{},"end":{}}],"line":197},"12":{"loc":{"start":{"line":218,"column":10},"end":{"line":220,"column":11}},"type":"if","locations":[{"start":{"line":218,"column":10},"end":{"line":220,"column":11}},{"start":{},"end":{}}],"line":218},"13":{"loc":{"start":{"line":241,"column":10},"end":{"line":243,"column":11}},"type":"if","locations":[{"start":{"line":241,"column":10},"end":{"line":243,"column":11}},{"start":{},"end":{}}],"line":241},"14":{"loc":{"start":{"line":261,"column":10},"end":{"line":261,"column":42}},"type":"if","locations":[{"start":{"line":261,"column":10},"end":{"line":261,"column":42}},{"start":{},"end":{}}],"line":261},"15":{"loc":{"start":{"line":278,"column":10},"end":{"line":280,"column":11}},"type":"if","locations":[{"start":{"line":278,"column":10},"end":{"line":280,"column":11}},{"start":{},"end":{}}],"line":278},"16":{"loc":{"start":{"line":297,"column":10},"end":{"line":299,"column":11}},"type":"if","locations":[{"start":{"line":297,"column":10},"end":{"line":299,"column":11}},{"start":{},"end":{}}],"line":297},"17":{"loc":{"start":{"line":316,"column":10},"end":{"line":318,"column":11}},"type":"if","locations":[{"start":{"line":316,"column":10},"end":{"line":318,"column":11}},{"start":{},"end":{}}],"line":316},"18":{"loc":{"start":{"line":319,"column":10},"end":{"line":323,"column":11}},"type":"if","locations":[{"start":{"line":319,"column":10},"end":{"line":323,"column":11}},{"start":{"line":321,"column":17},"end":{"line":323,"column":11}}],"line":319},"19":{"loc":{"start":{"line":340,"column":10},"end":{"line":340,"column":42}},"type":"if","locations":[{"start":{"line":340,"column":10},"end":{"line":340,"column":42}},{"start":{},"end":{}}],"line":340},"20":{"loc":{"start":{"line":357,"column":8},"end":{"line":359,"column":9}},"type":"if","locations":[{"start":{"line":357,"column":8},"end":{"line":359,"column":9}},{"start":{},"end":{}}],"line":357},"21":{"loc":{"start":{"line":371,"column":8},"end":{"line":373,"column":9}},"type":"if","locations":[{"start":{"line":371,"column":8},"end":{"line":373,"column":9}},{"start":{},"end":{}}],"line":371},"22":{"loc":{"start":{"line":383,"column":8},"end":{"line":385,"column":9}},"type":"if","locations":[{"start":{"line":383,"column":8},"end":{"line":385,"column":9}},{"start":{},"end":{}}],"line":383},"23":{"loc":{"start":{"line":400,"column":8},"end":{"line":402,"column":9}},"type":"if","locations":[{"start":{"line":400,"column":8},"end":{"line":402,"column":9}},{"start":{},"end":{}}],"line":400},"24":{"loc":{"start":{"line":453,"column":10},"end":{"line":455,"column":11}},"type":"if","locations":[{"start":{"line":453,"column":10},"end":{"line":455,"column":11}},{"start":{},"end":{}}],"line":453},"25":{"loc":{"start":{"line":475,"column":14},"end":{"line":479,"column":15}},"type":"if","locations":[{"start":{"line":475,"column":14},"end":{"line":479,"column":15}},{"start":{"line":477,"column":21},"end":{"line":479,"column":15}}],"line":475},"26":{"loc":{"start":{"line":495,"column":10},"end":{"line":499,"column":11}},"type":"if","locations":[{"start":{"line":495,"column":10},"end":{"line":499,"column":11}},{"start":{"line":497,"column":17},"end":{"line":499,"column":11}}],"line":495},"27":{"loc":{"start":{"line":515,"column":12},"end":{"line":519,"column":13}},"type":"if","locations":[{"start":{"line":515,"column":12},"end":{"line":519,"column":13}},{"start":{"line":517,"column":19},"end":{"line":519,"column":13}}],"line":515}},"s":{"0":1,"1":1,"2":0,"3":0,"4":0,"5":0,"6":0,"7":0,"8":0,"9":0,"10":1,"11":0,"12":0,"13":0,"14":0,"15":0,"16":0,"17":0,"18":0,"19":1,"20":0,"21":0,"22":0,"23":0,"24":0,"25":1,"26":0,"27":0,"28":0,"29":0,"30":0,"31":0,"32":0,"33":0,"34":0,"35":1,"36":0,"37":0,"38":0,"39":0,"40":0,"41":1,"42":0,"43":0,"44":0,"45":0,"46":0,"47":1,"48":0,"49":0,"50":0,"51":0,"52":0,"53":1,"54":0,"55":0,"56":0,"57":0,"58":0,"59":0,"60":0,"61":0,"62":1,"63":0,"64":0,"65":0,"66":0,"67":0,"68":0,"69":0,"70":0,"71":0,"72":1,"73":0,"74":0,"75":0,"76":0,"77":0,"78":0,"79":0,"80":0,"81":0,"82":1,"83":0,"84":0,"85":0,"86":0,"87":0,"88":0,"89":0,"90":0,"91":1,"92":0,"93":0,"94":0,"95":0,"96":0,"97":0,"98":0,"99":0,"100":1,"101":0,"102":0,"103":0,"104":0,"105":0,"106":0,"107":0,"108":0,"109":1,"110":0,"111":0,"112":0,"113":0,"114":0,"115":0,"116":0,"117":0,"118":1,"119":0,"120":0,"121":0,"122":0,"123":0,"124":0,"125":0,"126":0,"127":1,"128":0,"129":0,"130":0,"131":0,"132":0,"133":0,"134":0,"135":0,"136":0,"137":0,"138":1,"139":0,"140":0,"141":0,"142":0,"143":0,"144":0,"145":0,"146":1,"147":0,"148":0,"149":0,"150":0,"151":0,"152":0,"153":1,"154":0,"155":0,"156":0,"157":0,"158":0,"159":1,"160":0,"161":0,"162":0,"163":0,"164":0,"165":0,"166":0,"167":0,"168":1,"169":0,"170":0,"171":0,"172":0,"173":0,"174":0,"175":0,"176":0,"177":1,"178":0,"179":0,"180":0,"181":0,"182":0,"183":0,"184":0,"185":0,"186":1,"187":0,"188":0,"189":0,"190":0,"191":0,"192":0,"193":0,"194":0,"195":1,"196":0,"197":0,"198":0,"199":0,"200":0,"201":0,"202":0,"203":1,"204":0,"205":0,"206":0,"207":0,"208":0,"209":0,"210":0},"f":{"0":0,"1":0,"2":0,"3":0,"4":0,"5":0,"6":0,"7":0,"8":0,"9":0,"10":0,"11":0,"12":0,"13":0,"14":0,"15":0,"16":0,"17":0,"18":0,"19":0,"20":0,"21":0,"22":0,"23":0,"24":0,"25":0,"26":0,"27":0,"28":0,"29":0,"30":0,"31":0,"32":0,"33":0,"34":0,"35":0,"36":0,"37":0,"38":0,"39":0,"40":0,"41":0,"42":0,"43":0,"44":0,"45":0,"46":0,"47":0,"48":0,"49":0,"50":0,"51":0,"52":0,"53":0,"54":0,"55":0,"56":0,"57":0,"58":0,"59":0,"60":0,"61":0,"62":0,"63":0,"64":0,"65":0,"66":0,"67":0,"68":0,"69":0,"70":0,"71":0,"72":0,"73":0,"74":0},"b":{"0":[0,0],"1":[0,0],"2":[0,0],"3":[0,0],"4":[0,0],"5":[0,0],"6":[0,0],"7":[0,0],"8":[0,0],"9":[0,0],"10":[0,0],"11":[0,0],"12":[0,0],"13":[0,0],"14":[0,0],"15":[0,0],"16":[0,0],"17":[0,0],"18":[0,0],"19":[0,0],"20":[0,0],"21":[0,0],"22":[0,0],"23":[0,0],"24":[0,0],"25":[0,0],"26":[0,0],"27":[0,0]},"_coverageSchema":"1a1c01bbd47fc00a2c39e90264f33305004495a9","hash":"e8670e4d4e2455621ca45cb2a73b4730c7574d3c"}
,"C:\\Users\\prerna.bhise\\Documents\\NodeJS_Assignment2\\src\\test\\controllers\\test.constants.js": {"path":"C:\\Users\\prerna.bhise\\Documents\\NodeJS_Assignment2\\src\\test\\controllers\\test.constants.js","statementMap":{"0":{"start":{"line":1,"column":22},"end":{"line":8,"column":1}},"1":{"start":{"line":9,"column":17},"end":{"line":11,"column":1}},"2":{"start":{"line":12,"column":14},"end":{"line":14,"column":1}},"3":{"start":{"line":15,"column":19},"end":{"line":20,"column":1}},"4":{"start":{"line":21,"column":21},"end":{"line":27,"column":1}},"5":{"start":{"line":28,"column":19},"end":{"line":30,"column":1}},"6":{"start":{"line":31,"column":21},"end":{"line":36,"column":1}},"7":{"start":{"line":37,"column":18},"end":{"line":42,"column":1}},"8":{"start":{"line":43,"column":20},"end":{"line":48,"column":1}},"9":{"start":{"line":50,"column":25},"end":{"line":52,"column":3}},"10":{"start":{"line":54,"column":23},"end":{"line":58,"column":3}},"11":{"start":{"line":60,"column":26},"end":{"line":63,"column":3}},"12":{"start":{"line":65,"column":27},"end":{"line":67,"column":7}},"13":{"start":{"line":69,"column":28},"end":{"line":72,"column":6}},"14":{"start":{"line":74,"column":34},"end":{"line":79,"column":7}},"15":{"start":{"line":81,"column":38},"end":{"line":84,"column":7}},"16":{"start":{"line":86,"column":40},"end":{"line":105,"column":7}},"17":{"start":{"line":107,"column":43},"end":{"line":112,"column":7}},"18":{"start":{"line":114,"column":50},"end":{"line":119,"column":7}},"19":{"start":{"line":121,"column":30},"end":{"line":123,"column":5}},"20":{"start":{"line":125,"column":29},"end":{"line":128,"column":7}},"21":{"start":{"line":130,"column":29},"end":{"line":132,"column":7}},"22":{"start":{"line":134,"column":35},"end":{"line":141,"column":7}},"23":{"start":{"line":143,"column":29},"end":{"line":149,"column":7}},"24":{"start":{"line":151,"column":29},"end":{"line":154,"column":7}},"25":{"start":{"line":156,"column":36},"end":{"line":160,"column":7}},"26":{"start":{"line":162,"column":38},"end":{"line":167,"column":9}},"27":{"start":{"line":169,"column":33},"end":{"line":172,"column":9}},"28":{"start":{"line":174,"column":33},"end":{"line":179,"column":11}},"29":{"start":{"line":181,"column":27},"end":{"line":183,"column":11}},"30":{"start":{"line":185,"column":43},"end":{"line":188,"column":5}},"31":{"start":{"line":190,"column":27},"end":{"line":192,"column":7}},"32":{"start":{"line":194,"column":32},"end":{"line":199,"column":7}},"33":{"start":{"line":201,"column":34},"end":{"line":206,"column":7}},"34":{"start":{"line":208,"column":37},"end":{"line":213,"column":7}},"35":{"start":{"line":215,"column":25},"end":{"line":221,"column":7}},"36":{"start":{"line":223,"column":31},"end":{"line":226,"column":7}},"37":{"start":{"line":228,"column":26},"end":{"line":230,"column":7}},"38":{"start":{"line":232,"column":27},"end":{"line":232,"column":55}},"39":{"start":{"line":234,"column":26},"end":{"line":234,"column":41}},"40":{"start":{"line":236,"column":26},"end":{"line":245,"column":7}},"41":{"start":{"line":247,"column":30},"end":{"line":249,"column":7}},"42":{"start":{"line":251,"column":40},"end":{"line":254,"column":7}},"43":{"start":{"line":256,"column":38},"end":{"line":263,"column":7}},"44":{"start":{"line":265,"column":37},"end":{"line":269,"column":7}},"45":{"start":{"line":271,"column":39},"end":{"line":277,"column":7}},"46":{"start":{"line":279,"column":35},"end":{"line":282,"column":7}},"47":{"start":{"line":284,"column":35},"end":{"line":286,"column":7}},"48":{"start":{"line":288,"column":38},"end":{"line":290,"column":7}},"49":{"start":{"line":292,"column":33},"end":{"line":295,"column":7}},"50":{"start":{"line":297,"column":37},"end":{"line":299,"column":7}},"51":{"start":{"line":301,"column":38},"end":{"line":303,"column":7}},"52":{"start":{"line":305,"column":43},"end":{"line":307,"column":7}},"53":{"start":{"line":309,"column":27},"end":{"line":311,"column":7}},"54":{"start":{"line":313,"column":27},"end":{"line":313,"column":63}},"55":{"start":{"line":315,"column":36},"end":{"line":317,"column":7}}},"fnMap":{},"branchMap":{},"s":{"0":3,"1":3,"2":3,"3":3,"4":3,"5":3,"6":3,"7":3,"8":3,"9":3,"10":3,"11":3,"12":3,"13":3,"14":3,"15":3,"16":3,"17":3,"18":3,"19":3,"20":3,"21":3,"22":3,"23":3,"24":3,"25":3,"26":3,"27":3,"28":3,"29":3,"30":3,"31":3,"32":3,"33":3,"34":3,"35":3,"36":3,"37":3,"38":3,"39":3,"40":3,"41":3,"42":3,"43":3,"44":3,"45":3,"46":3,"47":3,"48":3,"49":3,"50":3,"51":3,"52":3,"53":3,"54":3,"55":3},"f":{},"b":{},"_coverageSchema":"1a1c01bbd47fc00a2c39e90264f33305004495a9","hash":"0c00618fbb383ba91b8b738a37016f8f30125d31"}
}
