TN:
SF:src\common\constants\mailTemplate.js
FN:1,(anonymous_0)
FN:18,(anonymous_1)
FN:48,(anonymous_2)
FN:63,(anonymous_3)
FN:85,(anonymous_4)
FN:102,(anonymous_5)
FN:125,(anonymous_6)
FNF:7
FNH:1
FNDA:0,(anonymous_0)
FNDA:1,(anonymous_1)
FNDA:0,(anonymous_2)
FNDA:0,(anonymous_3)
FNDA:0,(anonymous_4)
FNDA:0,(anonymous_5)
FNDA:0,(anonymous_6)
DA:1,4
DA:2,0
DA:18,4
DA:19,1
DA:48,4
DA:49,0
DA:63,4
DA:64,0
DA:85,4
DA:86,0
DA:102,4
DA:103,0
DA:125,4
DA:127,0
LF:14
LH:8
BRF:0
BRH:0
end_of_record
TN:
SF:src\common\constants\pathConstant.js
FNF:0
FNH:0
DA:1,2
LF:1
LH:1
BRF:0
BRH:0
end_of_record
TN:
SF:src\common\constants\response.js
FNF:0
FNH:0
DA:10,5
DA:11,5
DA:30,5
DA:50,5
DA:52,5
LF:5
LH:5
BRF:0
BRH:0
end_of_record
TN:
SF:src\common\constants\statusConstant.js
FNF:0
FNH:0
DA:1,6
DA:9,6
DA:13,6
DA:53,6
LF:4
LH:4
BRF:0
BRH:0
end_of_record
TN:
SF:src\common\utility\approveAppointment.js
FN:3,(anonymous_0)
FNF:1
FNH:1
FNDA:2,(anonymous_0)
DA:3,2
DA:4,2
DA:5,2
DA:12,2
DA:14,1
DA:17,1
LF:6
LH:6
BRF:0
BRH:0
end_of_record
TN:
SF:src\common\utility\cancelledAppointment.js
FN:3,(anonymous_0)
FNF:1
FNH:1
FNDA:2,(anonymous_0)
DA:3,2
DA:5,2
DA:6,2
DA:13,2
DA:15,1
DA:18,1
LF:6
LH:6
BRF:0
BRH:0
end_of_record
TN:
SF:src\common\utility\createPrescription.js
FN:1,(anonymous_0)
FNF:1
FNH:1
FNDA:3,(anonymous_0)
DA:1,3
DA:2,3
DA:4,3
DA:5,6
DA:13,6
DA:21,6
DA:31,6
DA:43,3
LF:8
LH:8
BRDA:5,0,0,3
BRDA:5,0,1,3
BRDA:7,1,0,0
BRDA:7,1,1,3
BRDA:9,2,0,3
BRDA:9,2,1,0
BRDA:13,3,0,0
BRDA:13,3,1,6
BRDA:15,4,0,6
BRDA:15,4,1,0
BRDA:17,5,0,0
BRDA:17,5,1,0
BRDA:21,6,0,0
BRDA:21,6,1,6
BRDA:23,7,0,0
BRDA:23,7,1,6
BRDA:27,8,0,6
BRDA:27,8,1,0
BRF:18
BRH:9
end_of_record
TN:
SF:src\common\utility\handlers.js
FN:2,(anonymous_0)
FN:9,(anonymous_1)
FN:15,(anonymous_2)
FNF:3
FNH:3
FNDA:1,(anonymous_0)
FNDA:74,(anonymous_1)
FNDA:2,(anonymous_2)
DA:3,1
DA:4,1
DA:10,74
DA:11,74
DA:16,2
DA:17,2
DA:18,2
DA:19,2
LF:8
LH:8
BRDA:15,0,0,1
BRF:1
BRH:1
end_of_record
TN:
SF:src\common\utility\otpMail.js
FN:4,(anonymous_0)
FNF:1
FNH:1
FNDA:2,(anonymous_0)
DA:4,2
DA:5,2
DA:6,2
DA:13,2
DA:14,1
DA:17,1
LF:6
LH:6
BRF:0
BRH:0
end_of_record
TN:
SF:src\common\utility\prescriptionPdf.js
FN:4,(anonymous_0)
FN:10,(anonymous_1)
FNF:2
FNH:1
FNDA:1,(anonymous_0)
FNDA:0,(anonymous_1)
DA:4,2
DA:5,1
DA:8,1
DA:9,1
DA:10,1
DA:11,0
DA:14,1
DA:15,1
DA:17,1
DA:18,1
DA:20,1
LF:11
LH:10
BRF:0
BRH:0
end_of_record
TN:
SF:src\common\utility\sendPrescription.js
FN:3,(anonymous_0)
FNF:1
FNH:1
FNDA:2,(anonymous_0)
DA:3,2
DA:4,2
DA:5,2
DA:18,2
DA:21,1
LF:5
LH:5
BRF:0
BRH:0
end_of_record
TN:
SF:src\common\utility\sendRegisterCode.js
FN:3,(anonymous_0)
FNF:1
FNH:1
FNDA:2,(anonymous_0)
DA:3,2
DA:5,2
DA:6,2
DA:13,2
DA:15,1
DA:18,1
DA:19,1
LF:7
LH:7
BRF:0
BRH:0
end_of_record
TN:
SF:src\common\utility\sendUpdatePrescriptionEmail.js
FN:4,(anonymous_0)
FNF:1
FNH:1
FNDA:2,(anonymous_0)
DA:4,2
DA:5,2
DA:6,2
DA:20,2
DA:22,1
LF:5
LH:5
BRF:0
BRH:0
end_of_record
TN:
SF:src\common\utility\sendVerificationEmail.js
FN:3,(anonymous_0)
FNF:1
FNH:1
FNDA:3,(anonymous_0)
DA:3,2
DA:4,3
DA:5,3
DA:13,3
DA:14,2
DA:16,1
DA:17,1
LF:7
LH:7
BRF:0
BRH:0
end_of_record
TN:
SF:src\common\utility\upload.js
FN:4,(anonymous_0)
FN:5,(anonymous_1)
FN:11,(anonymous_2)
FNF:3
FNH:3
FNDA:4,(anonymous_0)
FNDA:4,(anonymous_1)
FNDA:2,(anonymous_2)
DA:4,4
DA:5,4
DA:6,4
DA:12,2
DA:13,1
DA:17,2
LF:6
LH:6
BRDA:12,0,0,1
BRDA:12,0,1,1
BRF:2
BRH:2
end_of_record
TN:
SF:src\config\emailConfig.js
FNF:0
FNH:0
DA:4,4
DA:6,4
LF:2
LH:2
BRF:0
BRH:0
end_of_record
TN:
SF:src\controllers\adminController.js
FN:40,(anonymous_0)
FN:74,(anonymous_1)
FN:101,(anonymous_2)
FN:108,(anonymous_3)
FN:109,(anonymous_4)
FN:110,(anonymous_5)
FN:111,(anonymous_6)
FN:128,(anonymous_7)
FN:162,(anonymous_8)
FN:191,(anonymous_9)
FN:209,(anonymous_10)
FN:218,(anonymous_11)
FN:268,(anonymous_12)
FN:281,(anonymous_13)
FN:316,(anonymous_14)
FN:351,(anonymous_15)
FN:389,(anonymous_16)
FN:407,(anonymous_17)
FN:426,(anonymous_18)
FN:433,(anonymous_19)
FN:448,(anonymous_20)
FN:464,(anonymous_21)
FNF:22
FNH:21
FNDA:3,(anonymous_0)
FNDA:3,(anonymous_1)
FNDA:3,(anonymous_2)
FNDA:3,(anonymous_3)
FNDA:6,(anonymous_4)
FNDA:9,(anonymous_5)
FNDA:9,(anonymous_6)
FNDA:2,(anonymous_7)
FNDA:4,(anonymous_8)
FNDA:3,(anonymous_9)
FNDA:0,(anonymous_10)
FNDA:3,(anonymous_11)
FNDA:2,(anonymous_12)
FNDA:5,(anonymous_13)
FNDA:4,(anonymous_14)
FNDA:5,(anonymous_15)
FNDA:3,(anonymous_16)
FNDA:3,(anonymous_17)
FNDA:3,(anonymous_18)
FNDA:9,(anonymous_19)
FNDA:3,(anonymous_20)
FNDA:3,(anonymous_21)
DA:37,1
DA:40,1
DA:41,3
DA:42,3
DA:44,3
DA:45,2
DA:48,1
DA:51,1
DA:53,1
DA:54,1
DA:56,1
DA:61,1
DA:71,2
DA:74,1
DA:75,3
DA:76,3
DA:77,3
DA:79,3
DA:80,3
DA:81,0
DA:84,3
DA:85,1
DA:87,0
DA:95,2
DA:97,3
DA:101,1
DA:102,3
DA:103,3
DA:105,3
DA:107,3
DA:108,3
DA:109,6
DA:110,9
DA:111,9
DA:114,3
DA:123,0
DA:128,1
DA:129,2
DA:130,2
DA:132,2
DA:133,2
DA:134,1
DA:137,1
DA:138,1
DA:139,1
DA:141,1
DA:148,1
DA:149,0
DA:150,0
DA:151,0
DA:154,0
DA:158,2
DA:162,1
DA:163,4
DA:164,4
DA:165,4
DA:167,4
DA:169,4
DA:170,0
DA:173,4
DA:174,4
DA:176,4
DA:177,0
DA:181,4
DA:183,4
DA:187,0
DA:191,1
DA:192,3
DA:193,3
DA:194,3
DA:195,2
DA:197,2
DA:201,1
DA:205,0
DA:209,1
DA:210,0
DA:211,0
DA:213,0
DA:218,1
DA:219,3
DA:220,3
DA:221,3
DA:224,3
DA:225,3
DA:226,3
DA:228,0
DA:230,0
DA:244,0
DA:245,0
DA:250,0
DA:252,0
DA:253,0
DA:254,0
DA:255,0
DA:258,0
DA:263,3
DA:268,1
DA:269,2
DA:270,2
DA:272,2
DA:273,2
DA:277,0
DA:281,1
DA:282,5
DA:283,5
DA:284,5
DA:285,5
DA:286,5
DA:290,0
DA:291,0
DA:293,0
DA:294,0
DA:295,0
DA:296,0
DA:297,0
DA:298,0
DA:299,0
DA:300,0
DA:302,0
DA:306,0
DA:312,0
DA:316,1
DA:317,4
DA:318,4
DA:319,4
DA:320,4
DA:322,4
DA:323,3
DA:327,1
DA:329,1
DA:331,1
DA:333,0
DA:334,0
DA:336,0
DA:337,0
DA:341,1
DA:347,0
DA:351,1
DA:352,5
DA:353,5
DA:354,5
DA:356,5
DA:357,5
DA:361,0
DA:362,0
DA:363,0
DA:365,0
DA:366,0
DA:370,0
DA:372,0
DA:373,0
DA:375,0
DA:379,0
DA:385,0
DA:389,1
DA:390,3
DA:391,3
DA:392,3
DA:393,1
DA:395,1
DA:399,2
DA:403,0
DA:407,1
DA:408,3
DA:409,3
DA:410,3
DA:411,3
DA:412,3
DA:415,3
DA:422,0
DA:426,1
DA:427,3
DA:428,3
DA:430,3
DA:431,3
DA:433,9
DA:438,3
DA:443,0
DA:448,1
DA:449,3
DA:450,3
DA:452,3
DA:453,3
DA:455,3
DA:460,0
DA:464,1
DA:465,3
DA:466,3
DA:468,3
DA:469,3
DA:471,3
DA:476,0
LF:192
LH:133
BRDA:44,0,0,2
BRDA:44,0,1,1
BRDA:51,1,0,1
BRDA:51,1,1,0
BRDA:80,2,0,0
BRDA:80,2,1,3
BRDA:84,3,0,1
BRDA:84,3,1,2
BRDA:108,4,0,3
BRDA:108,4,1,0
BRDA:109,5,0,3
BRDA:109,5,1,0
BRDA:110,6,0,3
BRDA:110,6,1,3
BRDA:111,7,0,3
BRDA:111,7,1,0
BRDA:133,8,0,1
BRDA:133,8,1,1
BRDA:169,9,0,0
BRDA:169,9,1,4
BRDA:173,10,0,4
BRDA:173,10,1,0
BRDA:176,11,0,0
BRDA:176,11,1,4
BRDA:194,12,0,2
BRDA:194,12,1,1
BRDA:225,13,0,3
BRDA:225,13,1,0
BRDA:244,14,0,0
BRDA:244,14,1,0
BRDA:252,15,0,0
BRDA:252,15,1,0
BRDA:285,16,0,5
BRDA:285,16,1,0
BRDA:285,17,0,5
BRDA:285,17,1,0
BRDA:290,18,0,0
BRDA:290,18,1,0
BRDA:293,19,0,0
BRDA:293,19,1,0
BRDA:294,20,0,0
BRDA:294,20,1,0
BRDA:322,21,0,3
BRDA:322,21,1,1
BRDA:327,22,0,1
BRDA:327,22,1,0
BRDA:331,23,0,0
BRDA:331,23,1,1
BRDA:356,24,0,5
BRDA:356,24,1,0
BRDA:361,25,0,0
BRDA:361,25,1,0
BRDA:365,26,0,0
BRDA:365,26,1,0
BRDA:365,27,0,0
BRDA:365,27,1,0
BRDA:372,28,0,0
BRDA:372,28,1,0
BRDA:392,29,0,1
BRDA:392,29,1,2
BRDA:411,30,0,3
BRDA:411,30,1,0
BRDA:411,31,0,3
BRDA:411,31,1,2
BRDA:430,32,0,3
BRDA:430,32,1,0
BRDA:430,33,0,3
BRDA:430,33,1,2
BRDA:452,34,0,3
BRDA:452,34,1,0
BRDA:452,35,0,3
BRDA:452,35,1,2
BRDA:468,36,0,3
BRDA:468,36,1,0
BRDA:468,37,0,3
BRDA:468,37,1,2
BRF:76
BRH:40
end_of_record
TN:
SF:src\controllers\doctorController.js
FN:27,(anonymous_0)
FN:40,(anonymous_1)
FN:79,(anonymous_2)
FN:159,(anonymous_3)
FN:196,(anonymous_4)
FN:238,(anonymous_5)
FNF:6
FNH:3
FNDA:3,(anonymous_0)
FNDA:3,(anonymous_1)
FNDA:3,(anonymous_2)
FNDA:0,(anonymous_3)
FNDA:0,(anonymous_4)
FNDA:0,(anonymous_5)
DA:27,1
DA:28,3
DA:29,3
DA:31,3
DA:33,3
DA:37,0
DA:40,1
DA:41,3
DA:50,3
DA:52,3
DA:54,3
DA:63,3
DA:64,1
DA:66,1
DA:71,2
DA:75,0
DA:79,1
DA:80,3
DA:82,3
DA:84,3
DA:85,2
DA:87,1
DA:91,1
DA:96,1
DA:159,1
DA:160,0
DA:161,0
DA:162,0
DA:164,0
DA:165,0
DA:167,0
DA:168,0
DA:170,0
DA:172,0
DA:174,0
DA:179,0
DA:181,0
DA:182,0
DA:184,0
DA:186,0
DA:190,0
DA:196,1
DA:197,0
DA:198,0
DA:199,0
DA:201,0
DA:202,0
DA:204,0
DA:205,0
DA:207,0
DA:209,0
DA:211,0
DA:216,0
DA:218,0
DA:220,0
DA:222,0
DA:223,0
DA:225,0
DA:228,0
DA:230,0
DA:234,0
DA:238,1
DA:239,0
DA:240,0
DA:241,0
DA:242,0
DA:243,0
LF:67
LH:25
BRDA:63,0,0,1
BRDA:63,0,1,2
BRDA:84,1,0,2
BRDA:84,1,1,1
BRDA:84,2,0,3
BRDA:84,2,1,1
BRDA:222,3,0,0
BRDA:222,3,1,0
BRF:8
BRH:6
end_of_record
TN:
SF:src\controllers\patientController.js
FN:45,(anonymous_0)
FN:59,(anonymous_1)
FN:72,(anonymous_2)
FN:113,(anonymous_3)
FN:164,(anonymous_4)
FN:185,(anonymous_5)
FN:198,(anonymous_6)
FN:211,(anonymous_7)
FN:268,(anonymous_8)
FN:288,(anonymous_9)
FN:301,(anonymous_10)
FN:316,(anonymous_11)
FN:339,(anonymous_12)
FN:359,(anonymous_13)
FN:373,(anonymous_14)
FN:426,(anonymous_15)
FN:471,(anonymous_16)
FNF:17
FNH:17
FNDA:2,(anonymous_0)
FNDA:2,(anonymous_1)
FNDA:2,(anonymous_2)
FNDA:3,(anonymous_3)
FNDA:3,(anonymous_4)
FNDA:2,(anonymous_5)
FNDA:2,(anonymous_6)
FNDA:3,(anonymous_7)
FNDA:3,(anonymous_8)
FNDA:2,(anonymous_9)
FNDA:2,(anonymous_10)
FNDA:2,(anonymous_11)
FNDA:2,(anonymous_12)
FNDA:2,(anonymous_13)
FNDA:2,(anonymous_14)
FNDA:2,(anonymous_15)
FNDA:2,(anonymous_16)
DA:40,2
DA:45,2
DA:46,2
DA:47,2
DA:49,2
DA:50,1
DA:54,1
DA:59,2
DA:60,2
DA:61,2
DA:62,2
DA:64,1
DA:68,1
DA:72,2
DA:73,2
DA:87,2
DA:89,2
DA:90,2
DA:102,2
DA:104,1
DA:109,1
DA:113,2
DA:114,3
DA:128,3
DA:130,3
DA:131,3
DA:132,3
DA:134,3
DA:146,3
DA:148,3
DA:150,2
DA:151,1
DA:153,1
DA:157,1
DA:160,2
DA:164,2
DA:165,3
DA:166,3
DA:167,3
DA:169,3
DA:170,2
DA:171,1
DA:173,1
DA:177,1
DA:179,2
DA:185,2
DA:186,2
DA:187,2
DA:188,2
DA:190,1
DA:194,1
DA:198,2
DA:199,2
DA:200,2
DA:202,2
DA:203,1
DA:207,1
DA:211,2
DA:212,3
DA:229,3
DA:231,3
DA:232,3
DA:233,3
DA:234,3
DA:235,3
DA:236,3
DA:238,3
DA:252,3
DA:254,3
DA:255,2
DA:256,1
DA:258,1
DA:262,1
DA:264,2
DA:268,2
DA:269,3
DA:270,3
DA:271,3
DA:273,3
DA:274,2
DA:275,1
DA:276,1
DA:280,1
DA:282,2
DA:288,2
DA:289,2
DA:290,2
DA:291,2
DA:293,1
DA:297,1
DA:301,2
DA:302,2
DA:303,2
DA:305,2
DA:307,1
DA:312,1
DA:316,2
DA:317,2
DA:320,2
DA:321,2
DA:322,2
DA:324,2
DA:325,2
DA:326,1
DA:328,1
DA:333,1
DA:335,1
DA:339,2
DA:340,2
DA:341,2
DA:342,2
DA:344,2
DA:345,2
DA:346,1
DA:348,1
DA:352,1
DA:354,1
DA:359,2
DA:360,2
DA:361,2
DA:363,2
DA:364,1
DA:369,1
DA:373,2
DA:374,2
DA:376,2
DA:377,1
DA:380,1
DA:382,1
DA:383,0
DA:390,1
DA:391,0
DA:393,0
DA:395,0
DA:416,0
DA:418,0
DA:422,2
DA:426,2
DA:427,2
DA:428,2
DA:429,0
DA:431,2
DA:432,2
DA:433,0
DA:436,2
DA:437,2
DA:438,1
DA:442,1
DA:443,1
DA:444,0
DA:446,0
DA:448,0
DA:453,0
DA:455,0
DA:456,0
DA:457,0
DA:459,0
DA:463,0
DA:465,2
DA:471,2
DA:472,2
DA:474,2
DA:475,2
DA:477,2
DA:478,0
DA:481,2
DA:487,2
DA:488,1
DA:491,1
DA:493,1
DA:497,1
LF:171
LH:153
BRDA:130,0,0,3
BRDA:130,0,1,0
BRDA:131,1,0,3
BRDA:131,1,1,3
BRDA:132,2,0,3
BRDA:132,2,1,0
BRDA:150,3,0,1
BRDA:150,3,1,1
BRDA:150,4,0,2
BRDA:150,4,1,1
BRDA:170,5,0,1
BRDA:170,5,1,1
BRDA:170,6,0,2
BRDA:170,6,1,1
BRDA:231,7,0,3
BRDA:231,7,1,0
BRDA:231,8,0,3
BRDA:231,8,1,0
BRDA:232,9,0,0
BRDA:232,9,1,3
BRDA:232,10,0,3
BRDA:232,10,1,3
BRDA:233,11,0,0
BRDA:233,11,1,3
BRDA:233,12,0,3
BRDA:233,12,1,3
BRDA:234,13,0,0
BRDA:234,13,1,3
BRDA:234,14,0,3
BRDA:234,14,1,3
BRDA:235,15,0,3
BRDA:235,15,1,0
BRDA:235,16,0,3
BRDA:235,16,1,0
BRDA:236,17,0,3
BRDA:236,17,1,0
BRDA:236,18,0,3
BRDA:236,18,1,0
BRDA:255,19,0,1
BRDA:255,19,1,1
BRDA:255,20,0,2
BRDA:255,20,1,1
BRDA:274,21,0,1
BRDA:274,21,1,1
BRDA:274,22,0,2
BRDA:274,22,1,1
BRDA:325,23,0,1
BRDA:325,23,1,1
BRDA:325,24,0,2
BRDA:325,24,1,1
BRDA:345,25,0,1
BRDA:345,25,1,1
BRDA:345,26,0,2
BRDA:345,26,1,1
BRDA:376,27,0,1
BRDA:376,27,1,1
BRDA:382,28,0,0
BRDA:382,28,1,1
BRDA:382,29,0,1
BRDA:382,29,1,1
BRDA:428,30,0,0
BRDA:428,30,1,2
BRDA:432,31,0,0
BRDA:432,31,1,2
BRDA:432,32,0,2
BRDA:432,32,1,2
BRDA:437,33,0,1
BRDA:437,33,1,1
BRDA:442,34,0,1
BRDA:442,34,1,0
BRDA:456,35,0,0
BRDA:456,35,1,0
BRDA:456,36,0,0
BRDA:456,36,1,0
BRDA:477,37,0,0
BRDA:477,37,1,2
BRDA:477,38,0,2
BRDA:477,38,1,2
BRDA:487,39,0,1
BRDA:487,39,1,1
BRF:80
BRH:60
end_of_record
TN:
SF:src\controllers\userController.js
FN:44,(anonymous_0)
FN:79,(anonymous_1)
FN:140,(anonymous_2)
FN:162,(anonymous_3)
FN:183,(anonymous_4)
FN:203,(anonymous_5)
FN:230,(anonymous_6)
FN:241,(anonymous_7)
FN:271,(anonymous_8)
FN:283,(anonymous_9)
FN:305,(anonymous_10)
FN:322,(anonymous_11)
FN:323,(anonymous_12)
FN:326,(anonymous_13)
FN:327,(anonymous_14)
FN:342,(anonymous_15)
FNF:16
FNH:16
FNDA:2,(anonymous_0)
FNDA:5,(anonymous_1)
FNDA:2,(anonymous_2)
FNDA:3,(anonymous_3)
FNDA:4,(anonymous_4)
FNDA:4,(anonymous_5)
FNDA:3,(anonymous_6)
FNDA:3,(anonymous_7)
FNDA:2,(anonymous_8)
FNDA:3,(anonymous_9)
FNDA:4,(anonymous_10)
FNDA:3,(anonymous_11)
FNDA:2,(anonymous_12)
FNDA:3,(anonymous_13)
FNDA:1,(anonymous_14)
FNDA:4,(anonymous_15)
DA:39,1
DA:41,1
DA:44,1
DA:45,2
DA:46,2
DA:48,2
DA:49,2
DA:50,1
DA:52,1
DA:54,1
DA:64,1
DA:65,1
DA:67,1
DA:69,1
DA:75,1
DA:79,1
DA:80,5
DA:81,5
DA:83,5
DA:84,2
DA:89,3
DA:90,3
DA:94,3
DA:95,2
DA:98,3
DA:99,3
DA:107,0
DA:108,0
DA:109,0
DA:110,0
DA:113,0
DA:129,0
DA:136,5
DA:140,1
DA:141,2
DA:144,2
DA:145,2
DA:147,2
DA:153,2
DA:154,1
DA:158,1
DA:162,1
DA:163,3
DA:164,3
DA:166,3
DA:167,3
DA:169,3
DA:170,1
DA:174,2
DA:175,1
DA:179,2
DA:183,1
DA:184,4
DA:185,4
DA:187,4
DA:188,3
DA:199,1
DA:203,1
DA:204,4
DA:205,4
DA:207,4
DA:209,4
DA:211,3
DA:212,2
DA:214,2
DA:216,2
DA:218,2
DA:222,1
DA:226,1
DA:230,1
DA:231,3
DA:232,3
DA:233,3
DA:234,1
DA:238,2
DA:241,1
DA:242,3
DA:244,3
DA:245,3
DA:247,3
DA:249,3
DA:251,3
DA:254,2
DA:255,1
DA:259,1
DA:261,1
DA:263,1
DA:267,1
DA:271,1
DA:272,2
DA:274,2
DA:275,2
DA:279,1
DA:283,1
DA:284,3
DA:285,3
DA:286,3
DA:288,2
DA:289,1
DA:295,1
DA:296,1
DA:301,1
DA:305,1
DA:306,4
DA:307,4
DA:308,4
DA:310,4
DA:318,2
DA:319,2
DA:321,2
DA:322,3
DA:323,2
DA:325,2
DA:326,3
DA:327,1
DA:329,2
DA:338,2
DA:342,1
DA:343,4
DA:344,4
DA:346,4
DA:347,1
DA:351,3
DA:353,2
DA:358,1
LF:125
LH:119
BRDA:49,0,0,1
BRDA:49,0,1,1
BRDA:83,1,0,2
BRDA:83,1,1,3
BRDA:83,2,0,5
BRDA:83,2,1,3
BRDA:89,3,0,3
BRDA:89,3,1,0
BRDA:94,4,0,2
BRDA:94,4,1,1
BRDA:98,5,0,3
BRDA:98,5,1,0
BRDA:109,6,0,0
BRDA:109,6,1,0
BRDA:166,7,0,3
BRDA:166,7,1,0
BRDA:169,8,0,1
BRDA:169,8,1,2
BRDA:211,9,0,2
BRDA:211,9,1,1
BRDA:254,10,0,1
BRDA:254,10,1,1
BRDA:288,11,0,1
BRDA:288,11,1,1
BRDA:318,12,0,2
BRDA:318,12,1,1
BRDA:319,13,0,2
BRDA:319,13,1,1
BRDA:322,14,0,3
BRDA:322,14,1,3
BRDA:326,15,0,3
BRDA:326,15,1,3
BRDA:346,16,0,1
BRDA:346,16,1,3
BRF:34
BRH:29
end_of_record
TN:
SF:src\db\connection.js
FNF:0
FNH:0
DA:4,4
DA:6,4
DA:8,4
LF:3
LH:3
BRF:0
BRH:0
end_of_record
TN:
SF:src\models\adminModel.js
FN:7,(anonymous_0)
FN:13,(anonymous_1)
FN:41,(anonymous_2)
FN:54,(anonymous_3)
FN:55,(anonymous_4)
FN:65,(anonymous_5)
FN:74,(anonymous_6)
FN:76,(anonymous_7)
FN:77,(anonymous_8)
FN:165,(anonymous_9)
FN:170,(anonymous_10)
FN:177,(anonymous_11)
FN:187,(anonymous_12)
FN:189,(anonymous_13)
FN:193,(anonymous_14)
FN:206,(anonymous_15)
FN:216,(anonymous_16)
FN:230,(anonymous_17)
FN:231,(anonymous_18)
FN:254,(anonymous_19)
FN:271,(anonymous_20)
FN:274,(anonymous_21)
FN:278,(anonymous_22)
FN:294,(anonymous_23)
FN:296,(anonymous_24)
FN:299,(anonymous_25)
FN:313,(anonymous_26)
FN:315,(anonymous_27)
FN:319,(anonymous_28)
FN:333,(anonymous_29)
FN:335,(anonymous_30)
FN:338,(anonymous_31)
FN:349,(anonymous_32)
FN:351,(anonymous_33)
FN:355,(anonymous_34)
FN:369,(anonymous_35)
FN:375,(anonymous_36)
FN:379,(anonymous_37)
FN:389,(anonymous_38)
FN:404,(anonymous_39)
FN:407,(anonymous_40)
FN:411,(anonymous_41)
FN:427,(anonymous_42)
FN:429,(anonymous_43)
FN:433,(anonymous_44)
FN:445,(anonymous_45)
FN:447,(anonymous_46)
FN:451,(anonymous_47)
FN:464,(anonymous_48)
FN:466,(anonymous_49)
FN:470,(anonymous_50)
FN:483,(anonymous_51)
FN:485,(anonymous_52)
FN:495,(anonymous_53)
FN:507,(anonymous_54)
FN:509,(anonymous_55)
FN:517,(anonymous_56)
FN:531,(anonymous_57)
FN:532,(anonymous_58)
FN:553,(anonymous_59)
FN:564,(anonymous_60)
FN:565,(anonymous_61)
FN:584,(anonymous_62)
FN:594,(anonymous_63)
FN:595,(anonymous_64)
FN:598,(anonymous_65)
FN:610,(anonymous_66)
FN:611,(anonymous_67)
FN:616,(anonymous_68)
FN:626,(anonymous_69)
FN:627,(anonymous_70)
FN:632,(anonymous_71)
FN:642,(anonymous_72)
FN:645,(anonymous_73)
FN:649,(anonymous_74)
FN:664,(anonymous_75)
FN:665,(anonymous_76)
FN:669,(anonymous_77)
FN:680,(anonymous_78)
FN:681,(anonymous_79)
FN:686,(anonymous_80)
FN:701,(anonymous_81)
FN:706,(anonymous_82)
FN:710,(anonymous_83)
FN:726,(anonymous_84)
FN:727,(anonymous_85)
FN:732,(anonymous_86)
FNF:87
FNH:67
FNDA:2,(anonymous_0)
FNDA:2,(anonymous_1)
FNDA:2,(anonymous_2)
FNDA:1,(anonymous_3)
FNDA:1,(anonymous_4)
FNDA:1,(anonymous_5)
FNDA:1,(anonymous_6)
FNDA:1,(anonymous_7)
FNDA:1,(anonymous_8)
FNDA:2,(anonymous_9)
FNDA:2,(anonymous_10)
FNDA:2,(anonymous_11)
FNDA:3,(anonymous_12)
FNDA:3,(anonymous_13)
FNDA:3,(anonymous_14)
FNDA:1,(anonymous_15)
FNDA:1,(anonymous_16)
FNDA:3,(anonymous_17)
FNDA:3,(anonymous_18)
FNDA:3,(anonymous_19)
FNDA:4,(anonymous_20)
FNDA:4,(anonymous_21)
FNDA:4,(anonymous_22)
FNDA:4,(anonymous_23)
FNDA:4,(anonymous_24)
FNDA:4,(anonymous_25)
FNDA:4,(anonymous_26)
FNDA:4,(anonymous_27)
FNDA:4,(anonymous_28)
FNDA:2,(anonymous_29)
FNDA:2,(anonymous_30)
FNDA:2,(anonymous_31)
FNDA:5,(anonymous_32)
FNDA:5,(anonymous_33)
FNDA:5,(anonymous_34)
FNDA:1,(anonymous_35)
FNDA:1,(anonymous_36)
FNDA:1,(anonymous_37)
FNDA:1,(anonymous_38)
FNDA:2,(anonymous_39)
FNDA:2,(anonymous_40)
FNDA:2,(anonymous_41)
FNDA:1,(anonymous_42)
FNDA:1,(anonymous_43)
FNDA:1,(anonymous_44)
FNDA:1,(anonymous_45)
FNDA:1,(anonymous_46)
FNDA:1,(anonymous_47)
FNDA:0,(anonymous_48)
FNDA:0,(anonymous_49)
FNDA:0,(anonymous_50)
FNDA:1,(anonymous_51)
FNDA:1,(anonymous_52)
FNDA:1,(anonymous_53)
FNDA:0,(anonymous_54)
FNDA:0,(anonymous_55)
FNDA:0,(anonymous_56)
FNDA:3,(anonymous_57)
FNDA:3,(anonymous_58)
FNDA:3,(anonymous_59)
FNDA:3,(anonymous_60)
FNDA:3,(anonymous_61)
FNDA:3,(anonymous_62)
FNDA:0,(anonymous_63)
FNDA:0,(anonymous_64)
FNDA:0,(anonymous_65)
FNDA:3,(anonymous_66)
FNDA:3,(anonymous_67)
FNDA:3,(anonymous_68)
FNDA:3,(anonymous_69)
FNDA:3,(anonymous_70)
FNDA:3,(anonymous_71)
FNDA:0,(anonymous_72)
FNDA:0,(anonymous_73)
FNDA:0,(anonymous_74)
FNDA:0,(anonymous_75)
FNDA:0,(anonymous_76)
FNDA:0,(anonymous_77)
FNDA:0,(anonymous_78)
FNDA:0,(anonymous_79)
FNDA:0,(anonymous_80)
FNDA:1,(anonymous_81)
FNDA:0,(anonymous_82)
FNDA:0,(anonymous_83)
FNDA:3,(anonymous_84)
FNDA:3,(anonymous_85)
FNDA:3,(anonymous_86)
DA:5,2
DA:7,2
DA:8,2
DA:9,2
DA:10,0
DA:13,2
DA:14,2
DA:42,2
DA:43,0
DA:45,2
DA:50,2
DA:51,1
DA:54,1
DA:55,1
DA:56,1
DA:66,1
DA:67,0
DA:69,1
DA:74,1
DA:75,1
DA:76,1
DA:77,1
DA:79,1
DA:85,1
DA:87,1
DA:90,0
DA:165,2
DA:166,2
DA:167,0
DA:170,2
DA:171,2
DA:178,2
DA:179,0
DA:181,2
DA:187,2
DA:188,3
DA:189,3
DA:190,3
DA:194,3
DA:195,0
DA:197,3
DA:202,3
DA:203,2
DA:206,1
DA:207,1
DA:217,1
DA:218,0
DA:220,1
DA:225,1
DA:227,2
DA:230,2
DA:231,3
DA:232,3
DA:233,3
DA:255,3
DA:256,0
DA:258,3
DA:262,0
DA:271,2
DA:272,4
DA:273,4
DA:274,4
DA:275,4
DA:279,4
DA:280,0
DA:282,4
DA:289,0
DA:294,2
DA:295,4
DA:296,4
DA:297,4
DA:300,4
DA:301,0
DA:303,4
DA:307,4
DA:309,0
DA:313,2
DA:314,4
DA:315,4
DA:316,4
DA:320,4
DA:321,0
DA:323,4
DA:327,4
DA:329,0
DA:333,2
DA:334,2
DA:335,2
DA:336,2
DA:339,2
DA:340,2
DA:344,2
DA:346,0
DA:349,2
DA:350,5
DA:351,5
DA:352,5
DA:356,5
DA:357,0
DA:359,5
DA:364,5
DA:366,0
DA:369,2
DA:370,1
DA:371,1
DA:372,1
DA:373,1
DA:375,1
DA:376,1
DA:380,1
DA:381,0
DA:384,1
DA:386,1
DA:390,1
DA:391,0
DA:393,1
DA:400,0
DA:404,2
DA:406,2
DA:407,2
DA:408,2
DA:412,2
DA:413,0
DA:415,2
DA:420,2
DA:422,0
DA:427,2
DA:428,1
DA:429,1
DA:430,1
DA:434,1
DA:435,0
DA:437,1
DA:442,0
DA:445,2
DA:446,1
DA:447,1
DA:448,1
DA:452,1
DA:453,0
DA:455,1
DA:460,0
DA:464,2
DA:465,0
DA:466,0
DA:467,0
DA:471,0
DA:472,0
DA:474,0
DA:479,0
DA:483,2
DA:484,1
DA:485,1
DA:486,1
DA:496,1
DA:498,1
DA:502,1
DA:504,0
DA:507,2
DA:508,0
DA:509,0
DA:510,0
DA:518,0
DA:519,0
DA:521,0
DA:527,0
DA:531,2
DA:532,3
DA:533,3
DA:554,3
DA:555,0
DA:557,3
DA:564,2
DA:565,3
DA:566,3
DA:585,3
DA:586,0
DA:588,3
DA:594,2
DA:595,0
DA:596,0
DA:599,0
DA:600,0
DA:602,0
DA:610,2
DA:611,3
DA:612,3
DA:617,3
DA:618,0
DA:620,3
DA:626,2
DA:627,3
DA:628,3
DA:633,3
DA:634,0
DA:636,3
DA:642,2
DA:643,0
DA:645,0
DA:646,0
DA:650,0
DA:651,0
DA:653,0
DA:660,0
DA:664,2
DA:665,0
DA:666,0
DA:670,0
DA:671,0
DA:672,0
DA:674,0
DA:680,2
DA:681,0
DA:682,0
DA:683,0
DA:687,0
DA:688,0
DA:690,0
DA:694,0
DA:701,2
DA:702,1
DA:703,1
DA:704,1
DA:706,0
DA:707,0
DA:711,0
DA:712,0
DA:716,0
DA:721,1
DA:726,2
DA:727,3
DA:728,3
DA:733,3
DA:734,0
DA:736,3
LF:235
LH:157
BRDA:9,0,0,0
BRDA:9,0,1,2
BRDA:42,1,0,0
BRDA:42,1,1,2
BRDA:50,2,0,1
BRDA:50,2,1,1
BRDA:66,3,0,0
BRDA:66,3,1,1
BRDA:166,4,0,0
BRDA:166,4,1,2
BRDA:178,5,0,0
BRDA:178,5,1,2
BRDA:194,6,0,0
BRDA:194,6,1,3
BRDA:202,7,0,2
BRDA:202,7,1,1
BRDA:217,8,0,0
BRDA:217,8,1,1
BRDA:232,9,0,3
BRDA:232,9,1,0
BRDA:255,10,0,0
BRDA:255,10,1,3
BRDA:273,11,0,4
BRDA:273,11,1,0
BRDA:279,12,0,0
BRDA:279,12,1,4
BRDA:300,13,0,0
BRDA:300,13,1,4
BRDA:320,14,0,0
BRDA:320,14,1,4
BRDA:339,15,0,0
BRDA:339,15,1,2
BRDA:356,16,0,0
BRDA:356,16,1,5
BRDA:380,17,0,0
BRDA:380,17,1,1
BRDA:390,18,0,0
BRDA:390,18,1,1
BRDA:412,19,0,0
BRDA:412,19,1,2
BRDA:434,20,0,0
BRDA:434,20,1,1
BRDA:452,21,0,0
BRDA:452,21,1,1
BRDA:471,22,0,0
BRDA:471,22,1,0
BRDA:496,23,0,0
BRDA:496,23,1,1
BRDA:518,24,0,0
BRDA:518,24,1,0
BRDA:554,25,0,0
BRDA:554,25,1,3
BRDA:585,26,0,0
BRDA:585,26,1,3
BRDA:599,27,0,0
BRDA:599,27,1,0
BRDA:617,28,0,0
BRDA:617,28,1,3
BRDA:633,29,0,0
BRDA:633,29,1,3
BRDA:650,30,0,0
BRDA:650,30,1,0
BRDA:670,31,0,0
BRDA:670,31,1,0
BRDA:687,32,0,0
BRDA:687,32,1,0
BRDA:711,33,0,0
BRDA:711,33,1,0
BRDA:733,34,0,0
BRDA:733,34,1,3
BRF:70
BRH:30
end_of_record
TN:
SF:src\models\doctorModel.js
FN:5,(anonymous_0)
FN:7,(anonymous_1)
FN:18,(anonymous_2)
FN:30,(anonymous_3)
FN:36,(anonymous_4)
FN:38,(anonymous_5)
FN:50,(anonymous_6)
FN:52,(anonymous_7)
FN:87,(anonymous_8)
FN:100,(anonymous_9)
FN:102,(anonymous_10)
FN:105,(anonymous_11)
FN:117,(anonymous_12)
FN:119,(anonymous_13)
FN:129,(anonymous_14)
FN:142,(anonymous_15)
FN:143,(anonymous_16)
FN:146,(anonymous_17)
FN:155,(anonymous_18)
FN:157,(anonymous_19)
FN:161,(anonymous_20)
FNF:21
FNH:21
FNDA:2,(anonymous_0)
FNDA:2,(anonymous_1)
FNDA:2,(anonymous_2)
FNDA:2,(anonymous_3)
FNDA:2,(anonymous_4)
FNDA:2,(anonymous_5)
FNDA:2,(anonymous_6)
FNDA:2,(anonymous_7)
FNDA:2,(anonymous_8)
FNDA:2,(anonymous_9)
FNDA:2,(anonymous_10)
FNDA:2,(anonymous_11)
FNDA:2,(anonymous_12)
FNDA:2,(anonymous_13)
FNDA:2,(anonymous_14)
FNDA:3,(anonymous_15)
FNDA:3,(anonymous_16)
FNDA:3,(anonymous_17)
FNDA:2,(anonymous_18)
FNDA:2,(anonymous_19)
FNDA:2,(anonymous_20)
DA:5,2
DA:6,2
DA:7,2
DA:8,2
DA:19,2
DA:20,1
DA:24,1
DA:26,1
DA:30,2
DA:31,2
DA:32,2
DA:36,2
DA:37,2
DA:39,2
DA:40,1
DA:42,1
DA:46,0
DA:50,2
DA:51,2
DA:52,2
DA:53,2
DA:88,2
DA:89,1
DA:91,1
DA:95,0
DA:100,2
DA:101,2
DA:102,2
DA:103,2
DA:106,2
DA:107,1
DA:109,1
DA:113,0
DA:117,2
DA:118,2
DA:119,2
DA:120,2
DA:130,2
DA:131,1
DA:133,1
DA:138,0
DA:142,2
DA:143,3
DA:144,3
DA:147,3
DA:148,1
DA:150,2
DA:155,2
DA:156,2
DA:157,2
DA:158,2
DA:162,2
DA:163,1
DA:165,1
DA:170,0
LF:55
LH:50
BRDA:19,0,0,1
BRDA:19,0,1,1
BRDA:39,1,0,1
BRDA:39,1,1,1
BRDA:88,2,0,1
BRDA:88,2,1,1
BRDA:106,3,0,1
BRDA:106,3,1,1
BRDA:130,4,0,1
BRDA:130,4,1,1
BRDA:147,5,0,1
BRDA:147,5,1,2
BRDA:150,6,0,1
BRDA:150,6,1,1
BRDA:162,7,0,1
BRDA:162,7,1,1
BRF:16
BRH:16
end_of_record
TN:
SF:src\models\patientModel.js
FN:4,(anonymous_0)
FN:6,(anonymous_1)
FN:32,(anonymous_2)
FN:38,(anonymous_3)
FN:40,(anonymous_4)
FN:68,(anonymous_5)
FN:70,(anonymous_6)
FN:90,(anonymous_7)
FN:96,(anonymous_8)
FN:98,(anonymous_9)
FN:123,(anonymous_10)
FN:125,(anonymous_11)
FN:133,(anonymous_12)
FN:150,(anonymous_13)
FN:187,(anonymous_14)
FN:188,(anonymous_15)
FN:200,(anonymous_16)
FN:237,(anonymous_17)
FN:243,(anonymous_18)
FN:256,(anonymous_19)
FN:258,(anonymous_20)
FN:262,(anonymous_21)
FN:276,(anonymous_22)
FN:278,(anonymous_23)
FN:282,(anonymous_24)
FN:293,(anonymous_25)
FN:301,(anonymous_26)
FN:305,(anonymous_27)
FN:340,(anonymous_28)
FN:342,(anonymous_29)
FN:356,(anonymous_30)
FN:371,(anonymous_31)
FN:374,(anonymous_32)
FN:375,(anonymous_33)
FN:386,(anonymous_34)
FN:388,(anonymous_35)
FN:395,(anonymous_36)
FN:414,(anonymous_37)
FN:432,(anonymous_38)
FN:439,(anonymous_39)
FN:450,(anonymous_40)
FN:452,(anonymous_41)
FN:456,(anonymous_42)
FN:467,(anonymous_43)
FN:469,(anonymous_44)
FN:474,(anonymous_45)
FN:487,(anonymous_46)
FN:491,(anonymous_47)
FN:492,(anonymous_48)
FN:504,(anonymous_49)
FN:507,(anonymous_50)
FN:511,(anonymous_51)
FN:524,(anonymous_52)
FN:526,(anonymous_53)
FN:530,(anonymous_54)
FN:545,(anonymous_55)
FN:547,(anonymous_56)
FN:551,(anonymous_57)
FN:564,(anonymous_58)
FN:571,(anonymous_59)
FN:572,(anonymous_60)
FN:584,(anonymous_61)
FN:586,(anonymous_62)
FN:590,(anonymous_63)
FN:606,(anonymous_64)
FN:607,(anonymous_65)
FN:611,(anonymous_66)
FN:623,(anonymous_67)
FN:624,(anonymous_68)
FN:628,(anonymous_69)
FN:638,(anonymous_70)
FN:639,(anonymous_71)
FN:651,(anonymous_72)
FN:661,(anonymous_73)
FN:663,(anonymous_74)
FN:667,(anonymous_75)
FNF:76
FNH:10
FNDA:2,(anonymous_0)
FNDA:2,(anonymous_1)
FNDA:2,(anonymous_2)
FNDA:1,(anonymous_3)
FNDA:0,(anonymous_4)
FNDA:0,(anonymous_5)
FNDA:0,(anonymous_6)
FNDA:0,(anonymous_7)
FNDA:0,(anonymous_8)
FNDA:0,(anonymous_9)
FNDA:0,(anonymous_10)
FNDA:0,(anonymous_11)
FNDA:0,(anonymous_12)
FNDA:1,(anonymous_13)
FNDA:1,(anonymous_14)
FNDA:1,(anonymous_15)
FNDA:0,(anonymous_16)
FNDA:0,(anonymous_17)
FNDA:0,(anonymous_18)
FNDA:0,(anonymous_19)
FNDA:0,(anonymous_20)
FNDA:0,(anonymous_21)
FNDA:0,(anonymous_22)
FNDA:0,(anonymous_23)
FNDA:0,(anonymous_24)
FNDA:0,(anonymous_25)
FNDA:0,(anonymous_26)
FNDA:0,(anonymous_27)
FNDA:1,(anonymous_28)
FNDA:1,(anonymous_29)
FNDA:1,(anonymous_30)
FNDA:0,(anonymous_31)
FNDA:0,(anonymous_32)
FNDA:0,(anonymous_33)
FNDA:0,(anonymous_34)
FNDA:0,(anonymous_35)
FNDA:0,(anonymous_36)
FNDA:0,(anonymous_37)
FNDA:0,(anonymous_38)
FNDA:0,(anonymous_39)
FNDA:0,(anonymous_40)
FNDA:0,(anonymous_41)
FNDA:0,(anonymous_42)
FNDA:0,(anonymous_43)
FNDA:0,(anonymous_44)
FNDA:0,(anonymous_45)
FNDA:0,(anonymous_46)
FNDA:0,(anonymous_47)
FNDA:0,(anonymous_48)
FNDA:0,(anonymous_49)
FNDA:0,(anonymous_50)
FNDA:0,(anonymous_51)
FNDA:0,(anonymous_52)
FNDA:0,(anonymous_53)
FNDA:0,(anonymous_54)
FNDA:0,(anonymous_55)
FNDA:0,(anonymous_56)
FNDA:0,(anonymous_57)
FNDA:0,(anonymous_58)
FNDA:0,(anonymous_59)
FNDA:0,(anonymous_60)
FNDA:0,(anonymous_61)
FNDA:0,(anonymous_62)
FNDA:0,(anonymous_63)
FNDA:0,(anonymous_64)
FNDA:0,(anonymous_65)
FNDA:0,(anonymous_66)
FNDA:0,(anonymous_67)
FNDA:0,(anonymous_68)
FNDA:0,(anonymous_69)
FNDA:0,(anonymous_70)
FNDA:0,(anonymous_71)
FNDA:0,(anonymous_72)
FNDA:0,(anonymous_73)
FNDA:0,(anonymous_74)
FNDA:0,(anonymous_75)
DA:4,2
DA:5,2
DA:6,2
DA:7,2
DA:33,2
DA:34,1
DA:37,1
DA:38,1
DA:39,1
DA:40,0
DA:43,1
DA:44,1
DA:45,1
DA:49,1
DA:51,1
DA:57,1
DA:62,0
DA:68,2
DA:69,0
DA:70,0
DA:71,0
DA:91,0
DA:92,0
DA:95,0
DA:96,0
DA:97,0
DA:98,0
DA:101,0
DA:102,0
DA:103,0
DA:107,0
DA:109,0
DA:115,0
DA:120,0
DA:123,2
DA:124,0
DA:125,0
DA:126,0
DA:134,0
DA:136,0
DA:137,0
DA:140,0
DA:145,0
DA:150,2
DA:151,1
DA:152,1
DA:163,1
DA:164,1
DA:165,1
DA:166,1
DA:167,1
DA:168,1
DA:170,1
DA:187,1
DA:188,1
DA:189,1
DA:190,0
DA:192,1
DA:196,0
DA:200,2
DA:201,0
DA:202,0
DA:214,0
DA:216,0
DA:217,0
DA:218,0
DA:219,0
DA:220,0
DA:222,0
DA:237,0
DA:238,0
DA:244,0
DA:245,0
DA:247,0
DA:252,0
DA:256,2
DA:257,0
DA:258,0
DA:259,0
DA:263,0
DA:264,0
DA:266,0
DA:270,0
DA:272,0
DA:276,2
DA:277,0
DA:278,0
DA:279,0
DA:283,0
DA:284,0
DA:289,0
DA:293,2
DA:294,0
DA:295,0
DA:297,0
DA:298,0
DA:301,0
DA:302,0
DA:306,0
DA:307,0
DA:312,0
DA:340,2
DA:341,1
DA:342,1
DA:344,1
DA:357,1
DA:358,0
DA:360,1
DA:365,1
DA:367,0
DA:371,2
DA:372,0
DA:373,0
DA:374,0
DA:375,0
DA:376,0
DA:377,0
DA:379,0
DA:383,0
DA:386,2
DA:387,0
DA:388,0
DA:389,0
DA:396,0
DA:398,0
DA:399,0
DA:400,0
DA:404,0
DA:409,0
DA:414,2
DA:415,0
DA:416,0
DA:432,0
DA:433,0
DA:440,0
DA:441,0
DA:446,0
DA:450,2
DA:451,0
DA:452,0
DA:453,0
DA:457,0
DA:458,0
DA:463,0
DA:467,2
DA:468,0
DA:469,0
DA:470,0
DA:475,0
DA:476,0
DA:481,0
DA:483,0
DA:487,2
DA:488,0
DA:489,0
DA:491,0
DA:492,0
DA:493,0
DA:494,0
DA:496,0
DA:500,0
DA:504,2
DA:505,0
DA:507,0
DA:508,0
DA:512,0
DA:513,0
DA:515,0
DA:520,0
DA:524,2
DA:525,0
DA:526,0
DA:527,0
DA:531,0
DA:532,0
DA:534,0
DA:539,0
DA:541,0
DA:545,2
DA:546,0
DA:547,0
DA:548,0
DA:552,0
DA:553,0
DA:558,0
DA:560,0
DA:564,2
DA:565,0
DA:571,0
DA:572,0
DA:573,0
DA:574,0
DA:576,0
DA:584,2
DA:585,0
DA:586,0
DA:587,0
DA:591,0
DA:592,0
DA:594,0
DA:598,0
DA:600,0
DA:606,2
DA:607,0
DA:608,0
DA:612,0
DA:613,0
DA:615,0
DA:623,2
DA:624,0
DA:625,0
DA:629,0
DA:630,0
DA:632,0
DA:638,2
DA:639,0
DA:640,0
DA:646,0
DA:652,0
DA:653,0
DA:655,0
DA:661,2
DA:662,0
DA:663,0
DA:664,0
DA:668,0
DA:669,0
DA:674,0
DA:676,0
LF:229
LH:57
BRDA:33,0,0,1
BRDA:33,0,1,1
BRDA:43,1,0,1
BRDA:43,1,1,0
BRDA:91,2,0,0
BRDA:91,2,1,0
BRDA:101,3,0,0
BRDA:101,3,1,0
BRDA:134,4,0,0
BRDA:134,4,1,0
BRDA:136,5,0,0
BRDA:136,5,1,0
BRDA:136,6,0,0
BRDA:136,6,1,0
BRDA:189,7,0,0
BRDA:189,7,1,1
BRDA:244,8,0,0
BRDA:244,8,1,0
BRDA:263,9,0,0
BRDA:263,9,1,0
BRDA:283,10,0,0
BRDA:283,10,1,0
BRDA:297,11,0,0
BRDA:297,11,1,0
BRDA:306,12,0,0
BRDA:306,12,1,0
BRDA:357,13,0,0
BRDA:357,13,1,1
BRDA:376,14,0,0
BRDA:376,14,1,0
BRDA:396,15,0,0
BRDA:396,15,1,0
BRDA:398,16,0,0
BRDA:398,16,1,0
BRDA:399,17,0,0
BRDA:399,17,1,0
BRDA:400,18,0,0
BRDA:400,18,1,0
BRDA:440,19,0,0
BRDA:440,19,1,0
BRDA:457,20,0,0
BRDA:457,20,1,0
BRDA:475,21,0,0
BRDA:475,21,1,0
BRDA:493,22,0,0
BRDA:493,22,1,0
BRDA:512,23,0,0
BRDA:512,23,1,0
BRDA:531,24,0,0
BRDA:531,24,1,0
BRDA:552,25,0,0
BRDA:552,25,1,0
BRDA:573,26,0,0
BRDA:573,26,1,0
BRDA:591,27,0,0
BRDA:591,27,1,0
BRDA:612,28,0,0
BRDA:612,28,1,0
BRDA:629,29,0,0
BRDA:629,29,1,0
BRDA:641,30,0,0
BRDA:641,30,1,0
BRDA:652,31,0,0
BRDA:652,31,1,0
BRDA:668,32,0,0
BRDA:668,32,1,0
BRF:66
BRH:5
end_of_record
TN:
SF:src\models\userModel.js
FN:7,(anonymous_0)
FN:9,(anonymous_1)
FN:19,(anonymous_2)
FN:31,(anonymous_3)
FN:34,(anonymous_4)
FN:38,(anonymous_5)
FN:50,(anonymous_6)
FN:51,(anonymous_7)
FN:55,(anonymous_8)
FN:68,(anonymous_9)
FN:87,(anonymous_10)
FN:88,(anonymous_11)
FN:103,(anonymous_12)
FN:104,(anonymous_13)
FN:106,(anonymous_14)
FN:115,(anonymous_15)
FN:116,(anonymous_16)
FN:118,(anonymous_17)
FN:127,(anonymous_18)
FN:128,(anonymous_19)
FN:130,(anonymous_20)
FN:141,(anonymous_21)
FN:145,(anonymous_22)
FN:149,(anonymous_23)
FN:162,(anonymous_24)
FN:167,(anonymous_25)
FN:171,(anonymous_26)
FN:186,(anonymous_27)
FN:188,(anonymous_28)
FN:192,(anonymous_29)
FN:207,(anonymous_30)
FN:209,(anonymous_31)
FN:213,(anonymous_32)
FN:230,(anonymous_33)
FN:232,(anonymous_34)
FN:236,(anonymous_35)
FN:251,(anonymous_36)
FN:253,(anonymous_37)
FN:256,(anonymous_38)
FN:268,(anonymous_39)
FN:270,(anonymous_40)
FN:273,(anonymous_41)
FN:287,(anonymous_42)
FN:289,(anonymous_43)
FN:292,(anonymous_44)
FN:306,(anonymous_45)
FN:308,(anonymous_46)
FN:311,(anonymous_47)
FN:330,(anonymous_48)
FN:332,(anonymous_49)
FN:335,(anonymous_50)
FN:347,(anonymous_51)
FN:348,(anonymous_52)
FN:352,(anonymous_53)
FN:362,(anonymous_54)
FN:363,(anonymous_55)
FN:366,(anonymous_56)
FN:375,(anonymous_57)
FN:377,(anonymous_58)
FN:378,(anonymous_59)
FN:392,(anonymous_60)
FN:394,(anonymous_61)
FN:395,(anonymous_62)
FN:410,(anonymous_63)
FN:412,(anonymous_64)
FN:474,(anonymous_65)
FN:489,(anonymous_66)
FN:492,(anonymous_67)
FN:496,(anonymous_68)
FN:509,(anonymous_69)
FN:512,(anonymous_70)
FN:516,(anonymous_71)
FN:530,(anonymous_72)
FN:532,(anonymous_73)
FN:536,(anonymous_74)
FNF:75
FNH:21
FNDA:2,(anonymous_0)
FNDA:2,(anonymous_1)
FNDA:2,(anonymous_2)
FNDA:0,(anonymous_3)
FNDA:0,(anonymous_4)
FNDA:0,(anonymous_5)
FNDA:3,(anonymous_6)
FNDA:3,(anonymous_7)
FNDA:3,(anonymous_8)
FNDA:2,(anonymous_9)
FNDA:2,(anonymous_10)
FNDA:2,(anonymous_11)
FNDA:0,(anonymous_12)
FNDA:0,(anonymous_13)
FNDA:0,(anonymous_14)
FNDA:0,(anonymous_15)
FNDA:0,(anonymous_16)
FNDA:0,(anonymous_17)
FNDA:2,(anonymous_18)
FNDA:2,(anonymous_19)
FNDA:2,(anonymous_20)
FNDA:0,(anonymous_21)
FNDA:0,(anonymous_22)
FNDA:0,(anonymous_23)
FNDA:1,(anonymous_24)
FNDA:1,(anonymous_25)
FNDA:1,(anonymous_26)
FNDA:0,(anonymous_27)
FNDA:0,(anonymous_28)
FNDA:0,(anonymous_29)
FNDA:1,(anonymous_30)
FNDA:1,(anonymous_31)
FNDA:1,(anonymous_32)
FNDA:0,(anonymous_33)
FNDA:0,(anonymous_34)
FNDA:0,(anonymous_35)
FNDA:0,(anonymous_36)
FNDA:0,(anonymous_37)
FNDA:0,(anonymous_38)
FNDA:0,(anonymous_39)
FNDA:0,(anonymous_40)
FNDA:0,(anonymous_41)
FNDA:0,(anonymous_42)
FNDA:0,(anonymous_43)
FNDA:0,(anonymous_44)
FNDA:0,(anonymous_45)
FNDA:0,(anonymous_46)
FNDA:0,(anonymous_47)
FNDA:0,(anonymous_48)
FNDA:0,(anonymous_49)
FNDA:0,(anonymous_50)
FNDA:0,(anonymous_51)
FNDA:0,(anonymous_52)
FNDA:0,(anonymous_53)
FNDA:0,(anonymous_54)
FNDA:0,(anonymous_55)
FNDA:0,(anonymous_56)
FNDA:0,(anonymous_57)
FNDA:0,(anonymous_58)
FNDA:0,(anonymous_59)
FNDA:0,(anonymous_60)
FNDA:0,(anonymous_61)
FNDA:0,(anonymous_62)
FNDA:1,(anonymous_63)
FNDA:1,(anonymous_64)
FNDA:1,(anonymous_65)
FNDA:0,(anonymous_66)
FNDA:0,(anonymous_67)
FNDA:0,(anonymous_68)
FNDA:0,(anonymous_69)
FNDA:0,(anonymous_70)
FNDA:0,(anonymous_71)
FNDA:0,(anonymous_72)
FNDA:0,(anonymous_73)
FNDA:0,(anonymous_74)
DA:5,2
DA:7,2
DA:8,2
DA:9,2
DA:10,2
DA:20,2
DA:21,1
DA:25,1
DA:27,1
DA:31,2
DA:33,0
DA:34,0
DA:35,0
DA:39,0
DA:40,0
DA:44,0
DA:46,0
DA:50,2
DA:51,3
DA:52,3
DA:56,3
DA:57,1
DA:59,2
DA:68,2
DA:76,2
DA:77,2
DA:79,2
DA:87,2
DA:88,2
DA:89,2
DA:90,1
DA:92,1
DA:97,1
DA:103,2
DA:104,0
DA:106,0
DA:107,0
DA:108,0
DA:110,0
DA:115,2
DA:116,0
DA:118,0
DA:119,0
DA:120,0
DA:122,0
DA:127,2
DA:128,2
DA:130,2
DA:131,2
DA:132,0
DA:134,2
DA:141,2
DA:142,0
DA:144,0
DA:145,0
DA:146,0
DA:150,0
DA:151,0
DA:153,0
DA:158,0
DA:162,2
DA:163,1
DA:165,1
DA:167,1
DA:168,1
DA:172,1
DA:173,0
DA:175,1
DA:179,1
DA:181,0
DA:186,2
DA:187,0
DA:188,0
DA:189,0
DA:193,0
DA:194,0
DA:196,0
DA:200,0
DA:202,0
DA:207,2
DA:208,1
DA:209,1
DA:210,1
DA:214,1
DA:215,0
DA:217,1
DA:222,1
DA:224,0
DA:230,2
DA:231,0
DA:232,0
DA:233,0
DA:237,0
DA:238,0
DA:240,0
DA:245,0
DA:247,0
DA:251,2
DA:252,0
DA:253,0
DA:254,0
DA:257,0
DA:258,0
DA:262,0
DA:264,0
DA:268,2
DA:269,0
DA:270,0
DA:271,0
DA:274,0
DA:275,0
DA:277,0
DA:281,0
DA:283,0
DA:287,2
DA:288,0
DA:289,0
DA:290,0
DA:293,0
DA:294,0
DA:296,0
DA:300,0
DA:302,0
DA:306,2
DA:307,0
DA:308,0
DA:309,0
DA:312,0
DA:313,0
DA:315,0
DA:316,0
DA:318,0
DA:324,0
DA:326,0
DA:330,2
DA:331,0
DA:332,0
DA:333,0
DA:336,0
DA:337,0
DA:343,0
DA:347,2
DA:348,0
DA:349,0
DA:353,0
DA:354,0
DA:356,0
DA:357,0
DA:362,2
DA:363,0
DA:364,0
DA:367,0
DA:368,0
DA:370,0
DA:375,2
DA:376,0
DA:377,0
DA:378,0
DA:379,0
DA:380,0
DA:382,0
DA:386,0
DA:388,0
DA:392,2
DA:393,0
DA:394,0
DA:395,0
DA:396,0
DA:397,0
DA:399,0
DA:403,0
DA:405,0
DA:410,2
DA:411,1
DA:412,1
DA:413,1
DA:475,1
DA:476,0
DA:478,1
DA:483,1
DA:485,0
DA:489,2
DA:490,0
DA:491,0
DA:492,0
DA:493,0
DA:497,0
DA:498,0
DA:500,0
DA:505,0
DA:509,2
DA:510,0
DA:512,0
DA:513,0
DA:517,0
DA:518,0
DA:520,0
DA:527,0
DA:530,2
DA:531,0
DA:532,0
DA:533,0
DA:537,0
DA:538,0
DA:540,0
DA:547,0
LF:206
LH:70
BRDA:20,0,0,1
BRDA:20,0,1,1
BRDA:39,1,0,0
BRDA:39,1,1,0
BRDA:56,2,0,1
BRDA:56,2,1,2
BRDA:89,3,0,1
BRDA:89,3,1,1
BRDA:107,4,0,0
BRDA:107,4,1,0
BRDA:119,5,0,0
BRDA:119,5,1,0
BRDA:122,6,0,0
BRDA:122,6,1,0
BRDA:131,7,0,0
BRDA:131,7,1,2
BRDA:134,8,0,1
BRDA:134,8,1,1
BRDA:150,9,0,0
BRDA:150,9,1,0
BRDA:172,10,0,0
BRDA:172,10,1,1
BRDA:193,11,0,0
BRDA:193,11,1,0
BRDA:214,12,0,0
BRDA:214,12,1,1
BRDA:237,13,0,0
BRDA:237,13,1,0
BRDA:257,14,0,0
BRDA:257,14,1,0
BRDA:274,15,0,0
BRDA:274,15,1,0
BRDA:293,16,0,0
BRDA:293,16,1,0
BRDA:312,17,0,0
BRDA:312,17,1,0
BRDA:315,18,0,0
BRDA:315,18,1,0
BRDA:336,19,0,0
BRDA:336,19,1,0
BRDA:353,20,0,0
BRDA:353,20,1,0
BRDA:367,21,0,0
BRDA:367,21,1,0
BRDA:379,22,0,0
BRDA:379,22,1,0
BRDA:396,23,0,0
BRDA:396,23,1,0
BRDA:475,24,0,0
BRDA:475,24,1,1
BRDA:497,25,0,0
BRDA:497,25,1,0
BRDA:517,26,0,0
BRDA:517,26,1,0
BRDA:537,27,0,0
BRDA:537,27,1,0
BRF:56
BRH:12
end_of_record
TN:
SF:src\test\controllers\test.constants.js
FNF:0
FNH:0
DA:1,4
DA:9,4
DA:12,4
DA:15,4
DA:21,4
DA:28,4
DA:31,4
DA:37,4
DA:43,4
DA:50,4
DA:54,4
DA:60,4
DA:65,4
DA:69,4
DA:74,4
DA:81,4
DA:86,4
DA:107,4
DA:114,4
DA:121,4
DA:125,4
DA:130,4
DA:134,4
DA:143,4
DA:151,4
DA:156,4
DA:162,4
DA:169,4
DA:174,4
DA:181,4
DA:185,4
DA:190,4
DA:194,4
DA:201,4
DA:208,4
DA:215,4
DA:223,4
DA:228,4
DA:232,4
DA:234,4
DA:236,4
DA:247,4
DA:251,4
DA:256,4
DA:265,4
DA:271,4
DA:279,4
DA:284,4
DA:288,4
DA:292,4
DA:297,4
DA:301,4
DA:305,4
DA:309,4
DA:313,4
DA:315,4
DA:319,4
DA:325,4
DA:329,4
DA:331,4
DA:343,4
DA:348,4
DA:361,4
DA:367,4
DA:380,4
DA:384,4
DA:400,4
DA:421,4
DA:437,4
DA:439,4
DA:441,4
DA:443,4
DA:445,4
DA:447,4
DA:449,4
DA:451,4
LF:76
LH:76
BRF:0
BRH:0
end_of_record
TN:
SF:src\test\models\test.model.constants.js
FNF:0
FNH:0
DA:1,4
DA:4,4
DA:8,4
DA:16,4
DA:18,4
DA:20,4
DA:25,4
DA:30,4
DA:32,4
DA:37,4
DA:39,4
DA:45,4
DA:51,4
DA:53,4
DA:63,4
DA:74,4
DA:87,4
DA:125,4
DA:129,4
DA:141,4
LF:20
LH:20
BRF:0
BRH:0
end_of_record
