TN:
SF:src\common\constants\mailTemplate.js
FN:1,(anonymous_0)
FN:18,(anonymous_1)
FN:48,(anonymous_2)
FN:63,(anonymous_3)
FN:85,(anonymous_4)
FN:102,(anonymous_5)
FN:125,(anonymous_6)
FNF:7
FNH:2
FNDA:0,(anonymous_0)
FNDA:1,(anonymous_1)
FNDA:0,(anonymous_2)
FNDA:0,(anonymous_3)
FNDA:0,(anonymous_4)
FNDA:0,(anonymous_5)
FNDA:3,(anonymous_6)
DA:1,4
DA:2,0
DA:18,4
DA:19,1
DA:48,4
DA:49,0
DA:63,4
DA:64,0
DA:85,4
DA:86,0
DA:102,4
DA:103,0
DA:125,4
DA:127,3
LF:14
LH:9
BRF:0
BRH:0
end_of_record
TN:
SF:src\common\constants\pathConstant.js
FNF:0
FNH:0
DA:1,2
LF:1
LH:1
BRF:0
BRH:0
end_of_record
TN:
SF:src\common\constants\response.js
FNF:0
FNH:0
DA:10,5
DA:11,5
DA:30,5
DA:50,5
DA:52,5
LF:5
LH:5
BRF:0
BRH:0
end_of_record
TN:
SF:src\common\constants\statusConstant.js
FNF:0
FNH:0
DA:1,6
DA:9,6
DA:13,6
DA:53,6
LF:4
LH:4
BRF:0
BRH:0
end_of_record
TN:
SF:src\common\utility\approveAppointment.js
FN:3,(anonymous_0)
FNF:1
FNH:0
FNDA:0,(anonymous_0)
DA:3,1
DA:4,0
DA:5,0
DA:12,0
DA:14,0
DA:17,0
DA:18,0
LF:7
LH:1
BRF:0
BRH:0
end_of_record
TN:
SF:src\common\utility\cancelledAppointment.js
FN:3,(anonymous_0)
FNF:1
FNH:0
FNDA:0,(anonymous_0)
DA:3,1
DA:5,0
DA:6,0
DA:13,0
DA:15,0
DA:18,0
DA:19,0
LF:7
LH:1
BRF:0
BRH:0
end_of_record
TN:
SF:src\common\utility\createPrescription.js
FN:1,(anonymous_0)
FNF:1
FNH:0
FNDA:0,(anonymous_0)
DA:1,1
DA:2,0
DA:4,0
DA:5,0
DA:13,0
DA:21,0
DA:31,0
DA:43,0
LF:8
LH:1
BRDA:5,0,0,0
BRDA:5,0,1,0
BRDA:7,1,0,0
BRDA:7,1,1,0
BRDA:9,2,0,0
BRDA:9,2,1,0
BRDA:13,3,0,0
BRDA:13,3,1,0
BRDA:15,4,0,0
BRDA:15,4,1,0
BRDA:17,5,0,0
BRDA:17,5,1,0
BRDA:21,6,0,0
BRDA:21,6,1,0
BRDA:23,7,0,0
BRDA:23,7,1,0
BRDA:27,8,0,0
BRDA:27,8,1,0
BRF:18
BRH:0
end_of_record
TN:
SF:src\common\utility\handlers.js
FN:2,(anonymous_0)
FN:9,(anonymous_1)
FN:15,(anonymous_2)
FNF:3
FNH:1
FNDA:0,(anonymous_0)
FNDA:72,(anonymous_1)
FNDA:0,(anonymous_2)
DA:3,0
DA:4,0
DA:10,72
DA:11,72
DA:16,0
DA:17,0
DA:18,0
DA:19,0
LF:8
LH:2
BRDA:15,0,0,0
BRF:1
BRH:0
end_of_record
TN:
SF:src\common\utility\otpMail.js
FN:4,(anonymous_0)
FNF:1
FNH:0
FNDA:0,(anonymous_0)
DA:4,1
DA:5,0
DA:6,0
DA:13,0
DA:14,0
DA:16,0
DA:17,0
LF:7
LH:1
BRF:0
BRH:0
end_of_record
TN:
SF:src\common\utility\prescriptionPdf.js
FN:4,(anonymous_0)
FN:10,(anonymous_1)
FNF:2
FNH:0
FNDA:0,(anonymous_0)
FNDA:0,(anonymous_1)
DA:4,1
DA:5,0
DA:8,0
DA:9,0
DA:10,0
DA:11,0
DA:14,0
DA:15,0
DA:17,0
DA:18,0
DA:20,0
LF:11
LH:1
BRF:0
BRH:0
end_of_record
TN:
SF:src\common\utility\sendPrescription.js
FN:3,(anonymous_0)
FNF:1
FNH:0
FNDA:0,(anonymous_0)
DA:3,1
DA:4,0
DA:5,0
DA:18,0
DA:20,0
DA:22,0
DA:23,0
LF:7
LH:1
BRF:0
BRH:0
end_of_record
TN:
SF:src\common\utility\sendRegisterCode.js
FN:3,(anonymous_0)
FNF:1
FNH:1
FNDA:3,(anonymous_0)
DA:3,1
DA:5,3
DA:6,3
DA:13,3
DA:15,3
DA:18,0
DA:19,0
LF:7
LH:5
BRF:0
BRH:0
end_of_record
TN:
SF:src\common\utility\sendUpdatePrescriptionEmail.js
FN:4,(anonymous_0)
FNF:1
FNH:0
FNDA:0,(anonymous_0)
DA:4,1
DA:5,0
DA:6,0
DA:20,0
DA:22,0
LF:5
LH:1
BRF:0
BRH:0
end_of_record
TN:
SF:src\common\utility\sendVerificationEmail.js
FN:3,(anonymous_0)
FNF:1
FNH:1
FNDA:1,(anonymous_0)
DA:3,1
DA:4,1
DA:5,1
DA:13,1
DA:14,1
DA:16,0
DA:17,0
LF:7
LH:5
BRF:0
BRH:0
end_of_record
TN:
SF:src\common\utility\upload.js
FN:4,(anonymous_0)
FN:5,(anonymous_1)
FN:11,(anonymous_2)
FNF:3
FNH:2
FNDA:2,(anonymous_0)
FNDA:2,(anonymous_1)
FNDA:0,(anonymous_2)
DA:4,3
DA:5,2
DA:6,2
DA:12,0
DA:13,0
DA:17,0
LF:6
LH:3
BRDA:12,0,0,0
BRDA:12,0,1,0
BRF:2
BRH:0
end_of_record
TN:
SF:src\config\emailConfig.js
FNF:0
FNH:0
DA:4,4
DA:6,4
LF:2
LH:2
BRF:0
BRH:0
end_of_record
TN:
SF:src\controllers\adminController.js
FN:39,(anonymous_0)
FN:73,(anonymous_1)
FN:105,(anonymous_2)
FN:112,(anonymous_3)
FN:113,(anonymous_4)
FN:114,(anonymous_5)
FN:115,(anonymous_6)
FN:132,(anonymous_7)
FN:160,(anonymous_8)
FN:189,(anonymous_9)
FN:207,(anonymous_10)
FN:216,(anonymous_11)
FN:261,(anonymous_12)
FN:274,(anonymous_13)
FN:309,(anonymous_14)
FN:344,(anonymous_15)
FN:382,(anonymous_16)
FN:400,(anonymous_17)
FN:419,(anonymous_18)
FN:426,(anonymous_19)
FN:441,(anonymous_20)
FN:457,(anonymous_21)
FNF:22
FNH:22
FNDA:3,(anonymous_0)
FNDA:3,(anonymous_1)
FNDA:3,(anonymous_2)
FNDA:3,(anonymous_3)
FNDA:6,(anonymous_4)
FNDA:9,(anonymous_5)
FNDA:9,(anonymous_6)
FNDA:2,(anonymous_7)
FNDA:4,(anonymous_8)
FNDA:3,(anonymous_9)
FNDA:3,(anonymous_10)
FNDA:3,(anonymous_11)
FNDA:2,(anonymous_12)
FNDA:5,(anonymous_13)
FNDA:4,(anonymous_14)
FNDA:5,(anonymous_15)
FNDA:3,(anonymous_16)
FNDA:3,(anonymous_17)
FNDA:3,(anonymous_18)
FNDA:6,(anonymous_19)
FNDA:3,(anonymous_20)
FNDA:3,(anonymous_21)
DA:36,1
DA:39,1
DA:40,3
DA:41,3
DA:43,3
DA:44,2
DA:47,1
DA:50,1
DA:52,1
DA:53,1
DA:55,1
DA:60,1
DA:70,2
DA:73,1
DA:74,3
DA:75,3
DA:76,3
DA:78,3
DA:79,3
DA:80,0
DA:83,3
DA:84,1
DA:86,0
DA:94,2
DA:96,3
DA:105,1
DA:106,3
DA:107,3
DA:109,3
DA:111,3
DA:112,3
DA:113,6
DA:114,9
DA:115,9
DA:118,3
DA:127,0
DA:132,1
DA:133,2
DA:134,2
DA:135,2
DA:136,2
DA:137,2
DA:139,2
DA:146,2
DA:147,1
DA:148,1
DA:149,1
DA:152,1
DA:156,1
DA:160,1
DA:161,4
DA:162,4
DA:163,4
DA:165,4
DA:167,4
DA:168,0
DA:171,4
DA:172,4
DA:174,4
DA:175,0
DA:179,4
DA:181,4
DA:185,0
DA:189,1
DA:190,3
DA:191,3
DA:192,3
DA:193,2
DA:195,2
DA:199,1
DA:203,0
DA:207,1
DA:208,3
DA:209,3
DA:211,3
DA:216,1
DA:217,3
DA:218,3
DA:219,3
DA:221,3
DA:223,3
DA:237,3
DA:238,1
DA:243,2
DA:245,2
DA:246,2
DA:247,2
DA:248,2
DA:251,2
DA:256,0
DA:261,1
DA:262,2
DA:263,2
DA:265,2
DA:266,2
DA:270,0
DA:274,1
DA:275,5
DA:276,5
DA:277,5
DA:278,5
DA:279,5
DA:283,0
DA:284,0
DA:286,0
DA:287,0
DA:288,0
DA:289,0
DA:290,0
DA:291,0
DA:292,0
DA:293,0
DA:295,0
DA:299,0
DA:305,0
DA:309,1
DA:310,4
DA:311,4
DA:312,4
DA:313,4
DA:315,4
DA:316,3
DA:320,1
DA:322,1
DA:324,1
DA:326,0
DA:327,0
DA:329,0
DA:330,0
DA:334,1
DA:340,0
DA:344,1
DA:345,5
DA:346,5
DA:347,5
DA:349,5
DA:350,5
DA:354,0
DA:355,0
DA:356,0
DA:358,0
DA:359,0
DA:363,0
DA:365,0
DA:366,0
DA:368,0
DA:372,0
DA:378,0
DA:382,1
DA:383,3
DA:384,3
DA:385,3
DA:386,1
DA:388,1
DA:392,2
DA:396,0
DA:400,1
DA:401,3
DA:402,3
DA:403,3
DA:404,3
DA:405,3
DA:408,3
DA:415,0
DA:419,1
DA:420,3
DA:421,3
DA:423,3
DA:424,3
DA:426,6
DA:431,3
DA:436,0
DA:441,1
DA:442,3
DA:443,3
DA:445,3
DA:446,3
DA:448,3
DA:453,0
DA:457,1
DA:458,3
DA:459,3
DA:461,3
DA:462,3
DA:464,3
DA:469,0
LF:186
LH:143
BRDA:43,0,0,2
BRDA:43,0,1,1
BRDA:50,1,0,1
BRDA:50,1,1,0
BRDA:79,2,0,0
BRDA:79,2,1,3
BRDA:83,3,0,1
BRDA:83,3,1,2
BRDA:112,4,0,3
BRDA:112,4,1,0
BRDA:113,5,0,3
BRDA:113,5,1,0
BRDA:114,6,0,3
BRDA:114,6,1,3
BRDA:115,7,0,3
BRDA:115,7,1,0
BRDA:167,8,0,0
BRDA:167,8,1,4
BRDA:171,9,0,4
BRDA:171,9,1,0
BRDA:174,10,0,0
BRDA:174,10,1,4
BRDA:192,11,0,2
BRDA:192,11,1,1
BRDA:237,12,0,1
BRDA:237,12,1,2
BRDA:245,13,0,2
BRDA:245,13,1,0
BRDA:278,14,0,5
BRDA:278,14,1,0
BRDA:278,15,0,5
BRDA:278,15,1,0
BRDA:283,16,0,0
BRDA:283,16,1,0
BRDA:286,17,0,0
BRDA:286,17,1,0
BRDA:287,18,0,0
BRDA:287,18,1,0
BRDA:315,19,0,3
BRDA:315,19,1,1
BRDA:320,20,0,1
BRDA:320,20,1,0
BRDA:324,21,0,0
BRDA:324,21,1,1
BRDA:349,22,0,5
BRDA:349,22,1,0
BRDA:354,23,0,0
BRDA:354,23,1,0
BRDA:358,24,0,0
BRDA:358,24,1,0
BRDA:358,25,0,0
BRDA:358,25,1,0
BRDA:365,26,0,0
BRDA:365,26,1,0
BRDA:385,27,0,1
BRDA:385,27,1,2
BRDA:404,28,0,3
BRDA:404,28,1,0
BRDA:404,29,0,3
BRDA:404,29,1,2
BRDA:423,30,0,3
BRDA:423,30,1,0
BRDA:423,31,0,3
BRDA:423,31,1,2
BRDA:445,32,0,3
BRDA:445,32,1,0
BRDA:445,33,0,3
BRDA:445,33,1,2
BRDA:461,34,0,3
BRDA:461,34,1,0
BRDA:461,35,0,3
BRDA:461,35,1,2
BRF:72
BRH:40
end_of_record
TN:
SF:src\controllers\doctorController.js
FN:27,(anonymous_0)
FN:40,(anonymous_1)
FN:79,(anonymous_2)
FN:159,(anonymous_3)
FN:196,(anonymous_4)
FN:238,(anonymous_5)
FNF:6
FNH:3
FNDA:3,(anonymous_0)
FNDA:3,(anonymous_1)
FNDA:3,(anonymous_2)
FNDA:0,(anonymous_3)
FNDA:0,(anonymous_4)
FNDA:0,(anonymous_5)
DA:27,1
DA:28,3
DA:29,3
DA:31,3
DA:33,3
DA:37,0
DA:40,1
DA:41,3
DA:50,3
DA:52,3
DA:54,3
DA:63,3
DA:64,1
DA:66,1
DA:71,2
DA:75,0
DA:79,1
DA:80,3
DA:82,3
DA:84,3
DA:85,2
DA:87,1
DA:91,1
DA:96,1
DA:159,1
DA:160,0
DA:161,0
DA:162,0
DA:164,0
DA:165,0
DA:167,0
DA:168,0
DA:170,0
DA:172,0
DA:174,0
DA:179,0
DA:181,0
DA:182,0
DA:184,0
DA:186,0
DA:190,0
DA:196,1
DA:197,0
DA:198,0
DA:199,0
DA:201,0
DA:202,0
DA:204,0
DA:205,0
DA:207,0
DA:209,0
DA:211,0
DA:216,0
DA:218,0
DA:220,0
DA:222,0
DA:223,0
DA:225,0
DA:228,0
DA:230,0
DA:234,0
DA:238,1
DA:239,0
DA:240,0
DA:241,0
DA:242,0
DA:243,0
LF:67
LH:25
BRDA:63,0,0,1
BRDA:63,0,1,2
BRDA:84,1,0,2
BRDA:84,1,1,1
BRDA:84,2,0,3
BRDA:84,2,1,1
BRDA:222,3,0,0
BRDA:222,3,1,0
BRF:8
BRH:6
end_of_record
TN:
SF:src\controllers\patientController.js
FN:45,(anonymous_0)
FN:59,(anonymous_1)
FN:72,(anonymous_2)
FN:113,(anonymous_3)
FN:164,(anonymous_4)
FN:185,(anonymous_5)
FN:198,(anonymous_6)
FN:211,(anonymous_7)
FN:268,(anonymous_8)
FN:288,(anonymous_9)
FN:301,(anonymous_10)
FN:316,(anonymous_11)
FN:339,(anonymous_12)
FN:359,(anonymous_13)
FN:373,(anonymous_14)
FN:426,(anonymous_15)
FN:471,(anonymous_16)
FNF:17
FNH:17
FNDA:2,(anonymous_0)
FNDA:2,(anonymous_1)
FNDA:2,(anonymous_2)
FNDA:3,(anonymous_3)
FNDA:3,(anonymous_4)
FNDA:2,(anonymous_5)
FNDA:2,(anonymous_6)
FNDA:3,(anonymous_7)
FNDA:3,(anonymous_8)
FNDA:2,(anonymous_9)
FNDA:2,(anonymous_10)
FNDA:2,(anonymous_11)
FNDA:2,(anonymous_12)
FNDA:2,(anonymous_13)
FNDA:2,(anonymous_14)
FNDA:2,(anonymous_15)
FNDA:2,(anonymous_16)
DA:40,2
DA:45,2
DA:46,2
DA:47,2
DA:49,2
DA:50,1
DA:54,1
DA:59,2
DA:60,2
DA:61,2
DA:62,2
DA:64,1
DA:68,1
DA:72,2
DA:73,2
DA:87,2
DA:89,2
DA:90,2
DA:102,2
DA:104,1
DA:109,1
DA:113,2
DA:114,3
DA:128,3
DA:130,3
DA:131,3
DA:132,3
DA:134,3
DA:146,3
DA:148,3
DA:150,2
DA:151,1
DA:153,1
DA:157,1
DA:160,2
DA:164,2
DA:165,3
DA:166,3
DA:167,3
DA:169,3
DA:170,2
DA:171,1
DA:173,1
DA:177,1
DA:179,2
DA:185,2
DA:186,2
DA:187,2
DA:188,2
DA:190,1
DA:194,1
DA:198,2
DA:199,2
DA:200,2
DA:202,2
DA:203,1
DA:207,1
DA:211,2
DA:212,3
DA:229,3
DA:231,3
DA:232,3
DA:233,3
DA:234,3
DA:235,3
DA:236,3
DA:238,3
DA:252,3
DA:254,3
DA:255,2
DA:256,1
DA:258,1
DA:262,1
DA:264,2
DA:268,2
DA:269,3
DA:270,3
DA:271,3
DA:273,3
DA:274,2
DA:275,1
DA:276,1
DA:280,1
DA:282,2
DA:288,2
DA:289,2
DA:290,2
DA:291,2
DA:293,1
DA:297,1
DA:301,2
DA:302,2
DA:303,2
DA:305,2
DA:307,1
DA:312,1
DA:316,2
DA:317,2
DA:320,2
DA:321,2
DA:322,2
DA:324,2
DA:325,2
DA:326,1
DA:328,1
DA:333,1
DA:335,1
DA:339,2
DA:340,2
DA:341,2
DA:342,2
DA:344,2
DA:345,2
DA:346,1
DA:348,1
DA:352,1
DA:354,1
DA:359,2
DA:360,2
DA:361,2
DA:363,2
DA:364,1
DA:369,1
DA:373,2
DA:374,2
DA:376,2
DA:377,1
DA:380,1
DA:382,1
DA:383,0
DA:390,1
DA:391,0
DA:393,0
DA:395,0
DA:416,0
DA:418,0
DA:422,2
DA:426,2
DA:427,2
DA:428,2
DA:429,0
DA:431,2
DA:432,2
DA:433,0
DA:436,2
DA:437,2
DA:438,1
DA:442,1
DA:443,1
DA:444,0
DA:446,0
DA:448,0
DA:453,0
DA:455,0
DA:456,0
DA:457,0
DA:459,0
DA:463,0
DA:465,2
DA:471,2
DA:472,2
DA:474,2
DA:475,2
DA:477,2
DA:478,0
DA:481,2
DA:487,2
DA:488,1
DA:491,1
DA:493,1
DA:497,1
LF:171
LH:153
BRDA:130,0,0,3
BRDA:130,0,1,0
BRDA:131,1,0,3
BRDA:131,1,1,3
BRDA:132,2,0,3
BRDA:132,2,1,0
BRDA:150,3,0,1
BRDA:150,3,1,1
BRDA:150,4,0,2
BRDA:150,4,1,1
BRDA:170,5,0,1
BRDA:170,5,1,1
BRDA:170,6,0,2
BRDA:170,6,1,1
BRDA:231,7,0,3
BRDA:231,7,1,0
BRDA:231,8,0,3
BRDA:231,8,1,0
BRDA:232,9,0,0
BRDA:232,9,1,3
BRDA:232,10,0,3
BRDA:232,10,1,3
BRDA:233,11,0,0
BRDA:233,11,1,3
BRDA:233,12,0,3
BRDA:233,12,1,3
BRDA:234,13,0,0
BRDA:234,13,1,3
BRDA:234,14,0,3
BRDA:234,14,1,3
BRDA:235,15,0,3
BRDA:235,15,1,0
BRDA:235,16,0,3
BRDA:235,16,1,0
BRDA:236,17,0,3
BRDA:236,17,1,0
BRDA:236,18,0,3
BRDA:236,18,1,0
BRDA:255,19,0,1
BRDA:255,19,1,1
BRDA:255,20,0,2
BRDA:255,20,1,1
BRDA:274,21,0,1
BRDA:274,21,1,1
BRDA:274,22,0,2
BRDA:274,22,1,1
BRDA:325,23,0,1
BRDA:325,23,1,1
BRDA:325,24,0,2
BRDA:325,24,1,1
BRDA:345,25,0,1
BRDA:345,25,1,1
BRDA:345,26,0,2
BRDA:345,26,1,1
BRDA:376,27,0,1
BRDA:376,27,1,1
BRDA:382,28,0,0
BRDA:382,28,1,1
BRDA:382,29,0,1
BRDA:382,29,1,1
BRDA:428,30,0,0
BRDA:428,30,1,2
BRDA:432,31,0,0
BRDA:432,31,1,2
BRDA:432,32,0,2
BRDA:432,32,1,2
BRDA:437,33,0,1
BRDA:437,33,1,1
BRDA:442,34,0,1
BRDA:442,34,1,0
BRDA:456,35,0,0
BRDA:456,35,1,0
BRDA:456,36,0,0
BRDA:456,36,1,0
BRDA:477,37,0,0
BRDA:477,37,1,2
BRDA:477,38,0,2
BRDA:477,38,1,2
BRDA:487,39,0,1
BRDA:487,39,1,1
BRF:80
BRH:60
end_of_record
TN:
SF:src\controllers\userController.js
FN:44,(anonymous_0)
FN:79,(anonymous_1)
FN:140,(anonymous_2)
FN:162,(anonymous_3)
FN:183,(anonymous_4)
FN:218,(anonymous_5)
FN:245,(anonymous_6)
FN:256,(anonymous_7)
FN:286,(anonymous_8)
FN:298,(anonymous_9)
FN:320,(anonymous_10)
FN:338,(anonymous_11)
FN:339,(anonymous_12)
FN:342,(anonymous_13)
FN:343,(anonymous_14)
FN:358,(anonymous_15)
FNF:16
FNH:16
FNDA:2,(anonymous_0)
FNDA:5,(anonymous_1)
FNDA:2,(anonymous_2)
FNDA:3,(anonymous_3)
FNDA:4,(anonymous_4)
FNDA:4,(anonymous_5)
FNDA:3,(anonymous_6)
FNDA:3,(anonymous_7)
FNDA:2,(anonymous_8)
FNDA:3,(anonymous_9)
FNDA:4,(anonymous_10)
FNDA:3,(anonymous_11)
FNDA:2,(anonymous_12)
FNDA:3,(anonymous_13)
FNDA:1,(anonymous_14)
FNDA:4,(anonymous_15)
DA:39,1
DA:41,1
DA:44,1
DA:45,2
DA:46,2
DA:48,2
DA:49,2
DA:50,1
DA:52,1
DA:54,1
DA:64,1
DA:65,1
DA:67,1
DA:69,1
DA:75,1
DA:79,1
DA:80,5
DA:81,5
DA:83,5
DA:84,2
DA:89,3
DA:90,3
DA:94,3
DA:95,2
DA:98,3
DA:99,3
DA:102,0
DA:103,0
DA:104,0
DA:107,0
DA:108,0
DA:109,0
DA:110,0
DA:113,0
DA:129,0
DA:136,5
DA:140,1
DA:141,2
DA:144,2
DA:145,2
DA:147,2
DA:153,2
DA:154,1
DA:158,1
DA:162,1
DA:163,3
DA:164,3
DA:166,3
DA:167,3
DA:169,3
DA:170,1
DA:174,2
DA:175,1
DA:179,2
DA:183,1
DA:184,4
DA:185,4
DA:186,4
DA:188,4
DA:189,3
DA:190,3
DA:191,2
DA:202,1
DA:203,1
DA:214,0
DA:218,1
DA:219,4
DA:220,4
DA:222,4
DA:224,4
DA:226,3
DA:227,2
DA:229,2
DA:231,2
DA:233,2
DA:237,1
DA:241,1
DA:245,1
DA:246,3
DA:247,3
DA:248,3
DA:249,1
DA:253,2
DA:256,1
DA:257,3
DA:259,3
DA:260,3
DA:262,3
DA:264,3
DA:266,3
DA:269,2
DA:270,1
DA:274,1
DA:276,1
DA:278,1
DA:282,1
DA:286,1
DA:287,2
DA:289,2
DA:290,2
DA:294,1
DA:298,1
DA:299,3
DA:300,3
DA:301,3
DA:303,2
DA:304,1
DA:310,1
DA:311,1
DA:316,1
DA:320,1
DA:321,4
DA:322,4
DA:323,4
DA:325,4
DA:334,2
DA:335,2
DA:337,2
DA:338,3
DA:339,2
DA:341,2
DA:342,3
DA:343,1
DA:345,2
DA:354,2
DA:358,1
DA:359,4
DA:360,4
DA:362,4
DA:363,1
DA:367,3
DA:369,2
DA:374,1
LF:133
LH:123
BRDA:49,0,0,1
BRDA:49,0,1,1
BRDA:83,1,0,2
BRDA:83,1,1,3
BRDA:83,2,0,5
BRDA:83,2,1,3
BRDA:89,3,0,3
BRDA:89,3,1,0
BRDA:94,4,0,2
BRDA:94,4,1,1
BRDA:98,5,0,3
BRDA:98,5,1,0
BRDA:103,6,0,0
BRDA:103,6,1,0
BRDA:109,7,0,0
BRDA:109,7,1,0
BRDA:166,8,0,3
BRDA:166,8,1,0
BRDA:169,9,0,1
BRDA:169,9,1,2
BRDA:188,10,0,3
BRDA:188,10,1,1
BRDA:190,11,0,2
BRDA:190,11,1,1
BRDA:226,12,0,2
BRDA:226,12,1,1
BRDA:269,13,0,1
BRDA:269,13,1,1
BRDA:303,14,0,1
BRDA:303,14,1,1
BRDA:334,15,0,2
BRDA:334,15,1,1
BRDA:335,16,0,2
BRDA:335,16,1,1
BRDA:338,17,0,3
BRDA:338,17,1,3
BRDA:342,18,0,3
BRDA:342,18,1,3
BRDA:362,19,0,1
BRDA:362,19,1,3
BRF:40
BRH:33
end_of_record
TN:
SF:src\db\connection.js
FNF:0
FNH:0
DA:4,4
DA:6,4
DA:8,4
LF:3
LH:3
BRF:0
BRH:0
end_of_record
TN:
SF:src\models\adminModel.js
FN:7,(anonymous_0)
FN:13,(anonymous_1)
FN:41,(anonymous_2)
FN:54,(anonymous_3)
FN:55,(anonymous_4)
FN:65,(anonymous_5)
FN:74,(anonymous_6)
FN:76,(anonymous_7)
FN:77,(anonymous_8)
FN:165,(anonymous_9)
FN:170,(anonymous_10)
FN:177,(anonymous_11)
FN:187,(anonymous_12)
FN:189,(anonymous_13)
FN:193,(anonymous_14)
FN:206,(anonymous_15)
FN:216,(anonymous_16)
FN:230,(anonymous_17)
FN:231,(anonymous_18)
FN:254,(anonymous_19)
FN:271,(anonymous_20)
FN:274,(anonymous_21)
FN:278,(anonymous_22)
FN:294,(anonymous_23)
FN:296,(anonymous_24)
FN:299,(anonymous_25)
FN:313,(anonymous_26)
FN:315,(anonymous_27)
FN:319,(anonymous_28)
FN:333,(anonymous_29)
FN:335,(anonymous_30)
FN:338,(anonymous_31)
FN:392,(anonymous_32)
FN:398,(anonymous_33)
FN:402,(anonymous_34)
FN:413,(anonymous_35)
FN:428,(anonymous_36)
FN:431,(anonymous_37)
FN:435,(anonymous_38)
FN:451,(anonymous_39)
FN:453,(anonymous_40)
FN:457,(anonymous_41)
FN:469,(anonymous_42)
FN:471,(anonymous_43)
FN:475,(anonymous_44)
FN:488,(anonymous_45)
FN:490,(anonymous_46)
FN:494,(anonymous_47)
FN:507,(anonymous_48)
FN:509,(anonymous_49)
FN:519,(anonymous_50)
FN:531,(anonymous_51)
FN:533,(anonymous_52)
FN:541,(anonymous_53)
FN:555,(anonymous_54)
FN:556,(anonymous_55)
FN:577,(anonymous_56)
FN:588,(anonymous_57)
FN:589,(anonymous_58)
FN:608,(anonymous_59)
FN:618,(anonymous_60)
FN:619,(anonymous_61)
FN:622,(anonymous_62)
FN:634,(anonymous_63)
FN:635,(anonymous_64)
FN:640,(anonymous_65)
FN:650,(anonymous_66)
FN:651,(anonymous_67)
FN:656,(anonymous_68)
FN:666,(anonymous_69)
FN:669,(anonymous_70)
FN:673,(anonymous_71)
FN:688,(anonymous_72)
FN:689,(anonymous_73)
FN:693,(anonymous_74)
FN:704,(anonymous_75)
FN:705,(anonymous_76)
FN:710,(anonymous_77)
FN:725,(anonymous_78)
FN:731,(anonymous_79)
FN:735,(anonymous_80)
FN:751,(anonymous_81)
FN:752,(anonymous_82)
FN:757,(anonymous_83)
FNF:84
FNH:66
FNDA:2,(anonymous_0)
FNDA:2,(anonymous_1)
FNDA:2,(anonymous_2)
FNDA:1,(anonymous_3)
FNDA:1,(anonymous_4)
FNDA:1,(anonymous_5)
FNDA:1,(anonymous_6)
FNDA:1,(anonymous_7)
FNDA:1,(anonymous_8)
FNDA:2,(anonymous_9)
FNDA:2,(anonymous_10)
FNDA:2,(anonymous_11)
FNDA:3,(anonymous_12)
FNDA:3,(anonymous_13)
FNDA:3,(anonymous_14)
FNDA:1,(anonymous_15)
FNDA:1,(anonymous_16)
FNDA:3,(anonymous_17)
FNDA:3,(anonymous_18)
FNDA:3,(anonymous_19)
FNDA:4,(anonymous_20)
FNDA:4,(anonymous_21)
FNDA:4,(anonymous_22)
FNDA:4,(anonymous_23)
FNDA:4,(anonymous_24)
FNDA:4,(anonymous_25)
FNDA:4,(anonymous_26)
FNDA:4,(anonymous_27)
FNDA:4,(anonymous_28)
FNDA:2,(anonymous_29)
FNDA:2,(anonymous_30)
FNDA:2,(anonymous_31)
FNDA:3,(anonymous_32)
FNDA:3,(anonymous_33)
FNDA:3,(anonymous_34)
FNDA:3,(anonymous_35)
FNDA:2,(anonymous_36)
FNDA:2,(anonymous_37)
FNDA:2,(anonymous_38)
FNDA:1,(anonymous_39)
FNDA:1,(anonymous_40)
FNDA:1,(anonymous_41)
FNDA:1,(anonymous_42)
FNDA:1,(anonymous_43)
FNDA:1,(anonymous_44)
FNDA:0,(anonymous_45)
FNDA:0,(anonymous_46)
FNDA:0,(anonymous_47)
FNDA:1,(anonymous_48)
FNDA:1,(anonymous_49)
FNDA:1,(anonymous_50)
FNDA:0,(anonymous_51)
FNDA:0,(anonymous_52)
FNDA:0,(anonymous_53)
FNDA:3,(anonymous_54)
FNDA:3,(anonymous_55)
FNDA:3,(anonymous_56)
FNDA:3,(anonymous_57)
FNDA:3,(anonymous_58)
FNDA:3,(anonymous_59)
FNDA:0,(anonymous_60)
FNDA:0,(anonymous_61)
FNDA:0,(anonymous_62)
FNDA:3,(anonymous_63)
FNDA:3,(anonymous_64)
FNDA:3,(anonymous_65)
FNDA:3,(anonymous_66)
FNDA:3,(anonymous_67)
FNDA:3,(anonymous_68)
FNDA:0,(anonymous_69)
FNDA:0,(anonymous_70)
FNDA:0,(anonymous_71)
FNDA:0,(anonymous_72)
FNDA:0,(anonymous_73)
FNDA:0,(anonymous_74)
FNDA:0,(anonymous_75)
FNDA:0,(anonymous_76)
FNDA:0,(anonymous_77)
FNDA:2,(anonymous_78)
FNDA:1,(anonymous_79)
FNDA:1,(anonymous_80)
FNDA:3,(anonymous_81)
FNDA:3,(anonymous_82)
FNDA:3,(anonymous_83)
DA:5,2
DA:7,2
DA:8,2
DA:9,2
DA:10,0
DA:13,2
DA:14,2
DA:42,2
DA:43,0
DA:45,2
DA:50,2
DA:51,1
DA:54,1
DA:55,1
DA:56,1
DA:66,1
DA:67,0
DA:69,1
DA:74,1
DA:75,1
DA:76,1
DA:77,1
DA:79,1
DA:85,1
DA:87,1
DA:90,0
DA:165,2
DA:166,2
DA:167,0
DA:170,2
DA:171,2
DA:178,2
DA:179,0
DA:181,2
DA:187,2
DA:188,3
DA:189,3
DA:190,3
DA:194,3
DA:195,0
DA:197,3
DA:202,3
DA:203,2
DA:206,1
DA:207,1
DA:217,1
DA:218,0
DA:220,1
DA:225,1
DA:227,2
DA:230,2
DA:231,3
DA:232,3
DA:233,3
DA:255,3
DA:256,0
DA:258,3
DA:262,0
DA:271,2
DA:272,4
DA:273,4
DA:274,4
DA:275,4
DA:279,4
DA:280,0
DA:282,4
DA:289,0
DA:294,2
DA:295,4
DA:296,4
DA:297,4
DA:300,4
DA:301,0
DA:303,4
DA:307,4
DA:309,0
DA:313,2
DA:314,4
DA:315,4
DA:316,4
DA:320,4
DA:321,0
DA:323,4
DA:327,4
DA:329,0
DA:333,2
DA:334,2
DA:335,2
DA:336,2
DA:339,2
DA:340,2
DA:344,2
DA:346,0
DA:392,2
DA:393,3
DA:394,3
DA:395,3
DA:396,3
DA:398,3
DA:399,3
DA:403,3
DA:404,0
DA:407,3
DA:408,3
DA:410,3
DA:414,3
DA:415,0
DA:417,3
DA:424,0
DA:428,2
DA:430,2
DA:431,2
DA:432,2
DA:436,2
DA:437,0
DA:439,2
DA:444,2
DA:446,0
DA:451,2
DA:452,1
DA:453,1
DA:454,1
DA:458,1
DA:459,0
DA:461,1
DA:466,0
DA:469,2
DA:470,1
DA:471,1
DA:472,1
DA:476,1
DA:477,0
DA:479,1
DA:484,0
DA:488,2
DA:489,0
DA:490,0
DA:491,0
DA:495,0
DA:496,0
DA:498,0
DA:503,0
DA:507,2
DA:508,1
DA:509,1
DA:510,1
DA:520,1
DA:522,1
DA:526,1
DA:528,0
DA:531,2
DA:532,0
DA:533,0
DA:534,0
DA:542,0
DA:543,0
DA:545,0
DA:551,0
DA:555,2
DA:556,3
DA:557,3
DA:578,3
DA:579,0
DA:581,3
DA:588,2
DA:589,3
DA:590,3
DA:609,3
DA:610,0
DA:612,3
DA:618,2
DA:619,0
DA:620,0
DA:623,0
DA:624,0
DA:626,0
DA:634,2
DA:635,3
DA:636,3
DA:641,3
DA:642,0
DA:644,3
DA:650,2
DA:651,3
DA:652,3
DA:657,3
DA:658,0
DA:660,3
DA:666,2
DA:667,0
DA:669,0
DA:670,0
DA:674,0
DA:675,0
DA:677,0
DA:684,0
DA:688,2
DA:689,0
DA:690,0
DA:694,0
DA:695,0
DA:696,0
DA:698,0
DA:704,2
DA:705,0
DA:706,0
DA:707,0
DA:711,0
DA:712,0
DA:714,0
DA:718,0
DA:725,2
DA:726,2
DA:727,2
DA:728,2
DA:729,1
DA:731,1
DA:732,1
DA:736,1
DA:737,0
DA:741,1
DA:746,1
DA:751,2
DA:752,3
DA:753,3
DA:758,3
DA:759,0
DA:761,3
LF:228
LH:156
BRDA:9,0,0,0
BRDA:9,0,1,2
BRDA:42,1,0,0
BRDA:42,1,1,2
BRDA:50,2,0,1
BRDA:50,2,1,1
BRDA:66,3,0,0
BRDA:66,3,1,1
BRDA:166,4,0,0
BRDA:166,4,1,2
BRDA:178,5,0,0
BRDA:178,5,1,2
BRDA:194,6,0,0
BRDA:194,6,1,3
BRDA:202,7,0,2
BRDA:202,7,1,1
BRDA:217,8,0,0
BRDA:217,8,1,1
BRDA:232,9,0,3
BRDA:232,9,1,0
BRDA:255,10,0,0
BRDA:255,10,1,3
BRDA:273,11,0,4
BRDA:273,11,1,0
BRDA:279,12,0,0
BRDA:279,12,1,4
BRDA:300,13,0,0
BRDA:300,13,1,4
BRDA:320,14,0,0
BRDA:320,14,1,4
BRDA:339,15,0,0
BRDA:339,15,1,2
BRDA:403,16,0,0
BRDA:403,16,1,3
BRDA:414,17,0,0
BRDA:414,17,1,3
BRDA:436,18,0,0
BRDA:436,18,1,2
BRDA:458,19,0,0
BRDA:458,19,1,1
BRDA:476,20,0,0
BRDA:476,20,1,1
BRDA:495,21,0,0
BRDA:495,21,1,0
BRDA:520,22,0,0
BRDA:520,22,1,1
BRDA:542,23,0,0
BRDA:542,23,1,0
BRDA:578,24,0,0
BRDA:578,24,1,3
BRDA:609,25,0,0
BRDA:609,25,1,3
BRDA:623,26,0,0
BRDA:623,26,1,0
BRDA:641,27,0,0
BRDA:641,27,1,3
BRDA:657,28,0,0
BRDA:657,28,1,3
BRDA:674,29,0,0
BRDA:674,29,1,0
BRDA:694,30,0,0
BRDA:694,30,1,0
BRDA:711,31,0,0
BRDA:711,31,1,0
BRDA:736,32,0,0
BRDA:736,32,1,1
BRDA:758,33,0,0
BRDA:758,33,1,3
BRF:68
BRH:30
end_of_record
TN:
SF:src\models\doctorModel.js
FN:5,(anonymous_0)
FN:7,(anonymous_1)
FN:18,(anonymous_2)
FN:30,(anonymous_3)
FN:36,(anonymous_4)
FN:38,(anonymous_5)
FN:50,(anonymous_6)
FN:52,(anonymous_7)
FN:87,(anonymous_8)
FN:100,(anonymous_9)
FN:102,(anonymous_10)
FN:105,(anonymous_11)
FN:117,(anonymous_12)
FN:119,(anonymous_13)
FN:129,(anonymous_14)
FN:142,(anonymous_15)
FN:143,(anonymous_16)
FN:146,(anonymous_17)
FN:155,(anonymous_18)
FN:157,(anonymous_19)
FN:161,(anonymous_20)
FNF:21
FNH:21
FNDA:2,(anonymous_0)
FNDA:2,(anonymous_1)
FNDA:2,(anonymous_2)
FNDA:2,(anonymous_3)
FNDA:2,(anonymous_4)
FNDA:2,(anonymous_5)
FNDA:2,(anonymous_6)
FNDA:2,(anonymous_7)
FNDA:2,(anonymous_8)
FNDA:2,(anonymous_9)
FNDA:2,(anonymous_10)
FNDA:2,(anonymous_11)
FNDA:2,(anonymous_12)
FNDA:2,(anonymous_13)
FNDA:2,(anonymous_14)
FNDA:3,(anonymous_15)
FNDA:3,(anonymous_16)
FNDA:3,(anonymous_17)
FNDA:2,(anonymous_18)
FNDA:2,(anonymous_19)
FNDA:2,(anonymous_20)
DA:5,2
DA:6,2
DA:7,2
DA:8,2
DA:19,2
DA:20,1
DA:24,1
DA:26,1
DA:30,2
DA:31,2
DA:32,2
DA:36,2
DA:37,2
DA:39,2
DA:40,1
DA:42,1
DA:46,0
DA:50,2
DA:51,2
DA:52,2
DA:53,2
DA:88,2
DA:89,1
DA:91,1
DA:95,0
DA:100,2
DA:101,2
DA:102,2
DA:103,2
DA:106,2
DA:107,1
DA:109,1
DA:113,0
DA:117,2
DA:118,2
DA:119,2
DA:120,2
DA:130,2
DA:131,1
DA:133,1
DA:138,0
DA:142,2
DA:143,3
DA:144,3
DA:147,3
DA:148,1
DA:150,2
DA:155,2
DA:156,2
DA:157,2
DA:158,2
DA:162,2
DA:163,1
DA:165,1
DA:170,0
LF:55
LH:50
BRDA:19,0,0,1
BRDA:19,0,1,1
BRDA:39,1,0,1
BRDA:39,1,1,1
BRDA:88,2,0,1
BRDA:88,2,1,1
BRDA:106,3,0,1
BRDA:106,3,1,1
BRDA:130,4,0,1
BRDA:130,4,1,1
BRDA:147,5,0,1
BRDA:147,5,1,2
BRDA:150,6,0,1
BRDA:150,6,1,1
BRDA:162,7,0,1
BRDA:162,7,1,1
BRF:16
BRH:16
end_of_record
TN:
SF:src\models\patientModel.js
FN:4,(anonymous_0)
FN:6,(anonymous_1)
FN:32,(anonymous_2)
FN:38,(anonymous_3)
FN:40,(anonymous_4)
FN:68,(anonymous_5)
FN:70,(anonymous_6)
FN:90,(anonymous_7)
FN:96,(anonymous_8)
FN:98,(anonymous_9)
FN:123,(anonymous_10)
FN:125,(anonymous_11)
FN:133,(anonymous_12)
FN:150,(anonymous_13)
FN:187,(anonymous_14)
FN:188,(anonymous_15)
FN:200,(anonymous_16)
FN:215,(anonymous_17)
FN:221,(anonymous_18)
FN:235,(anonymous_19)
FN:237,(anonymous_20)
FN:241,(anonymous_21)
FN:255,(anonymous_22)
FN:257,(anonymous_23)
FN:261,(anonymous_24)
FN:272,(anonymous_25)
FN:280,(anonymous_26)
FN:284,(anonymous_27)
FN:319,(anonymous_28)
FN:321,(anonymous_29)
FN:335,(anonymous_30)
FN:350,(anonymous_31)
FN:353,(anonymous_32)
FN:354,(anonymous_33)
FN:365,(anonymous_34)
FN:367,(anonymous_35)
FN:374,(anonymous_36)
FN:393,(anonymous_37)
FN:411,(anonymous_38)
FN:418,(anonymous_39)
FN:429,(anonymous_40)
FN:431,(anonymous_41)
FN:435,(anonymous_42)
FN:446,(anonymous_43)
FN:448,(anonymous_44)
FN:453,(anonymous_45)
FN:466,(anonymous_46)
FN:470,(anonymous_47)
FN:471,(anonymous_48)
FN:483,(anonymous_49)
FN:486,(anonymous_50)
FN:490,(anonymous_51)
FN:503,(anonymous_52)
FN:505,(anonymous_53)
FN:509,(anonymous_54)
FN:524,(anonymous_55)
FN:526,(anonymous_56)
FN:530,(anonymous_57)
FN:543,(anonymous_58)
FN:550,(anonymous_59)
FN:551,(anonymous_60)
FN:563,(anonymous_61)
FN:565,(anonymous_62)
FN:569,(anonymous_63)
FN:585,(anonymous_64)
FN:586,(anonymous_65)
FN:590,(anonymous_66)
FN:602,(anonymous_67)
FN:603,(anonymous_68)
FN:607,(anonymous_69)
FN:617,(anonymous_70)
FN:618,(anonymous_71)
FN:630,(anonymous_72)
FN:640,(anonymous_73)
FN:642,(anonymous_74)
FN:646,(anonymous_75)
FNF:76
FNH:10
FNDA:2,(anonymous_0)
FNDA:2,(anonymous_1)
FNDA:2,(anonymous_2)
FNDA:1,(anonymous_3)
FNDA:0,(anonymous_4)
FNDA:0,(anonymous_5)
FNDA:0,(anonymous_6)
FNDA:0,(anonymous_7)
FNDA:0,(anonymous_8)
FNDA:0,(anonymous_9)
FNDA:0,(anonymous_10)
FNDA:0,(anonymous_11)
FNDA:0,(anonymous_12)
FNDA:1,(anonymous_13)
FNDA:1,(anonymous_14)
FNDA:1,(anonymous_15)
FNDA:0,(anonymous_16)
FNDA:0,(anonymous_17)
FNDA:0,(anonymous_18)
FNDA:0,(anonymous_19)
FNDA:0,(anonymous_20)
FNDA:0,(anonymous_21)
FNDA:0,(anonymous_22)
FNDA:0,(anonymous_23)
FNDA:0,(anonymous_24)
FNDA:0,(anonymous_25)
FNDA:0,(anonymous_26)
FNDA:0,(anonymous_27)
FNDA:1,(anonymous_28)
FNDA:1,(anonymous_29)
FNDA:1,(anonymous_30)
FNDA:0,(anonymous_31)
FNDA:0,(anonymous_32)
FNDA:0,(anonymous_33)
FNDA:0,(anonymous_34)
FNDA:0,(anonymous_35)
FNDA:0,(anonymous_36)
FNDA:0,(anonymous_37)
FNDA:0,(anonymous_38)
FNDA:0,(anonymous_39)
FNDA:0,(anonymous_40)
FNDA:0,(anonymous_41)
FNDA:0,(anonymous_42)
FNDA:0,(anonymous_43)
FNDA:0,(anonymous_44)
FNDA:0,(anonymous_45)
FNDA:0,(anonymous_46)
FNDA:0,(anonymous_47)
FNDA:0,(anonymous_48)
FNDA:0,(anonymous_49)
FNDA:0,(anonymous_50)
FNDA:0,(anonymous_51)
FNDA:0,(anonymous_52)
FNDA:0,(anonymous_53)
FNDA:0,(anonymous_54)
FNDA:0,(anonymous_55)
FNDA:0,(anonymous_56)
FNDA:0,(anonymous_57)
FNDA:0,(anonymous_58)
FNDA:0,(anonymous_59)
FNDA:0,(anonymous_60)
FNDA:0,(anonymous_61)
FNDA:0,(anonymous_62)
FNDA:0,(anonymous_63)
FNDA:0,(anonymous_64)
FNDA:0,(anonymous_65)
FNDA:0,(anonymous_66)
FNDA:0,(anonymous_67)
FNDA:0,(anonymous_68)
FNDA:0,(anonymous_69)
FNDA:0,(anonymous_70)
FNDA:0,(anonymous_71)
FNDA:0,(anonymous_72)
FNDA:0,(anonymous_73)
FNDA:0,(anonymous_74)
FNDA:0,(anonymous_75)
DA:4,2
DA:5,2
DA:6,2
DA:7,2
DA:33,2
DA:34,1
DA:37,1
DA:38,1
DA:39,1
DA:40,0
DA:43,1
DA:44,1
DA:45,1
DA:49,1
DA:51,1
DA:57,1
DA:62,0
DA:68,2
DA:69,0
DA:70,0
DA:71,0
DA:91,0
DA:92,0
DA:95,0
DA:96,0
DA:97,0
DA:98,0
DA:101,0
DA:102,0
DA:103,0
DA:107,0
DA:109,0
DA:115,0
DA:120,0
DA:123,2
DA:124,0
DA:125,0
DA:126,0
DA:134,0
DA:136,0
DA:137,0
DA:140,0
DA:145,0
DA:150,2
DA:151,1
DA:152,1
DA:163,1
DA:164,1
DA:165,1
DA:166,1
DA:167,1
DA:168,1
DA:170,1
DA:187,1
DA:188,1
DA:189,1
DA:190,0
DA:192,1
DA:196,0
DA:200,2
DA:201,0
DA:202,0
DA:215,0
DA:216,0
DA:222,0
DA:223,0
DA:226,0
DA:231,0
DA:235,2
DA:236,0
DA:237,0
DA:238,0
DA:242,0
DA:243,0
DA:245,0
DA:249,0
DA:251,0
DA:255,2
DA:256,0
DA:257,0
DA:258,0
DA:262,0
DA:263,0
DA:268,0
DA:272,2
DA:273,0
DA:274,0
DA:276,0
DA:277,0
DA:280,0
DA:281,0
DA:285,0
DA:286,0
DA:291,0
DA:319,2
DA:320,1
DA:321,1
DA:323,1
DA:336,1
DA:337,0
DA:339,1
DA:344,1
DA:346,0
DA:350,2
DA:351,0
DA:352,0
DA:353,0
DA:354,0
DA:355,0
DA:356,0
DA:358,0
DA:362,0
DA:365,2
DA:366,0
DA:367,0
DA:368,0
DA:375,0
DA:377,0
DA:378,0
DA:379,0
DA:383,0
DA:388,0
DA:393,2
DA:394,0
DA:395,0
DA:411,0
DA:412,0
DA:419,0
DA:420,0
DA:425,0
DA:429,2
DA:430,0
DA:431,0
DA:432,0
DA:436,0
DA:437,0
DA:442,0
DA:446,2
DA:447,0
DA:448,0
DA:449,0
DA:454,0
DA:455,0
DA:460,0
DA:462,0
DA:466,2
DA:467,0
DA:468,0
DA:470,0
DA:471,0
DA:472,0
DA:473,0
DA:475,0
DA:479,0
DA:483,2
DA:484,0
DA:486,0
DA:487,0
DA:491,0
DA:492,0
DA:494,0
DA:499,0
DA:503,2
DA:504,0
DA:505,0
DA:506,0
DA:510,0
DA:511,0
DA:513,0
DA:518,0
DA:520,0
DA:524,2
DA:525,0
DA:526,0
DA:527,0
DA:531,0
DA:532,0
DA:537,0
DA:539,0
DA:543,2
DA:544,0
DA:550,0
DA:551,0
DA:552,0
DA:553,0
DA:555,0
DA:563,2
DA:564,0
DA:565,0
DA:566,0
DA:570,0
DA:571,0
DA:573,0
DA:577,0
DA:579,0
DA:585,2
DA:586,0
DA:587,0
DA:591,0
DA:592,0
DA:594,0
DA:602,2
DA:603,0
DA:604,0
DA:608,0
DA:609,0
DA:611,0
DA:617,2
DA:618,0
DA:619,0
DA:625,0
DA:631,0
DA:632,0
DA:634,0
DA:640,2
DA:641,0
DA:642,0
DA:643,0
DA:647,0
DA:648,0
DA:653,0
DA:655,0
LF:222
LH:57
BRDA:33,0,0,1
BRDA:33,0,1,1
BRDA:43,1,0,1
BRDA:43,1,1,0
BRDA:91,2,0,0
BRDA:91,2,1,0
BRDA:101,3,0,0
BRDA:101,3,1,0
BRDA:134,4,0,0
BRDA:134,4,1,0
BRDA:136,5,0,0
BRDA:136,5,1,0
BRDA:136,6,0,0
BRDA:136,6,1,0
BRDA:189,7,0,0
BRDA:189,7,1,1
BRDA:222,8,0,0
BRDA:222,8,1,0
BRDA:242,9,0,0
BRDA:242,9,1,0
BRDA:262,10,0,0
BRDA:262,10,1,0
BRDA:276,11,0,0
BRDA:276,11,1,0
BRDA:285,12,0,0
BRDA:285,12,1,0
BRDA:336,13,0,0
BRDA:336,13,1,1
BRDA:355,14,0,0
BRDA:355,14,1,0
BRDA:375,15,0,0
BRDA:375,15,1,0
BRDA:377,16,0,0
BRDA:377,16,1,0
BRDA:378,17,0,0
BRDA:378,17,1,0
BRDA:379,18,0,0
BRDA:379,18,1,0
BRDA:419,19,0,0
BRDA:419,19,1,0
BRDA:436,20,0,0
BRDA:436,20,1,0
BRDA:454,21,0,0
BRDA:454,21,1,0
BRDA:472,22,0,0
BRDA:472,22,1,0
BRDA:491,23,0,0
BRDA:491,23,1,0
BRDA:510,24,0,0
BRDA:510,24,1,0
BRDA:531,25,0,0
BRDA:531,25,1,0
BRDA:552,26,0,0
BRDA:552,26,1,0
BRDA:570,27,0,0
BRDA:570,27,1,0
BRDA:591,28,0,0
BRDA:591,28,1,0
BRDA:608,29,0,0
BRDA:608,29,1,0
BRDA:620,30,0,0
BRDA:620,30,1,0
BRDA:631,31,0,0
BRDA:631,31,1,0
BRDA:647,32,0,0
BRDA:647,32,1,0
BRF:66
BRH:5
end_of_record
TN:
SF:src\models\userModel.js
FN:7,(anonymous_0)
FN:9,(anonymous_1)
FN:19,(anonymous_2)
FN:31,(anonymous_3)
FN:34,(anonymous_4)
FN:38,(anonymous_5)
FN:50,(anonymous_6)
FN:51,(anonymous_7)
FN:55,(anonymous_8)
FN:68,(anonymous_9)
FN:87,(anonymous_10)
FN:88,(anonymous_11)
FN:103,(anonymous_12)
FN:104,(anonymous_13)
FN:106,(anonymous_14)
FN:115,(anonymous_15)
FN:116,(anonymous_16)
FN:118,(anonymous_17)
FN:127,(anonymous_18)
FN:128,(anonymous_19)
FN:130,(anonymous_20)
FN:141,(anonymous_21)
FN:145,(anonymous_22)
FN:149,(anonymous_23)
FN:162,(anonymous_24)
FN:167,(anonymous_25)
FN:171,(anonymous_26)
FN:186,(anonymous_27)
FN:192,(anonymous_28)
FN:196,(anonymous_29)
FN:211,(anonymous_30)
FN:213,(anonymous_31)
FN:217,(anonymous_32)
FN:234,(anonymous_33)
FN:236,(anonymous_34)
FN:240,(anonymous_35)
FN:255,(anonymous_36)
FN:257,(anonymous_37)
FN:260,(anonymous_38)
FN:272,(anonymous_39)
FN:274,(anonymous_40)
FN:277,(anonymous_41)
FN:291,(anonymous_42)
FN:293,(anonymous_43)
FN:296,(anonymous_44)
FN:310,(anonymous_45)
FN:312,(anonymous_46)
FN:315,(anonymous_47)
FN:334,(anonymous_48)
FN:336,(anonymous_49)
FN:339,(anonymous_50)
FN:351,(anonymous_51)
FN:352,(anonymous_52)
FN:356,(anonymous_53)
FN:366,(anonymous_54)
FN:367,(anonymous_55)
FN:370,(anonymous_56)
FN:379,(anonymous_57)
FN:381,(anonymous_58)
FN:382,(anonymous_59)
FN:396,(anonymous_60)
FN:398,(anonymous_61)
FN:399,(anonymous_62)
FN:414,(anonymous_63)
FN:416,(anonymous_64)
FN:478,(anonymous_65)
FN:493,(anonymous_66)
FN:496,(anonymous_67)
FN:500,(anonymous_68)
FN:513,(anonymous_69)
FN:516,(anonymous_70)
FN:520,(anonymous_71)
FN:534,(anonymous_72)
FN:536,(anonymous_73)
FN:540,(anonymous_74)
FNF:75
FNH:21
FNDA:2,(anonymous_0)
FNDA:2,(anonymous_1)
FNDA:2,(anonymous_2)
FNDA:0,(anonymous_3)
FNDA:0,(anonymous_4)
FNDA:0,(anonymous_5)
FNDA:3,(anonymous_6)
FNDA:3,(anonymous_7)
FNDA:3,(anonymous_8)
FNDA:2,(anonymous_9)
FNDA:2,(anonymous_10)
FNDA:2,(anonymous_11)
FNDA:0,(anonymous_12)
FNDA:0,(anonymous_13)
FNDA:0,(anonymous_14)
FNDA:0,(anonymous_15)
FNDA:0,(anonymous_16)
FNDA:0,(anonymous_17)
FNDA:2,(anonymous_18)
FNDA:2,(anonymous_19)
FNDA:2,(anonymous_20)
FNDA:0,(anonymous_21)
FNDA:0,(anonymous_22)
FNDA:0,(anonymous_23)
FNDA:1,(anonymous_24)
FNDA:1,(anonymous_25)
FNDA:1,(anonymous_26)
FNDA:0,(anonymous_27)
FNDA:0,(anonymous_28)
FNDA:0,(anonymous_29)
FNDA:1,(anonymous_30)
FNDA:1,(anonymous_31)
FNDA:1,(anonymous_32)
FNDA:0,(anonymous_33)
FNDA:0,(anonymous_34)
FNDA:0,(anonymous_35)
FNDA:0,(anonymous_36)
FNDA:0,(anonymous_37)
FNDA:0,(anonymous_38)
FNDA:0,(anonymous_39)
FNDA:0,(anonymous_40)
FNDA:0,(anonymous_41)
FNDA:0,(anonymous_42)
FNDA:0,(anonymous_43)
FNDA:0,(anonymous_44)
FNDA:0,(anonymous_45)
FNDA:0,(anonymous_46)
FNDA:0,(anonymous_47)
FNDA:0,(anonymous_48)
FNDA:0,(anonymous_49)
FNDA:0,(anonymous_50)
FNDA:0,(anonymous_51)
FNDA:0,(anonymous_52)
FNDA:0,(anonymous_53)
FNDA:0,(anonymous_54)
FNDA:0,(anonymous_55)
FNDA:0,(anonymous_56)
FNDA:0,(anonymous_57)
FNDA:0,(anonymous_58)
FNDA:0,(anonymous_59)
FNDA:0,(anonymous_60)
FNDA:0,(anonymous_61)
FNDA:0,(anonymous_62)
FNDA:1,(anonymous_63)
FNDA:1,(anonymous_64)
FNDA:1,(anonymous_65)
FNDA:0,(anonymous_66)
FNDA:0,(anonymous_67)
FNDA:0,(anonymous_68)
FNDA:0,(anonymous_69)
FNDA:0,(anonymous_70)
FNDA:0,(anonymous_71)
FNDA:0,(anonymous_72)
FNDA:0,(anonymous_73)
FNDA:0,(anonymous_74)
DA:5,2
DA:7,2
DA:8,2
DA:9,2
DA:10,2
DA:20,2
DA:21,1
DA:25,1
DA:27,1
DA:31,2
DA:33,0
DA:34,0
DA:35,0
DA:39,0
DA:40,0
DA:44,0
DA:46,0
DA:50,2
DA:51,3
DA:52,3
DA:56,3
DA:57,1
DA:59,2
DA:68,2
DA:76,2
DA:77,2
DA:79,2
DA:87,2
DA:88,2
DA:89,2
DA:90,1
DA:92,1
DA:97,1
DA:103,2
DA:104,0
DA:106,0
DA:107,0
DA:108,0
DA:110,0
DA:115,2
DA:116,0
DA:118,0
DA:119,0
DA:120,0
DA:122,0
DA:127,2
DA:128,2
DA:130,2
DA:131,2
DA:132,0
DA:134,2
DA:141,2
DA:142,0
DA:144,0
DA:145,0
DA:146,0
DA:150,0
DA:151,0
DA:153,0
DA:158,0
DA:162,2
DA:163,1
DA:165,1
DA:167,1
DA:168,1
DA:172,1
DA:173,0
DA:175,1
DA:179,1
DA:181,0
DA:186,2
DA:187,0
DA:190,0
DA:192,0
DA:193,0
DA:197,0
DA:198,0
DA:200,0
DA:204,0
DA:206,0
DA:211,2
DA:212,1
DA:213,1
DA:214,1
DA:218,1
DA:219,0
DA:221,1
DA:226,1
DA:228,0
DA:234,2
DA:235,0
DA:236,0
DA:237,0
DA:241,0
DA:242,0
DA:244,0
DA:249,0
DA:251,0
DA:255,2
DA:256,0
DA:257,0
DA:258,0
DA:261,0
DA:262,0
DA:266,0
DA:268,0
DA:272,2
DA:273,0
DA:274,0
DA:275,0
DA:278,0
DA:279,0
DA:281,0
DA:285,0
DA:287,0
DA:291,2
DA:292,0
DA:293,0
DA:294,0
DA:297,0
DA:298,0
DA:300,0
DA:304,0
DA:306,0
DA:310,2
DA:311,0
DA:312,0
DA:313,0
DA:316,0
DA:317,0
DA:319,0
DA:320,0
DA:322,0
DA:328,0
DA:330,0
DA:334,2
DA:335,0
DA:336,0
DA:337,0
DA:340,0
DA:341,0
DA:347,0
DA:351,2
DA:352,0
DA:353,0
DA:357,0
DA:358,0
DA:360,0
DA:361,0
DA:366,2
DA:367,0
DA:368,0
DA:371,0
DA:372,0
DA:374,0
DA:379,2
DA:380,0
DA:381,0
DA:382,0
DA:383,0
DA:384,0
DA:386,0
DA:390,0
DA:392,0
DA:396,2
DA:397,0
DA:398,0
DA:399,0
DA:400,0
DA:401,0
DA:403,0
DA:407,0
DA:409,0
DA:414,2
DA:415,1
DA:416,1
DA:417,1
DA:479,1
DA:480,0
DA:482,1
DA:487,1
DA:489,0
DA:493,2
DA:494,0
DA:495,0
DA:496,0
DA:497,0
DA:501,0
DA:502,0
DA:504,0
DA:509,0
DA:513,2
DA:514,0
DA:516,0
DA:517,0
DA:521,0
DA:522,0
DA:524,0
DA:531,0
DA:534,2
DA:535,0
DA:536,0
DA:537,0
DA:541,0
DA:542,0
DA:544,0
DA:551,0
LF:207
LH:70
BRDA:20,0,0,1
BRDA:20,0,1,1
BRDA:39,1,0,0
BRDA:39,1,1,0
BRDA:56,2,0,1
BRDA:56,2,1,2
BRDA:89,3,0,1
BRDA:89,3,1,1
BRDA:107,4,0,0
BRDA:107,4,1,0
BRDA:119,5,0,0
BRDA:119,5,1,0
BRDA:122,6,0,0
BRDA:122,6,1,0
BRDA:131,7,0,0
BRDA:131,7,1,2
BRDA:134,8,0,1
BRDA:134,8,1,1
BRDA:150,9,0,0
BRDA:150,9,1,0
BRDA:172,10,0,0
BRDA:172,10,1,1
BRDA:197,11,0,0
BRDA:197,11,1,0
BRDA:218,12,0,0
BRDA:218,12,1,1
BRDA:241,13,0,0
BRDA:241,13,1,0
BRDA:261,14,0,0
BRDA:261,14,1,0
BRDA:278,15,0,0
BRDA:278,15,1,0
BRDA:297,16,0,0
BRDA:297,16,1,0
BRDA:316,17,0,0
BRDA:316,17,1,0
BRDA:319,18,0,0
BRDA:319,18,1,0
BRDA:340,19,0,0
BRDA:340,19,1,0
BRDA:357,20,0,0
BRDA:357,20,1,0
BRDA:371,21,0,0
BRDA:371,21,1,0
BRDA:383,22,0,0
BRDA:383,22,1,0
BRDA:400,23,0,0
BRDA:400,23,1,0
BRDA:479,24,0,0
BRDA:479,24,1,1
BRDA:501,25,0,0
BRDA:501,25,1,0
BRDA:521,26,0,0
BRDA:521,26,1,0
BRDA:541,27,0,0
BRDA:541,27,1,0
BRF:56
BRH:12
end_of_record
TN:
SF:src\test\controllers\test.constants.js
FNF:0
FNH:0
DA:1,4
DA:9,4
DA:12,4
DA:15,4
DA:21,4
DA:28,4
DA:31,4
DA:37,4
DA:43,4
DA:50,4
DA:54,4
DA:60,4
DA:65,4
DA:69,4
DA:74,4
DA:81,4
DA:86,4
DA:107,4
DA:114,4
DA:121,4
DA:125,4
DA:130,4
DA:134,4
DA:143,4
DA:151,4
DA:156,4
DA:162,4
DA:169,4
DA:174,4
DA:181,4
DA:185,4
DA:190,4
DA:194,4
DA:201,4
DA:208,4
DA:215,4
DA:223,4
DA:228,4
DA:232,4
DA:234,4
DA:236,4
DA:247,4
DA:251,4
DA:256,4
DA:265,4
DA:271,4
DA:279,4
DA:284,4
DA:288,4
DA:292,4
DA:297,4
DA:301,4
DA:305,4
DA:309,4
DA:313,4
DA:315,4
DA:319,4
DA:325,4
DA:329,4
DA:331,4
DA:343,4
DA:348,4
DA:361,4
DA:367,4
DA:380,4
DA:384,4
DA:400,4
DA:421,4
DA:437,4
DA:439,4
DA:441,4
DA:443,4
DA:445,4
DA:447,4
DA:449,4
DA:451,4
LF:76
LH:76
BRF:0
BRH:0
end_of_record
TN:
SF:src\test\models\test.model.constants.js
FNF:0
FNH:0
DA:1,4
DA:4,4
DA:8,4
DA:16,4
DA:18,4
DA:20,4
DA:25,4
DA:30,4
DA:32,4
DA:37,4
DA:39,4
DA:45,4
DA:51,4
DA:53,4
DA:63,4
DA:74,4
DA:87,4
DA:125,4
DA:129,4
DA:141,4
LF:20
LH:20
BRF:0
BRH:0
end_of_record
